<?xml version="1.0" encoding="UTF-8"?>
<robot generator="Robot 6.1.1 (Python 3.13.0 on win32)" generated="20260221 22:31:07.172" rpa="false" schemaversion="4">
<suite id="s1" name="Tests" source="C:\Users\abhir\PycharmProjects\Wipro_2026\robot_framework_capstone_oldoriginal\tests">
<suite id="s1-s1" name="Tc01 Register Login" source="C:\Users\abhir\PycharmProjects\Wipro_2026\robot_framework_capstone_oldoriginal\tests\tc01_register_login.robot">
<kw name="Open Site" library="common" type="SETUP">
<kw name="Open Browser" library="SeleniumLibrary">
<arg>${BASE_URL}</arg>
<arg>${BROWSER}</arg>
<doc>Opens a new browser instance to the optional ``url``.</doc>
<msg timestamp="20260221 22:31:07.713" level="INFO">Opening browser 'chrome' to base url 'https://ecommerce-playground.lambdatest.io/index.php'.</msg>
<status status="PASS" starttime="20260221 22:31:07.712" endtime="20260221 22:31:16.380"/>
</kw>
<kw name="Maximize Browser Window" library="SeleniumLibrary">
<doc>Maximizes current browser window.</doc>
<status status="PASS" starttime="20260221 22:31:16.380" endtime="20260221 22:31:16.536"/>
</kw>
<kw name="Set Selenium Timeout" library="SeleniumLibrary">
<arg>10s</arg>
<doc>Sets the timeout that is used by various keywords.</doc>
<status status="PASS" starttime="20260221 22:31:16.537" endtime="20260221 22:31:16.541"/>
</kw>
<status status="PASS" starttime="20260221 22:31:07.712" endtime="20260221 22:31:16.541"/>
</kw>
<test id="s1-s1-t1" name="Register User With CSV for user Abhi Ram" line="18">
<kw name="Registration">
<arg>Abhi</arg>
<arg>Ram</arg>
<arg>9876543210</arg>
<arg>Test@123</arg>
<kw name="Register New User" library="register_keywords">
<kw name="Go To" library="SeleniumLibrary">
<arg>${BASE_URL}</arg>
<doc>Navigates the current browser window to the provided ``url``.</doc>
<msg timestamp="20260221 22:31:16.548" level="INFO">Opening url 'https://ecommerce-playground.lambdatest.io/index.php'</msg>
<status status="PASS" starttime="20260221 22:31:16.547" endtime="20260221 22:31:17.472"/>
</kw>
<kw name="Title Should Be" library="SeleniumLibrary">
<arg>Your Store</arg>
<doc>Verifies that the current page title equals ``title``.</doc>
<msg timestamp="20260221 22:31:17.553" level="INFO">Page title is 'Your Store'.</msg>
<status status="PASS" starttime="20260221 22:31:17.472" endtime="20260221 22:31:17.553"/>
</kw>
<kw name="Page Should Contain" library="SeleniumLibrary">
<arg>My account</arg>
<doc>Verifies that current page contains ``text``.</doc>
<msg timestamp="20260221 22:31:17.589" level="INFO">Current page contains text 'My account'.</msg>
<status status="PASS" starttime="20260221 22:31:17.553" endtime="20260221 22:31:17.589"/>
</kw>
<kw name="Wait Until Element Is Visible" library="SeleniumLibrary">
<arg>${MY_ACCOUNT_MENU}</arg>
<doc>Waits until the element ``locator`` is visible.</doc>
<status status="PASS" starttime="20260221 22:31:17.589" endtime="20260221 22:31:17.638"/>
</kw>
<kw name="Click Element" library="SeleniumLibrary">
<arg>${MY_ACCOUNT_MENU}</arg>
<doc>Click the element identified by ``locator``.</doc>
<msg timestamp="20260221 22:31:17.639" level="INFO">Clicking element 'xpath=//a[contains(@href,"route=account/account") and contains(@class,"dropdown-toggle")]'.</msg>
<status status="PASS" starttime="20260221 22:31:17.638" endtime="20260221 22:31:23.579"/>
</kw>
<kw name="Sleep" library="BuiltIn">
<arg>1s</arg>
<doc>Pauses the test executed for the given time.</doc>
<msg timestamp="20260221 22:31:24.580" level="INFO">Slept 1 second</msg>
<status status="PASS" starttime="20260221 22:31:23.579" endtime="20260221 22:31:24.580"/>
</kw>
<kw name="Wait Until Element Is Visible" library="SeleniumLibrary">
<arg>${REGISTER_LINK}</arg>
<doc>Waits until the element ``locator`` is visible.</doc>
<status status="PASS" starttime="20260221 22:31:24.580" endtime="20260221 22:31:24.613"/>
</kw>
<kw name="Click Element" library="SeleniumLibrary">
<arg>${REGISTER_LINK}</arg>
<doc>Click the element identified by ``locator``.</doc>
<msg timestamp="20260221 22:31:24.615" level="INFO">Clicking element 'xpath=//a[contains(@href,"route=account/register") and contains(text(),"Register")]'.</msg>
<status status="PASS" starttime="20260221 22:31:24.614" endtime="20260221 22:31:29.866"/>
</kw>
<kw name="Wait Until Page Contains" library="SeleniumLibrary">
<arg>Register Account</arg>
<doc>Waits until ``text`` appears on the current page.</doc>
<status status="PASS" starttime="20260221 22:31:29.866" endtime="20260221 22:31:29.933"/>
</kw>
<kw name="Location Should Contain" library="SeleniumLibrary">
<arg>route=account/register</arg>
<doc>Verifies that the current URL contains ``expected``.</doc>
<msg timestamp="20260221 22:31:29.968" level="INFO">Current location contains 'route=account/register'.</msg>
<status status="PASS" starttime="20260221 22:31:29.934" endtime="20260221 22:31:29.968"/>
</kw>
<status status="PASS" starttime="20260221 22:31:16.547" endtime="20260221 22:31:29.968"/>
</kw>
<kw name="input firstname" library="register_keywords">
<arg>${firstname}</arg>
<kw name="Input Text" library="SeleniumLibrary">
<arg>${FIRSTNAME_INPUT}</arg>
<arg>${firstname}</arg>
<doc>Types the given ``text`` into the text field identified by ``locator``.</doc>
<msg timestamp="20260221 22:31:29.969" level="INFO">Typing text 'Abhi' into text field 'id=input-firstname'.</msg>
<status status="PASS" starttime="20260221 22:31:29.969" endtime="20260221 22:31:30.119"/>
</kw>
<status status="PASS" starttime="20260221 22:31:29.968" endtime="20260221 22:31:30.119"/>
</kw>
<kw name="input lastname" library="register_keywords">
<arg>${lastname}</arg>
<kw name="Input Text" library="SeleniumLibrary">
<arg>${LASTNAME_INPUT}</arg>
<arg>${lastname}</arg>
<doc>Types the given ``text`` into the text field identified by ``locator``.</doc>
<msg timestamp="20260221 22:31:30.121" level="INFO">Typing text 'Ram' into text field 'id=input-lastname'.</msg>
<status status="PASS" starttime="20260221 22:31:30.120" endtime="20260221 22:31:30.230"/>
</kw>
<status status="PASS" starttime="20260221 22:31:30.120" endtime="20260221 22:31:30.230"/>
</kw>
<kw name="input email" library="register_keywords">
<kw name="Generate Unique Email" library="email_generator">
<kw name="Generate Random String" library="String">
<var>${random}</var>
<arg>4</arg>
<arg>0123456789</arg>
<doc>Generates a string with a desired ``length`` from the given ``chars``.</doc>
<msg timestamp="20260221 22:31:30.232" level="INFO">${random} = 0419</msg>
<status status="PASS" starttime="20260221 22:31:30.231" endtime="20260221 22:31:30.232"/>
</kw>
<kw name="Set Variable" library="BuiltIn">
<var>${email}</var>
<arg>test_user_${random}@gmail.com</arg>
<doc>Returns the given values which can then be assigned to a variables.</doc>
<msg timestamp="20260221 22:31:30.232" level="INFO">${email} = test_user_0419@gmail.com</msg>
<status status="PASS" starttime="20260221 22:31:30.232" endtime="20260221 22:31:30.232"/>
</kw>
<kw name="Set Suite Variable" library="BuiltIn">
<arg>${EMAIL}</arg>
<arg>${email}</arg>
<doc>Makes a variable available everywhere within the scope of the current suite.</doc>
<msg timestamp="20260221 22:31:30.233" level="INFO">${EMAIL} = test_user_0419@gmail.com</msg>
<status status="PASS" starttime="20260221 22:31:30.233" endtime="20260221 22:31:30.233"/>
</kw>
<kw name="Log To Console" library="BuiltIn">
<arg>Dynamic Email Generated: ${EMAIL}</arg>
<doc>Logs the given message to the console.</doc>
<status status="PASS" starttime="20260221 22:31:30.233" endtime="20260221 22:31:30.233"/>
</kw>
<status status="PASS" starttime="20260221 22:31:30.231" endtime="20260221 22:31:30.233"/>
</kw>
<kw name="Log To Console" library="BuiltIn">
<arg>Registering with Email: ${EMAIL}</arg>
<doc>Logs the given message to the console.</doc>
<status status="PASS" starttime="20260221 22:31:30.234" endtime="20260221 22:31:30.234"/>
</kw>
<kw name="Input Text" library="SeleniumLibrary">
<arg>${EMAIL_INPUT}</arg>
<arg>${EMAIL}</arg>
<doc>Types the given ``text`` into the text field identified by ``locator``.</doc>
<msg timestamp="20260221 22:31:30.235" level="INFO">Typing text 'test_user_0419@gmail.com' into text field 'id=input-email'.</msg>
<status status="PASS" starttime="20260221 22:31:30.234" endtime="20260221 22:31:30.390"/>
</kw>
<status status="PASS" starttime="20260221 22:31:30.231" endtime="20260221 22:31:30.390"/>
</kw>
<kw name="input phone" library="register_keywords">
<arg>${phone}</arg>
<kw name="Input Text" library="SeleniumLibrary">
<arg>${PHONE_INPUT}</arg>
<arg>${phone}</arg>
<doc>Types the given ``text`` into the text field identified by ``locator``.</doc>
<msg timestamp="20260221 22:31:30.392" level="INFO">Typing text '9876543210' into text field 'id=input-telephone'.</msg>
<status status="PASS" starttime="20260221 22:31:30.391" endtime="20260221 22:31:30.524"/>
</kw>
<status status="PASS" starttime="20260221 22:31:30.391" endtime="20260221 22:31:30.524"/>
</kw>
<kw name="input password" library="register_keywords">
<arg>${password}</arg>
<kw name="Input Text" library="SeleniumLibrary">
<arg>${PASSWORD_INPUT}</arg>
<arg>${password}</arg>
<doc>Types the given ``text`` into the text field identified by ``locator``.</doc>
<msg timestamp="20260221 22:31:30.525" level="INFO">Typing text 'Test@123' into text field 'id=input-password'.</msg>
<status status="PASS" starttime="20260221 22:31:30.525" endtime="20260221 22:31:30.649"/>
</kw>
<kw name="Input Text" library="SeleniumLibrary">
<arg>${CONFIRM_INPUT}</arg>
<arg>${password}</arg>
<doc>Types the given ``text`` into the text field identified by ``locator``.</doc>
<msg timestamp="20260221 22:31:30.650" level="INFO">Typing text 'Test@123' into text field 'id=input-confirm'.</msg>
<status status="PASS" starttime="20260221 22:31:30.650" endtime="20260221 22:31:30.764"/>
</kw>
<kw name="Textfield Value Should Be" library="SeleniumLibrary">
<arg>${CONFIRM_INPUT}</arg>
<arg>${password}</arg>
<doc>Verifies text field ``locator`` has exactly text ``expected``.</doc>
<msg timestamp="20260221 22:31:30.811" level="INFO">Content of text field 'id=input-confirm' is 'Test@123'.</msg>
<status status="PASS" starttime="20260221 22:31:30.765" endtime="20260221 22:31:30.811"/>
</kw>
<status status="PASS" starttime="20260221 22:31:30.524" endtime="20260221 22:31:30.811"/>
</kw>
<kw name="click agree" library="register_keywords">
<kw name="Click Element" library="SeleniumLibrary">
<arg>${AGREE_LABEL}</arg>
<doc>Click the element identified by ``locator``.</doc>
<msg timestamp="20260221 22:31:30.812" level="INFO">Clicking element 'xpath=//label[@for="input-agree"]'.</msg>
<status status="PASS" starttime="20260221 22:31:30.811" endtime="20260221 22:31:30.926"/>
</kw>
<kw name="Checkbox Should Be Selected" library="SeleniumLibrary">
<arg>id=input-agree</arg>
<doc>Verifies checkbox ``locator`` is selected/checked.</doc>
<msg timestamp="20260221 22:31:30.927" level="INFO">Verifying checkbox 'id=input-agree' is selected.</msg>
<status status="PASS" starttime="20260221 22:31:30.926" endtime="20260221 22:31:30.986"/>
</kw>
<status status="PASS" starttime="20260221 22:31:30.811" endtime="20260221 22:31:30.987"/>
</kw>
<kw name="click continue" library="register_keywords">
<kw name="Scroll Element Into View" library="SeleniumLibrary">
<arg>${CONTINUE_BUTTON}</arg>
<doc>Scrolls the element identified by ``locator`` into view.</doc>
<status status="PASS" starttime="20260221 22:31:30.987" endtime="20260221 22:31:31.293"/>
</kw>
<kw name="Click Button" library="SeleniumLibrary">
<arg>${CONTINUE_BUTTON}</arg>
<doc>Clicks the button identified by ``locator``.</doc>
<msg timestamp="20260221 22:31:31.295" level="INFO">Clicking button 'css=input.btn.btn-primary[type="submit"][value="Continue"]'.</msg>
<status status="PASS" starttime="20260221 22:31:31.294" endtime="20260221 22:31:35.507"/>
</kw>
<kw name="Wait Until Element Is Visible" library="SeleniumLibrary">
<arg>${SUCCESS_TEXT}</arg>
<doc>Waits until the element ``locator`` is visible.</doc>
<status status="PASS" starttime="20260221 22:31:35.507" endtime="20260221 22:31:35.540"/>
</kw>
<kw name="Page Should Contain" library="SeleniumLibrary">
<arg>Your Account Has Been Created</arg>
<doc>Verifies that current page contains ``text``.</doc>
<msg timestamp="20260221 22:31:35.568" level="INFO">Current page contains text 'Your Account Has Been Created'.</msg>
<status status="PASS" starttime="20260221 22:31:35.541" endtime="20260221 22:31:35.568"/>
</kw>
<kw name="Log To Console" library="BuiltIn">
<arg>Registration Completed Successfully for ${firstname}</arg>
<doc>Logs the given message to the console.</doc>
<status status="PASS" starttime="20260221 22:31:35.568" endtime="20260221 22:31:35.569"/>
</kw>
<status status="PASS" starttime="20260221 22:31:30.987" endtime="20260221 22:31:35.569"/>
</kw>
<kw name="click logout" library="register_keywords">
<kw name="Logout User Successfully" library="logout_keywords">
<kw name="Wait Until Element Is Visible" library="SeleniumLibrary">
<arg>${MY_ACCOUNT_MENU}</arg>
<doc>Waits until the element ``locator`` is visible.</doc>
<status status="PASS" starttime="20260221 22:31:35.570" endtime="20260221 22:31:35.622"/>
</kw>
<kw name="Click Element" library="SeleniumLibrary">
<arg>${MY_ACCOUNT_MENU}</arg>
<doc>Click the element identified by ``locator``.</doc>
<msg timestamp="20260221 22:31:35.623" level="INFO">Clicking element 'xpath=//a[contains(@href,"route=account/account") and contains(@class,"dropdown-toggle")]'.</msg>
<status status="PASS" starttime="20260221 22:31:35.622" endtime="20260221 22:31:37.082"/>
</kw>
<kw name="Sleep" library="BuiltIn">
<arg>1s</arg>
<doc>Pauses the test executed for the given time.</doc>
<msg timestamp="20260221 22:31:38.083" level="INFO">Slept 1 second</msg>
<status status="PASS" starttime="20260221 22:31:37.082" endtime="20260221 22:31:38.083"/>
</kw>
<kw name="Wait Until Element Is Visible" library="SeleniumLibrary">
<arg>${LOGOUT_LINK}</arg>
<doc>Waits until the element ``locator`` is visible.</doc>
<status status="PASS" starttime="20260221 22:31:38.084" endtime="20260221 22:31:38.154"/>
</kw>
<kw name="Element Should Be Visible" library="SeleniumLibrary">
<arg>${LOGOUT_LINK}</arg>
<doc>Verifies that the element identified by ``locator`` is visible.</doc>
<msg timestamp="20260221 22:31:38.184" level="INFO">Element 'xpath=//a[contains(@href,"route=account/logout") and contains(text(),"Logout")]' is displayed.</msg>
<status status="PASS" starttime="20260221 22:31:38.154" endtime="20260221 22:31:38.184"/>
</kw>
<kw name="Click Element" library="SeleniumLibrary">
<arg>${LOGOUT_LINK}</arg>
<doc>Click the element identified by ``locator``.</doc>
<msg timestamp="20260221 22:31:38.185" level="INFO">Clicking element 'xpath=//a[contains(@href,"route=account/logout") and contains(text(),"Logout")]'.</msg>
<status status="PASS" starttime="20260221 22:31:38.184" endtime="20260221 22:31:41.454"/>
</kw>
<kw name="Wait Until Element Is Visible" library="SeleniumLibrary">
<arg>${LOGOUT_TEXT}</arg>
<doc>Waits until the element ``locator`` is visible.</doc>
<status status="PASS" starttime="20260221 22:31:41.454" endtime="20260221 22:31:41.556"/>
</kw>
<kw name="Element Should Be Visible" library="SeleniumLibrary">
<arg>${LOGOUT_TEXT}</arg>
<doc>Verifies that the element identified by ``locator`` is visible.</doc>
<msg timestamp="20260221 22:31:41.590" level="INFO">Element 'xpath=//h1[contains(text(),"Account Logout")]' is displayed.</msg>
<status status="PASS" starttime="20260221 22:31:41.556" endtime="20260221 22:31:41.590"/>
</kw>
<kw name="Page Should Contain" library="SeleniumLibrary">
<arg>Account Logout</arg>
<doc>Verifies that current page contains ``text``.</doc>
<msg timestamp="20260221 22:31:41.614" level="INFO">Current page contains text 'Account Logout'.</msg>
<status status="PASS" starttime="20260221 22:31:41.590" endtime="20260221 22:31:41.614"/>
</kw>
<kw name="Location Should Contain" library="SeleniumLibrary">
<arg>route=account/logout</arg>
<doc>Verifies that the current URL contains ``expected``.</doc>
<msg timestamp="20260221 22:31:41.626" level="INFO">Current location contains 'route=account/logout'.</msg>
<status status="PASS" starttime="20260221 22:31:41.614" endtime="20260221 22:31:41.626"/>
</kw>
<kw name="Log To Console" library="BuiltIn">
<arg>Logout Completed Successfully</arg>
<doc>Logs the given message to the console.</doc>
<status status="PASS" starttime="20260221 22:31:41.626" endtime="20260221 22:31:41.628"/>
</kw>
<status status="PASS" starttime="20260221 22:31:35.570" endtime="20260221 22:31:41.628"/>
</kw>
<status status="PASS" starttime="20260221 22:31:35.569" endtime="20260221 22:31:41.628"/>
</kw>
<kw name="Login User Successfully" library="login_keywords">
<arg>${password}</arg>
<kw name="Go To" library="SeleniumLibrary">
<arg>${BASE_URL}</arg>
<doc>Navigates the current browser window to the provided ``url``.</doc>
<msg timestamp="20260221 22:31:41.629" level="INFO">Opening url 'https://ecommerce-playground.lambdatest.io/index.php'</msg>
<status status="PASS" starttime="20260221 22:31:41.628" endtime="20260221 22:31:42.316"/>
</kw>
<kw name="Page Should Contain" library="SeleniumLibrary">
<arg>My account</arg>
<doc>Verifies that current page contains ``text``.</doc>
<msg timestamp="20260221 22:31:42.470" level="INFO">Current page contains text 'My account'.</msg>
<status status="PASS" starttime="20260221 22:31:42.317" endtime="20260221 22:31:42.470"/>
</kw>
<kw name="Wait Until Element Is Visible" library="SeleniumLibrary">
<arg>${MY_ACCOUNT_MENU}</arg>
<doc>Waits until the element ``locator`` is visible.</doc>
<status status="PASS" starttime="20260221 22:31:42.471" endtime="20260221 22:31:42.504"/>
</kw>
<kw name="Click Element" library="SeleniumLibrary">
<arg>${MY_ACCOUNT_MENU}</arg>
<doc>Click the element identified by ``locator``.</doc>
<msg timestamp="20260221 22:31:42.505" level="INFO">Clicking element 'xpath=//a[contains(@href,"route=account/account") and contains(@class,"dropdown-toggle")]'.</msg>
<status status="PASS" starttime="20260221 22:31:42.504" endtime="20260221 22:31:44.265"/>
</kw>
<kw name="Sleep" library="BuiltIn">
<arg>1s</arg>
<doc>Pauses the test executed for the given time.</doc>
<msg timestamp="20260221 22:31:45.266" level="INFO">Slept 1 second</msg>
<status status="PASS" starttime="20260221 22:31:44.265" endtime="20260221 22:31:45.266"/>
</kw>
<kw name="Wait Until Element Is Visible" library="SeleniumLibrary">
<arg>${LOGIN_LINK}</arg>
<doc>Waits until the element ``locator`` is visible.</doc>
<status status="PASS" starttime="20260221 22:31:45.267" endtime="20260221 22:31:45.296"/>
</kw>
<kw name="Click Element" library="SeleniumLibrary">
<arg>${LOGIN_LINK}</arg>
<doc>Click the element identified by ``locator``.</doc>
<msg timestamp="20260221 22:31:45.297" level="INFO">Clicking element 'xpath=//a[contains(@href,"route=account/login") and contains(text(),"Login")]'.</msg>
<status status="PASS" starttime="20260221 22:31:45.296" endtime="20260221 22:31:46.084"/>
</kw>
<kw name="Wait Until Page Contains" library="SeleniumLibrary">
<arg>Account Login</arg>
<doc>Waits until ``text`` appears on the current page.</doc>
<status status="PASS" starttime="20260221 22:31:46.084" endtime="20260221 22:31:46.102"/>
</kw>
<kw name="Location Should Contain" library="SeleniumLibrary">
<arg>route=account/login</arg>
<doc>Verifies that the current URL contains ``expected``.</doc>
<msg timestamp="20260221 22:31:46.109" level="INFO">Current location contains 'route=account/login'.</msg>
<status status="PASS" starttime="20260221 22:31:46.102" endtime="20260221 22:31:46.110"/>
</kw>
<kw name="Log To Console" library="BuiltIn">
<arg>Logging in with Email: ${EMAIL}</arg>
<doc>Logs the given message to the console.</doc>
<status status="PASS" starttime="20260221 22:31:46.110" endtime="20260221 22:31:46.112"/>
</kw>
<kw name="Input Text" library="SeleniumLibrary">
<arg>${EMAIL_INPUT}</arg>
<arg>${EMAIL}</arg>
<doc>Types the given ``text`` into the text field identified by ``locator``.</doc>
<msg timestamp="20260221 22:31:46.113" level="INFO">Typing text 'test_user_0419@gmail.com' into text field 'id=input-email'.</msg>
<status status="PASS" starttime="20260221 22:31:46.112" endtime="20260221 22:31:46.264"/>
</kw>
<kw name="Input Text" library="SeleniumLibrary">
<arg>${PASSWORD_INPUT}</arg>
<arg>${password}</arg>
<doc>Types the given ``text`` into the text field identified by ``locator``.</doc>
<msg timestamp="20260221 22:31:46.265" level="INFO">Typing text 'Test@123' into text field 'id=input-password'.</msg>
<status status="PASS" starttime="20260221 22:31:46.265" endtime="20260221 22:31:46.372"/>
</kw>
<kw name="Click Button" library="SeleniumLibrary">
<arg>${LOGIN_BUTTON}</arg>
<doc>Clicks the button identified by ``locator``.</doc>
<msg timestamp="20260221 22:31:46.373" level="INFO">Clicking button 'css=input.btn.btn-primary[value="Login"]'.</msg>
<status status="PASS" starttime="20260221 22:31:46.372" endtime="20260221 22:31:46.489"/>
</kw>
<kw name="Wait Until Page Contains" library="SeleniumLibrary">
<arg>My Account</arg>
<doc>Waits until ``text`` appears on the current page.</doc>
<status status="PASS" starttime="20260221 22:31:46.489" endtime="20260221 22:31:47.816"/>
</kw>
<kw name="Wait Until Element Is Visible" library="SeleniumLibrary">
<arg>${MY_ACCOUNT_HEADING}</arg>
<doc>Waits until the element ``locator`` is visible.</doc>
<status status="PASS" starttime="20260221 22:31:47.816" endtime="20260221 22:31:47.846"/>
</kw>
<kw name="Page Should Contain" library="SeleniumLibrary">
<arg>My Account</arg>
<doc>Verifies that current page contains ``text``.</doc>
<msg timestamp="20260221 22:31:47.863" level="INFO">Current page contains text 'My Account'.</msg>
<status status="PASS" starttime="20260221 22:31:47.846" endtime="20260221 22:31:47.863"/>
</kw>
<kw name="Location Should Contain" library="SeleniumLibrary">
<arg>route=account/account</arg>
<doc>Verifies that the current URL contains ``expected``.</doc>
<msg timestamp="20260221 22:31:47.869" level="INFO">Current location contains 'route=account/account'.</msg>
<status status="PASS" starttime="20260221 22:31:47.863" endtime="20260221 22:31:47.869"/>
</kw>
<kw name="Log To Console" library="BuiltIn">
<arg>Login Successful After Logout</arg>
<doc>Logs the given message to the console.</doc>
<status status="PASS" starttime="20260221 22:31:47.869" endtime="20260221 22:31:47.869"/>
</kw>
<status status="PASS" starttime="20260221 22:31:41.628" endtime="20260221 22:31:47.869"/>
</kw>
<kw name="click logout" library="register_keywords">
<kw name="Logout User Successfully" library="logout_keywords">
<kw name="Wait Until Element Is Visible" library="SeleniumLibrary">
<arg>${MY_ACCOUNT_MENU}</arg>
<doc>Waits until the element ``locator`` is visible.</doc>
<status status="PASS" starttime="20260221 22:31:47.870" endtime="20260221 22:31:47.894"/>
</kw>
<kw name="Click Element" library="SeleniumLibrary">
<arg>${MY_ACCOUNT_MENU}</arg>
<doc>Click the element identified by ``locator``.</doc>
<msg timestamp="20260221 22:31:47.896" level="INFO">Clicking element 'xpath=//a[contains(@href,"route=account/account") and contains(@class,"dropdown-toggle")]'.</msg>
<status status="PASS" starttime="20260221 22:31:47.895" endtime="20260221 22:31:49.882"/>
</kw>
<kw name="Sleep" library="BuiltIn">
<arg>1s</arg>
<doc>Pauses the test executed for the given time.</doc>
<msg timestamp="20260221 22:31:50.882" level="INFO">Slept 1 second</msg>
<status status="PASS" starttime="20260221 22:31:49.882" endtime="20260221 22:31:50.883"/>
</kw>
<kw name="Wait Until Element Is Visible" library="SeleniumLibrary">
<arg>${LOGOUT_LINK}</arg>
<doc>Waits until the element ``locator`` is visible.</doc>
<status status="PASS" starttime="20260221 22:31:50.883" endtime="20260221 22:31:50.916"/>
</kw>
<kw name="Element Should Be Visible" library="SeleniumLibrary">
<arg>${LOGOUT_LINK}</arg>
<doc>Verifies that the element identified by ``locator`` is visible.</doc>
<msg timestamp="20260221 22:31:50.940" level="INFO">Element 'xpath=//a[contains(@href,"route=account/logout") and contains(text(),"Logout")]' is displayed.</msg>
<status status="PASS" starttime="20260221 22:31:50.916" endtime="20260221 22:31:50.941"/>
</kw>
<kw name="Click Element" library="SeleniumLibrary">
<arg>${LOGOUT_LINK}</arg>
<doc>Click the element identified by ``locator``.</doc>
<msg timestamp="20260221 22:31:50.942" level="INFO">Clicking element 'xpath=//a[contains(@href,"route=account/logout") and contains(text(),"Logout")]'.</msg>
<status status="PASS" starttime="20260221 22:31:50.941" endtime="20260221 22:31:52.113"/>
</kw>
<kw name="Wait Until Element Is Visible" library="SeleniumLibrary">
<arg>${LOGOUT_TEXT}</arg>
<doc>Waits until the element ``locator`` is visible.</doc>
<status status="PASS" starttime="20260221 22:31:52.114" endtime="20260221 22:31:52.163"/>
</kw>
<kw name="Element Should Be Visible" library="SeleniumLibrary">
<arg>${LOGOUT_TEXT}</arg>
<doc>Verifies that the element identified by ``locator`` is visible.</doc>
<msg timestamp="20260221 22:31:52.191" level="INFO">Element 'xpath=//h1[contains(text(),"Account Logout")]' is displayed.</msg>
<status status="PASS" starttime="20260221 22:31:52.163" endtime="20260221 22:31:52.191"/>
</kw>
<kw name="Page Should Contain" library="SeleniumLibrary">
<arg>Account Logout</arg>
<doc>Verifies that current page contains ``text``.</doc>
<msg timestamp="20260221 22:31:52.213" level="INFO">Current page contains text 'Account Logout'.</msg>
<status status="PASS" starttime="20260221 22:31:52.191" endtime="20260221 22:31:52.213"/>
</kw>
<kw name="Location Should Contain" library="SeleniumLibrary">
<arg>route=account/logout</arg>
<doc>Verifies that the current URL contains ``expected``.</doc>
<msg timestamp="20260221 22:31:52.220" level="INFO">Current location contains 'route=account/logout'.</msg>
<status status="PASS" starttime="20260221 22:31:52.213" endtime="20260221 22:31:52.221"/>
</kw>
<kw name="Log To Console" library="BuiltIn">
<arg>Logout Completed Successfully</arg>
<doc>Logs the given message to the console.</doc>
<status status="PASS" starttime="20260221 22:31:52.221" endtime="20260221 22:31:52.221"/>
</kw>
<status status="PASS" starttime="20260221 22:31:47.870" endtime="20260221 22:31:52.221"/>
</kw>
<status status="PASS" starttime="20260221 22:31:47.869" endtime="20260221 22:31:52.222"/>
</kw>
<status status="PASS" starttime="20260221 22:31:16.545" endtime="20260221 22:31:52.222"/>
</kw>
<kw name="Capture Screenshot On Failure" library="common" type="TEARDOWN">
<kw name="Run Keyword If Test Failed" library="BuiltIn">
<arg>Capture Page Screenshot</arg>
<doc>Runs the given keyword with the given arguments, if the test failed.</doc>
<status status="PASS" starttime="20260221 22:31:52.223" endtime="20260221 22:31:52.223"/>
</kw>
<status status="PASS" starttime="20260221 22:31:52.223" endtime="20260221 22:31:52.223"/>
</kw>
<status status="PASS" starttime="20260221 22:31:16.541" endtime="20260221 22:31:52.224"/>
</test>
<test id="s1-s1-t2" name="Register User With CSV for user Ranga akash" line="18">
<kw name="Registration">
<arg>Ranga</arg>
<arg>akash</arg>
<arg>9123456789</arg>
<arg>Ranga@123</arg>
<kw name="Register New User" library="register_keywords">
<kw name="Go To" library="SeleniumLibrary">
<arg>${BASE_URL}</arg>
<doc>Navigates the current browser window to the provided ``url``.</doc>
<msg timestamp="20260221 22:31:52.230" level="INFO">Opening url 'https://ecommerce-playground.lambdatest.io/index.php'</msg>
<status status="PASS" starttime="20260221 22:31:52.230" endtime="20260221 22:31:54.706"/>
</kw>
<kw name="Title Should Be" library="SeleniumLibrary">
<arg>Your Store</arg>
<doc>Verifies that the current page title equals ``title``.</doc>
<msg timestamp="20260221 22:31:55.030" level="INFO">Page title is 'Your Store'.</msg>
<status status="PASS" starttime="20260221 22:31:54.707" endtime="20260221 22:31:55.031"/>
</kw>
<kw name="Page Should Contain" library="SeleniumLibrary">
<arg>My account</arg>
<doc>Verifies that current page contains ``text``.</doc>
<msg timestamp="20260221 22:31:55.074" level="INFO">Current page contains text 'My account'.</msg>
<status status="PASS" starttime="20260221 22:31:55.031" endtime="20260221 22:31:55.074"/>
</kw>
<kw name="Wait Until Element Is Visible" library="SeleniumLibrary">
<arg>${MY_ACCOUNT_MENU}</arg>
<doc>Waits until the element ``locator`` is visible.</doc>
<status status="PASS" starttime="20260221 22:31:55.074" endtime="20260221 22:31:55.119"/>
</kw>
<kw name="Click Element" library="SeleniumLibrary">
<arg>${MY_ACCOUNT_MENU}</arg>
<doc>Click the element identified by ``locator``.</doc>
<msg timestamp="20260221 22:31:55.121" level="INFO">Clicking element 'xpath=//a[contains(@href,"route=account/account") and contains(@class,"dropdown-toggle")]'.</msg>
<status status="PASS" starttime="20260221 22:31:55.120" endtime="20260221 22:31:56.389"/>
</kw>
<kw name="Sleep" library="BuiltIn">
<arg>1s</arg>
<doc>Pauses the test executed for the given time.</doc>
<msg timestamp="20260221 22:31:57.390" level="INFO">Slept 1 second</msg>
<status status="PASS" starttime="20260221 22:31:56.389" endtime="20260221 22:31:57.391"/>
</kw>
<kw name="Wait Until Element Is Visible" library="SeleniumLibrary">
<arg>${REGISTER_LINK}</arg>
<doc>Waits until the element ``locator`` is visible.</doc>
<status status="PASS" starttime="20260221 22:31:57.391" endtime="20260221 22:31:57.432"/>
</kw>
<kw name="Click Element" library="SeleniumLibrary">
<arg>${REGISTER_LINK}</arg>
<doc>Click the element identified by ``locator``.</doc>
<msg timestamp="20260221 22:31:57.434" level="INFO">Clicking element 'xpath=//a[contains(@href,"route=account/register") and contains(text(),"Register")]'.</msg>
<status status="PASS" starttime="20260221 22:31:57.433" endtime="20260221 22:31:59.908"/>
</kw>
<kw name="Wait Until Page Contains" library="SeleniumLibrary">
<arg>Register Account</arg>
<doc>Waits until ``text`` appears on the current page.</doc>
<status status="PASS" starttime="20260221 22:31:59.908" endtime="20260221 22:31:59.927"/>
</kw>
<kw name="Location Should Contain" library="SeleniumLibrary">
<arg>route=account/register</arg>
<doc>Verifies that the current URL contains ``expected``.</doc>
<msg timestamp="20260221 22:31:59.936" level="INFO">Current location contains 'route=account/register'.</msg>
<status status="PASS" starttime="20260221 22:31:59.927" endtime="20260221 22:31:59.936"/>
</kw>
<status status="PASS" starttime="20260221 22:31:52.230" endtime="20260221 22:31:59.936"/>
</kw>
<kw name="input firstname" library="register_keywords">
<arg>${firstname}</arg>
<kw name="Input Text" library="SeleniumLibrary">
<arg>${FIRSTNAME_INPUT}</arg>
<arg>${firstname}</arg>
<doc>Types the given ``text`` into the text field identified by ``locator``.</doc>
<msg timestamp="20260221 22:31:59.938" level="INFO">Typing text 'Ranga' into text field 'id=input-firstname'.</msg>
<status status="PASS" starttime="20260221 22:31:59.937" endtime="20260221 22:32:00.106"/>
</kw>
<status status="PASS" starttime="20260221 22:31:59.937" endtime="20260221 22:32:00.107"/>
</kw>
<kw name="input lastname" library="register_keywords">
<arg>${lastname}</arg>
<kw name="Input Text" library="SeleniumLibrary">
<arg>${LASTNAME_INPUT}</arg>
<arg>${lastname}</arg>
<doc>Types the given ``text`` into the text field identified by ``locator``.</doc>
<msg timestamp="20260221 22:32:00.109" level="INFO">Typing text 'akash' into text field 'id=input-lastname'.</msg>
<status status="PASS" starttime="20260221 22:32:00.107" endtime="20260221 22:32:00.256"/>
</kw>
<status status="PASS" starttime="20260221 22:32:00.107" endtime="20260221 22:32:00.256"/>
</kw>
<kw name="input email" library="register_keywords">
<kw name="Generate Unique Email" library="email_generator">
<kw name="Generate Random String" library="String">
<var>${random}</var>
<arg>4</arg>
<arg>0123456789</arg>
<doc>Generates a string with a desired ``length`` from the given ``chars``.</doc>
<msg timestamp="20260221 22:32:00.258" level="INFO">${random} = 5053</msg>
<status status="PASS" starttime="20260221 22:32:00.257" endtime="20260221 22:32:00.258"/>
</kw>
<kw name="Set Variable" library="BuiltIn">
<var>${email}</var>
<arg>test_user_${random}@gmail.com</arg>
<doc>Returns the given values which can then be assigned to a variables.</doc>
<msg timestamp="20260221 22:32:00.259" level="INFO">${email} = test_user_5053@gmail.com</msg>
<status status="PASS" starttime="20260221 22:32:00.258" endtime="20260221 22:32:00.259"/>
</kw>
<kw name="Set Suite Variable" library="BuiltIn">
<arg>${EMAIL}</arg>
<arg>${email}</arg>
<doc>Makes a variable available everywhere within the scope of the current suite.</doc>
<msg timestamp="20260221 22:32:00.260" level="INFO">${EMAIL} = test_user_5053@gmail.com</msg>
<status status="PASS" starttime="20260221 22:32:00.259" endtime="20260221 22:32:00.260"/>
</kw>
<kw name="Log To Console" library="BuiltIn">
<arg>Dynamic Email Generated: ${EMAIL}</arg>
<doc>Logs the given message to the console.</doc>
<status status="PASS" starttime="20260221 22:32:00.260" endtime="20260221 22:32:00.261"/>
</kw>
<status status="PASS" starttime="20260221 22:32:00.257" endtime="20260221 22:32:00.261"/>
</kw>
<kw name="Log To Console" library="BuiltIn">
<arg>Registering with Email: ${EMAIL}</arg>
<doc>Logs the given message to the console.</doc>
<status status="PASS" starttime="20260221 22:32:00.261" endtime="20260221 22:32:00.262"/>
</kw>
<kw name="Input Text" library="SeleniumLibrary">
<arg>${EMAIL_INPUT}</arg>
<arg>${EMAIL}</arg>
<doc>Types the given ``text`` into the text field identified by ``locator``.</doc>
<msg timestamp="20260221 22:32:00.263" level="INFO">Typing text 'test_user_5053@gmail.com' into text field 'id=input-email'.</msg>
<status status="PASS" starttime="20260221 22:32:00.262" endtime="20260221 22:32:00.439"/>
</kw>
<status status="PASS" starttime="20260221 22:32:00.257" endtime="20260221 22:32:00.439"/>
</kw>
<kw name="input phone" library="register_keywords">
<arg>${phone}</arg>
<kw name="Input Text" library="SeleniumLibrary">
<arg>${PHONE_INPUT}</arg>
<arg>${phone}</arg>
<doc>Types the given ``text`` into the text field identified by ``locator``.</doc>
<msg timestamp="20260221 22:32:00.441" level="INFO">Typing text '9123456789' into text field 'id=input-telephone'.</msg>
<status status="PASS" starttime="20260221 22:32:00.440" endtime="20260221 22:32:00.592"/>
</kw>
<status status="PASS" starttime="20260221 22:32:00.440" endtime="20260221 22:32:00.592"/>
</kw>
<kw name="input password" library="register_keywords">
<arg>${password}</arg>
<kw name="Input Text" library="SeleniumLibrary">
<arg>${PASSWORD_INPUT}</arg>
<arg>${password}</arg>
<doc>Types the given ``text`` into the text field identified by ``locator``.</doc>
<msg timestamp="20260221 22:32:00.595" level="INFO">Typing text 'Ranga@123' into text field 'id=input-password'.</msg>
<status status="PASS" starttime="20260221 22:32:00.593" endtime="20260221 22:32:00.770"/>
</kw>
<kw name="Input Text" library="SeleniumLibrary">
<arg>${CONFIRM_INPUT}</arg>
<arg>${password}</arg>
<doc>Types the given ``text`` into the text field identified by ``locator``.</doc>
<msg timestamp="20260221 22:32:00.771" level="INFO">Typing text 'Ranga@123' into text field 'id=input-confirm'.</msg>
<status status="PASS" starttime="20260221 22:32:00.770" endtime="20260221 22:32:00.998"/>
</kw>
<kw name="Textfield Value Should Be" library="SeleniumLibrary">
<arg>${CONFIRM_INPUT}</arg>
<arg>${password}</arg>
<doc>Verifies text field ``locator`` has exactly text ``expected``.</doc>
<msg timestamp="20260221 22:32:01.072" level="INFO">Content of text field 'id=input-confirm' is 'Ranga@123'.</msg>
<status status="PASS" starttime="20260221 22:32:00.998" endtime="20260221 22:32:01.072"/>
</kw>
<status status="PASS" starttime="20260221 22:32:00.592" endtime="20260221 22:32:01.072"/>
</kw>
<kw name="click agree" library="register_keywords">
<kw name="Click Element" library="SeleniumLibrary">
<arg>${AGREE_LABEL}</arg>
<doc>Click the element identified by ``locator``.</doc>
<msg timestamp="20260221 22:32:01.073" level="INFO">Clicking element 'xpath=//label[@for="input-agree"]'.</msg>
<status status="PASS" starttime="20260221 22:32:01.073" endtime="20260221 22:32:01.208"/>
</kw>
<kw name="Checkbox Should Be Selected" library="SeleniumLibrary">
<arg>id=input-agree</arg>
<doc>Verifies checkbox ``locator`` is selected/checked.</doc>
<msg timestamp="20260221 22:32:01.209" level="INFO">Verifying checkbox 'id=input-agree' is selected.</msg>
<status status="PASS" starttime="20260221 22:32:01.208" endtime="20260221 22:32:01.273"/>
</kw>
<status status="PASS" starttime="20260221 22:32:01.072" endtime="20260221 22:32:01.274"/>
</kw>
<kw name="click continue" library="register_keywords">
<kw name="Scroll Element Into View" library="SeleniumLibrary">
<arg>${CONTINUE_BUTTON}</arg>
<doc>Scrolls the element identified by ``locator`` into view.</doc>
<status status="PASS" starttime="20260221 22:32:01.274" endtime="20260221 22:32:01.593"/>
</kw>
<kw name="Click Button" library="SeleniumLibrary">
<arg>${CONTINUE_BUTTON}</arg>
<doc>Clicks the button identified by ``locator``.</doc>
<msg timestamp="20260221 22:32:01.594" level="INFO">Clicking button 'css=input.btn.btn-primary[type="submit"][value="Continue"]'.</msg>
<status status="PASS" starttime="20260221 22:32:01.594" endtime="20260221 22:32:03.021"/>
</kw>
<kw name="Wait Until Element Is Visible" library="SeleniumLibrary">
<arg>${SUCCESS_TEXT}</arg>
<doc>Waits until the element ``locator`` is visible.</doc>
<status status="PASS" starttime="20260221 22:32:03.021" endtime="20260221 22:32:03.057"/>
</kw>
<kw name="Page Should Contain" library="SeleniumLibrary">
<arg>Your Account Has Been Created</arg>
<doc>Verifies that current page contains ``text``.</doc>
<msg timestamp="20260221 22:32:03.080" level="INFO">Current page contains text 'Your Account Has Been Created'.</msg>
<status status="PASS" starttime="20260221 22:32:03.058" endtime="20260221 22:32:03.080"/>
</kw>
<kw name="Log To Console" library="BuiltIn">
<arg>Registration Completed Successfully for ${firstname}</arg>
<doc>Logs the given message to the console.</doc>
<status status="PASS" starttime="20260221 22:32:03.080" endtime="20260221 22:32:03.081"/>
</kw>
<status status="PASS" starttime="20260221 22:32:01.274" endtime="20260221 22:32:03.081"/>
</kw>
<kw name="click logout" library="register_keywords">
<kw name="Logout User Successfully" library="logout_keywords">
<kw name="Wait Until Element Is Visible" library="SeleniumLibrary">
<arg>${MY_ACCOUNT_MENU}</arg>
<doc>Waits until the element ``locator`` is visible.</doc>
<status status="PASS" starttime="20260221 22:32:03.082" endtime="20260221 22:32:03.126"/>
</kw>
<kw name="Click Element" library="SeleniumLibrary">
<arg>${MY_ACCOUNT_MENU}</arg>
<doc>Click the element identified by ``locator``.</doc>
<msg timestamp="20260221 22:32:03.128" level="INFO">Clicking element 'xpath=//a[contains(@href,"route=account/account") and contains(@class,"dropdown-toggle")]'.</msg>
<status status="PASS" starttime="20260221 22:32:03.127" endtime="20260221 22:32:04.854"/>
</kw>
<kw name="Sleep" library="BuiltIn">
<arg>1s</arg>
<doc>Pauses the test executed for the given time.</doc>
<msg timestamp="20260221 22:32:05.855" level="INFO">Slept 1 second</msg>
<status status="PASS" starttime="20260221 22:32:04.854" endtime="20260221 22:32:05.855"/>
</kw>
<kw name="Wait Until Element Is Visible" library="SeleniumLibrary">
<arg>${LOGOUT_LINK}</arg>
<doc>Waits until the element ``locator`` is visible.</doc>
<status status="PASS" starttime="20260221 22:32:05.856" endtime="20260221 22:32:05.891"/>
</kw>
<kw name="Element Should Be Visible" library="SeleniumLibrary">
<arg>${LOGOUT_LINK}</arg>
<doc>Verifies that the element identified by ``locator`` is visible.</doc>
<msg timestamp="20260221 22:32:05.925" level="INFO">Element 'xpath=//a[contains(@href,"route=account/logout") and contains(text(),"Logout")]' is displayed.</msg>
<status status="PASS" starttime="20260221 22:32:05.891" endtime="20260221 22:32:05.926"/>
</kw>
<kw name="Click Element" library="SeleniumLibrary">
<arg>${LOGOUT_LINK}</arg>
<doc>Click the element identified by ``locator``.</doc>
<msg timestamp="20260221 22:32:05.927" level="INFO">Clicking element 'xpath=//a[contains(@href,"route=account/logout") and contains(text(),"Logout")]'.</msg>
<status status="PASS" starttime="20260221 22:32:05.926" endtime="20260221 22:32:07.104"/>
</kw>
<kw name="Wait Until Element Is Visible" library="SeleniumLibrary">
<arg>${LOGOUT_TEXT}</arg>
<doc>Waits until the element ``locator`` is visible.</doc>
<status status="PASS" starttime="20260221 22:32:07.104" endtime="20260221 22:32:07.147"/>
</kw>
<kw name="Element Should Be Visible" library="SeleniumLibrary">
<arg>${LOGOUT_TEXT}</arg>
<doc>Verifies that the element identified by ``locator`` is visible.</doc>
<msg timestamp="20260221 22:32:07.183" level="INFO">Element 'xpath=//h1[contains(text(),"Account Logout")]' is displayed.</msg>
<status status="PASS" starttime="20260221 22:32:07.147" endtime="20260221 22:32:07.183"/>
</kw>
<kw name="Page Should Contain" library="SeleniumLibrary">
<arg>Account Logout</arg>
<doc>Verifies that current page contains ``text``.</doc>
<msg timestamp="20260221 22:32:07.213" level="INFO">Current page contains text 'Account Logout'.</msg>
<status status="PASS" starttime="20260221 22:32:07.183" endtime="20260221 22:32:07.213"/>
</kw>
<kw name="Location Should Contain" library="SeleniumLibrary">
<arg>route=account/logout</arg>
<doc>Verifies that the current URL contains ``expected``.</doc>
<msg timestamp="20260221 22:32:07.221" level="INFO">Current location contains 'route=account/logout'.</msg>
<status status="PASS" starttime="20260221 22:32:07.213" endtime="20260221 22:32:07.221"/>
</kw>
<kw name="Log To Console" library="BuiltIn">
<arg>Logout Completed Successfully</arg>
<doc>Logs the given message to the console.</doc>
<status status="PASS" starttime="20260221 22:32:07.222" endtime="20260221 22:32:07.223"/>
</kw>
<status status="PASS" starttime="20260221 22:32:03.082" endtime="20260221 22:32:07.223"/>
</kw>
<status status="PASS" starttime="20260221 22:32:03.081" endtime="20260221 22:32:07.223"/>
</kw>
<kw name="Login User Successfully" library="login_keywords">
<arg>${password}</arg>
<kw name="Go To" library="SeleniumLibrary">
<arg>${BASE_URL}</arg>
<doc>Navigates the current browser window to the provided ``url``.</doc>
<msg timestamp="20260221 22:32:07.224" level="INFO">Opening url 'https://ecommerce-playground.lambdatest.io/index.php'</msg>
<status status="PASS" starttime="20260221 22:32:07.224" endtime="20260221 22:32:08.440"/>
</kw>
<kw name="Page Should Contain" library="SeleniumLibrary">
<arg>My account</arg>
<doc>Verifies that current page contains ``text``.</doc>
<msg timestamp="20260221 22:32:08.727" level="INFO">Current page contains text 'My account'.</msg>
<status status="PASS" starttime="20260221 22:32:08.440" endtime="20260221 22:32:08.728"/>
</kw>
<kw name="Wait Until Element Is Visible" library="SeleniumLibrary">
<arg>${MY_ACCOUNT_MENU}</arg>
<doc>Waits until the element ``locator`` is visible.</doc>
<status status="PASS" starttime="20260221 22:32:08.728" endtime="20260221 22:32:08.771"/>
</kw>
<kw name="Click Element" library="SeleniumLibrary">
<arg>${MY_ACCOUNT_MENU}</arg>
<doc>Click the element identified by ``locator``.</doc>
<msg timestamp="20260221 22:32:08.772" level="INFO">Clicking element 'xpath=//a[contains(@href,"route=account/account") and contains(@class,"dropdown-toggle")]'.</msg>
<status status="PASS" starttime="20260221 22:32:08.771" endtime="20260221 22:32:09.996"/>
</kw>
<kw name="Sleep" library="BuiltIn">
<arg>1s</arg>
<doc>Pauses the test executed for the given time.</doc>
<msg timestamp="20260221 22:32:10.998" level="INFO">Slept 1 second</msg>
<status status="PASS" starttime="20260221 22:32:09.997" endtime="20260221 22:32:10.998"/>
</kw>
<kw name="Wait Until Element Is Visible" library="SeleniumLibrary">
<arg>${LOGIN_LINK}</arg>
<doc>Waits until the element ``locator`` is visible.</doc>
<status status="PASS" starttime="20260221 22:32:10.998" endtime="20260221 22:32:11.088"/>
</kw>
<kw name="Click Element" library="SeleniumLibrary">
<arg>${LOGIN_LINK}</arg>
<doc>Click the element identified by ``locator``.</doc>
<msg timestamp="20260221 22:32:11.090" level="INFO">Clicking element 'xpath=//a[contains(@href,"route=account/login") and contains(text(),"Login")]'.</msg>
<status status="PASS" starttime="20260221 22:32:11.088" endtime="20260221 22:32:12.024"/>
</kw>
<kw name="Wait Until Page Contains" library="SeleniumLibrary">
<arg>Account Login</arg>
<doc>Waits until ``text`` appears on the current page.</doc>
<status status="PASS" starttime="20260221 22:32:12.024" endtime="20260221 22:32:12.069"/>
</kw>
<kw name="Location Should Contain" library="SeleniumLibrary">
<arg>route=account/login</arg>
<doc>Verifies that the current URL contains ``expected``.</doc>
<msg timestamp="20260221 22:32:12.079" level="INFO">Current location contains 'route=account/login'.</msg>
<status status="PASS" starttime="20260221 22:32:12.069" endtime="20260221 22:32:12.079"/>
</kw>
<kw name="Log To Console" library="BuiltIn">
<arg>Logging in with Email: ${EMAIL}</arg>
<doc>Logs the given message to the console.</doc>
<status status="PASS" starttime="20260221 22:32:12.079" endtime="20260221 22:32:12.080"/>
</kw>
<kw name="Input Text" library="SeleniumLibrary">
<arg>${EMAIL_INPUT}</arg>
<arg>${EMAIL}</arg>
<doc>Types the given ``text`` into the text field identified by ``locator``.</doc>
<msg timestamp="20260221 22:32:12.080" level="INFO">Typing text 'test_user_5053@gmail.com' into text field 'id=input-email'.</msg>
<status status="PASS" starttime="20260221 22:32:12.080" endtime="20260221 22:32:12.280"/>
</kw>
<kw name="Input Text" library="SeleniumLibrary">
<arg>${PASSWORD_INPUT}</arg>
<arg>${password}</arg>
<doc>Types the given ``text`` into the text field identified by ``locator``.</doc>
<msg timestamp="20260221 22:32:12.282" level="INFO">Typing text 'Ranga@123' into text field 'id=input-password'.</msg>
<status status="PASS" starttime="20260221 22:32:12.281" endtime="20260221 22:32:12.433"/>
</kw>
<kw name="Click Button" library="SeleniumLibrary">
<arg>${LOGIN_BUTTON}</arg>
<doc>Clicks the button identified by ``locator``.</doc>
<msg timestamp="20260221 22:32:12.434" level="INFO">Clicking button 'css=input.btn.btn-primary[value="Login"]'.</msg>
<status status="PASS" starttime="20260221 22:32:12.433" endtime="20260221 22:32:12.556"/>
</kw>
<kw name="Wait Until Page Contains" library="SeleniumLibrary">
<arg>My Account</arg>
<doc>Waits until ``text`` appears on the current page.</doc>
<status status="PASS" starttime="20260221 22:32:12.556" endtime="20260221 22:32:14.663"/>
</kw>
<kw name="Wait Until Element Is Visible" library="SeleniumLibrary">
<arg>${MY_ACCOUNT_HEADING}</arg>
<doc>Waits until the element ``locator`` is visible.</doc>
<status status="PASS" starttime="20260221 22:32:14.663" endtime="20260221 22:32:14.707"/>
</kw>
<kw name="Page Should Contain" library="SeleniumLibrary">
<arg>My Account</arg>
<doc>Verifies that current page contains ``text``.</doc>
<msg timestamp="20260221 22:32:14.756" level="INFO">Current page contains text 'My Account'.</msg>
<status status="PASS" starttime="20260221 22:32:14.707" endtime="20260221 22:32:14.756"/>
</kw>
<kw name="Location Should Contain" library="SeleniumLibrary">
<arg>route=account/account</arg>
<doc>Verifies that the current URL contains ``expected``.</doc>
<msg timestamp="20260221 22:32:14.770" level="INFO">Current location contains 'route=account/account'.</msg>
<status status="PASS" starttime="20260221 22:32:14.756" endtime="20260221 22:32:14.770"/>
</kw>
<kw name="Log To Console" library="BuiltIn">
<arg>Login Successful After Logout</arg>
<doc>Logs the given message to the console.</doc>
<status status="PASS" starttime="20260221 22:32:14.770" endtime="20260221 22:32:14.771"/>
</kw>
<status status="PASS" starttime="20260221 22:32:07.223" endtime="20260221 22:32:14.771"/>
</kw>
<kw name="click logout" library="register_keywords">
<kw name="Logout User Successfully" library="logout_keywords">
<kw name="Wait Until Element Is Visible" library="SeleniumLibrary">
<arg>${MY_ACCOUNT_MENU}</arg>
<doc>Waits until the element ``locator`` is visible.</doc>
<status status="PASS" starttime="20260221 22:32:14.772" endtime="20260221 22:32:14.831"/>
</kw>
<kw name="Click Element" library="SeleniumLibrary">
<arg>${MY_ACCOUNT_MENU}</arg>
<doc>Click the element identified by ``locator``.</doc>
<msg timestamp="20260221 22:32:14.832" level="INFO">Clicking element 'xpath=//a[contains(@href,"route=account/account") and contains(@class,"dropdown-toggle")]'.</msg>
<status status="PASS" starttime="20260221 22:32:14.831" endtime="20260221 22:32:15.983"/>
</kw>
<kw name="Sleep" library="BuiltIn">
<arg>1s</arg>
<doc>Pauses the test executed for the given time.</doc>
<msg timestamp="20260221 22:32:16.984" level="INFO">Slept 1 second</msg>
<status status="PASS" starttime="20260221 22:32:15.983" endtime="20260221 22:32:16.985"/>
</kw>
<kw name="Wait Until Element Is Visible" library="SeleniumLibrary">
<arg>${LOGOUT_LINK}</arg>
<doc>Waits until the element ``locator`` is visible.</doc>
<status status="PASS" starttime="20260221 22:32:16.985" endtime="20260221 22:32:17.049"/>
</kw>
<kw name="Element Should Be Visible" library="SeleniumLibrary">
<arg>${LOGOUT_LINK}</arg>
<doc>Verifies that the element identified by ``locator`` is visible.</doc>
<msg timestamp="20260221 22:32:17.083" level="INFO">Element 'xpath=//a[contains(@href,"route=account/logout") and contains(text(),"Logout")]' is displayed.</msg>
<status status="PASS" starttime="20260221 22:32:17.049" endtime="20260221 22:32:17.083"/>
</kw>
<kw name="Click Element" library="SeleniumLibrary">
<arg>${LOGOUT_LINK}</arg>
<doc>Click the element identified by ``locator``.</doc>
<msg timestamp="20260221 22:32:17.084" level="INFO">Clicking element 'xpath=//a[contains(@href,"route=account/logout") and contains(text(),"Logout")]'.</msg>
<status status="PASS" starttime="20260221 22:32:17.084" endtime="20260221 22:32:18.586"/>
</kw>
<kw name="Wait Until Element Is Visible" library="SeleniumLibrary">
<arg>${LOGOUT_TEXT}</arg>
<doc>Waits until the element ``locator`` is visible.</doc>
<status status="PASS" starttime="20260221 22:32:18.587" endtime="20260221 22:32:18.620"/>
</kw>
<kw name="Element Should Be Visible" library="SeleniumLibrary">
<arg>${LOGOUT_TEXT}</arg>
<doc>Verifies that the element identified by ``locator`` is visible.</doc>
<msg timestamp="20260221 22:32:18.651" level="INFO">Element 'xpath=//h1[contains(text(),"Account Logout")]' is displayed.</msg>
<status status="PASS" starttime="20260221 22:32:18.620" endtime="20260221 22:32:18.652"/>
</kw>
<kw name="Page Should Contain" library="SeleniumLibrary">
<arg>Account Logout</arg>
<doc>Verifies that current page contains ``text``.</doc>
<msg timestamp="20260221 22:32:18.679" level="INFO">Current page contains text 'Account Logout'.</msg>
<status status="PASS" starttime="20260221 22:32:18.652" endtime="20260221 22:32:18.679"/>
</kw>
<kw name="Location Should Contain" library="SeleniumLibrary">
<arg>route=account/logout</arg>
<doc>Verifies that the current URL contains ``expected``.</doc>
<msg timestamp="20260221 22:32:18.686" level="INFO">Current location contains 'route=account/logout'.</msg>
<status status="PASS" starttime="20260221 22:32:18.679" endtime="20260221 22:32:18.686"/>
</kw>
<kw name="Log To Console" library="BuiltIn">
<arg>Logout Completed Successfully</arg>
<doc>Logs the given message to the console.</doc>
<status status="PASS" starttime="20260221 22:32:18.687" endtime="20260221 22:32:18.687"/>
</kw>
<status status="PASS" starttime="20260221 22:32:14.772" endtime="20260221 22:32:18.687"/>
</kw>
<status status="PASS" starttime="20260221 22:32:14.771" endtime="20260221 22:32:18.688"/>
</kw>
<status status="PASS" starttime="20260221 22:31:52.229" endtime="20260221 22:32:18.688"/>
</kw>
<kw name="Capture Screenshot On Failure" library="common" type="TEARDOWN">
<kw name="Run Keyword If Test Failed" library="BuiltIn">
<arg>Capture Page Screenshot</arg>
<doc>Runs the given keyword with the given arguments, if the test failed.</doc>
<status status="PASS" starttime="20260221 22:32:18.688" endtime="20260221 22:32:18.689"/>
</kw>
<status status="PASS" starttime="20260221 22:32:18.688" endtime="20260221 22:32:18.689"/>
</kw>
<status status="PASS" starttime="20260221 22:31:52.225" endtime="20260221 22:32:18.689"/>
</test>
<test id="s1-s1-t3" name="Register User With CSV for user Durga Prasad" line="18">
<kw name="Registration">
<arg>Durga</arg>
<arg>Prasad</arg>
<arg>9988776655</arg>
<arg>Prasad@123</arg>
<kw name="Register New User" library="register_keywords">
<kw name="Go To" library="SeleniumLibrary">
<arg>${BASE_URL}</arg>
<doc>Navigates the current browser window to the provided ``url``.</doc>
<msg timestamp="20260221 22:32:18.697" level="INFO">Opening url 'https://ecommerce-playground.lambdatest.io/index.php'</msg>
<status status="PASS" starttime="20260221 22:32:18.697" endtime="20260221 22:32:20.482"/>
</kw>
<kw name="Title Should Be" library="SeleniumLibrary">
<arg>Your Store</arg>
<doc>Verifies that the current page title equals ``title``.</doc>
<msg timestamp="20260221 22:32:20.508" level="INFO">Page title is 'Your Store'.</msg>
<status status="PASS" starttime="20260221 22:32:20.482" endtime="20260221 22:32:20.508"/>
</kw>
<kw name="Page Should Contain" library="SeleniumLibrary">
<arg>My account</arg>
<doc>Verifies that current page contains ``text``.</doc>
<msg timestamp="20260221 22:32:20.562" level="INFO">Current page contains text 'My account'.</msg>
<status status="PASS" starttime="20260221 22:32:20.509" endtime="20260221 22:32:20.562"/>
</kw>
<kw name="Wait Until Element Is Visible" library="SeleniumLibrary">
<arg>${MY_ACCOUNT_MENU}</arg>
<doc>Waits until the element ``locator`` is visible.</doc>
<status status="PASS" starttime="20260221 22:32:20.562" endtime="20260221 22:32:20.612"/>
</kw>
<kw name="Click Element" library="SeleniumLibrary">
<arg>${MY_ACCOUNT_MENU}</arg>
<doc>Click the element identified by ``locator``.</doc>
<msg timestamp="20260221 22:32:20.613" level="INFO">Clicking element 'xpath=//a[contains(@href,"route=account/account") and contains(@class,"dropdown-toggle")]'.</msg>
<status status="PASS" starttime="20260221 22:32:20.613" endtime="20260221 22:32:21.872"/>
</kw>
<kw name="Sleep" library="BuiltIn">
<arg>1s</arg>
<doc>Pauses the test executed for the given time.</doc>
<msg timestamp="20260221 22:32:22.873" level="INFO">Slept 1 second</msg>
<status status="PASS" starttime="20260221 22:32:21.872" endtime="20260221 22:32:22.873"/>
</kw>
<kw name="Wait Until Element Is Visible" library="SeleniumLibrary">
<arg>${REGISTER_LINK}</arg>
<doc>Waits until the element ``locator`` is visible.</doc>
<status status="PASS" starttime="20260221 22:32:22.874" endtime="20260221 22:32:22.918"/>
</kw>
<kw name="Click Element" library="SeleniumLibrary">
<arg>${REGISTER_LINK}</arg>
<doc>Click the element identified by ``locator``.</doc>
<msg timestamp="20260221 22:32:22.919" level="INFO">Clicking element 'xpath=//a[contains(@href,"route=account/register") and contains(text(),"Register")]'.</msg>
<status status="PASS" starttime="20260221 22:32:22.918" endtime="20260221 22:32:23.954"/>
</kw>
<kw name="Wait Until Page Contains" library="SeleniumLibrary">
<arg>Register Account</arg>
<doc>Waits until ``text`` appears on the current page.</doc>
<status status="PASS" starttime="20260221 22:32:23.955" endtime="20260221 22:32:23.976"/>
</kw>
<kw name="Location Should Contain" library="SeleniumLibrary">
<arg>route=account/register</arg>
<doc>Verifies that the current URL contains ``expected``.</doc>
<msg timestamp="20260221 22:32:23.984" level="INFO">Current location contains 'route=account/register'.</msg>
<status status="PASS" starttime="20260221 22:32:23.976" endtime="20260221 22:32:23.984"/>
</kw>
<status status="PASS" starttime="20260221 22:32:18.696" endtime="20260221 22:32:23.984"/>
</kw>
<kw name="input firstname" library="register_keywords">
<arg>${firstname}</arg>
<kw name="Input Text" library="SeleniumLibrary">
<arg>${FIRSTNAME_INPUT}</arg>
<arg>${firstname}</arg>
<doc>Types the given ``text`` into the text field identified by ``locator``.</doc>
<msg timestamp="20260221 22:32:23.986" level="INFO">Typing text 'Durga' into text field 'id=input-firstname'.</msg>
<status status="PASS" starttime="20260221 22:32:23.985" endtime="20260221 22:32:24.224"/>
</kw>
<status status="PASS" starttime="20260221 22:32:23.984" endtime="20260221 22:32:24.224"/>
</kw>
<kw name="input lastname" library="register_keywords">
<arg>${lastname}</arg>
<kw name="Input Text" library="SeleniumLibrary">
<arg>${LASTNAME_INPUT}</arg>
<arg>${lastname}</arg>
<doc>Types the given ``text`` into the text field identified by ``locator``.</doc>
<msg timestamp="20260221 22:32:24.227" level="INFO">Typing text 'Prasad' into text field 'id=input-lastname'.</msg>
<status status="PASS" starttime="20260221 22:32:24.225" endtime="20260221 22:32:24.452"/>
</kw>
<status status="PASS" starttime="20260221 22:32:24.225" endtime="20260221 22:32:24.452"/>
</kw>
<kw name="input email" library="register_keywords">
<kw name="Generate Unique Email" library="email_generator">
<kw name="Generate Random String" library="String">
<var>${random}</var>
<arg>4</arg>
<arg>0123456789</arg>
<doc>Generates a string with a desired ``length`` from the given ``chars``.</doc>
<msg timestamp="20260221 22:32:24.453" level="INFO">${random} = 8919</msg>
<status status="PASS" starttime="20260221 22:32:24.453" endtime="20260221 22:32:24.453"/>
</kw>
<kw name="Set Variable" library="BuiltIn">
<var>${email}</var>
<arg>test_user_${random}@gmail.com</arg>
<doc>Returns the given values which can then be assigned to a variables.</doc>
<msg timestamp="20260221 22:32:24.454" level="INFO">${email} = test_user_8919@gmail.com</msg>
<status status="PASS" starttime="20260221 22:32:24.453" endtime="20260221 22:32:24.454"/>
</kw>
<kw name="Set Suite Variable" library="BuiltIn">
<arg>${EMAIL}</arg>
<arg>${email}</arg>
<doc>Makes a variable available everywhere within the scope of the current suite.</doc>
<msg timestamp="20260221 22:32:24.454" level="INFO">${EMAIL} = test_user_8919@gmail.com</msg>
<status status="PASS" starttime="20260221 22:32:24.454" endtime="20260221 22:32:24.454"/>
</kw>
<kw name="Log To Console" library="BuiltIn">
<arg>Dynamic Email Generated: ${EMAIL}</arg>
<doc>Logs the given message to the console.</doc>
<status status="PASS" starttime="20260221 22:32:24.455" endtime="20260221 22:32:24.455"/>
</kw>
<status status="PASS" starttime="20260221 22:32:24.452" endtime="20260221 22:32:24.455"/>
</kw>
<kw name="Log To Console" library="BuiltIn">
<arg>Registering with Email: ${EMAIL}</arg>
<doc>Logs the given message to the console.</doc>
<status status="PASS" starttime="20260221 22:32:24.455" endtime="20260221 22:32:24.456"/>
</kw>
<kw name="Input Text" library="SeleniumLibrary">
<arg>${EMAIL_INPUT}</arg>
<arg>${EMAIL}</arg>
<doc>Types the given ``text`` into the text field identified by ``locator``.</doc>
<msg timestamp="20260221 22:32:24.457" level="INFO">Typing text 'test_user_8919@gmail.com' into text field 'id=input-email'.</msg>
<status status="PASS" starttime="20260221 22:32:24.456" endtime="20260221 22:32:24.904"/>
</kw>
<status status="PASS" starttime="20260221 22:32:24.452" endtime="20260221 22:32:24.904"/>
</kw>
<kw name="input phone" library="register_keywords">
<arg>${phone}</arg>
<kw name="Input Text" library="SeleniumLibrary">
<arg>${PHONE_INPUT}</arg>
<arg>${phone}</arg>
<doc>Types the given ``text`` into the text field identified by ``locator``.</doc>
<msg timestamp="20260221 22:32:24.906" level="INFO">Typing text '9988776655' into text field 'id=input-telephone'.</msg>
<status status="PASS" starttime="20260221 22:32:24.905" endtime="20260221 22:32:25.022"/>
</kw>
<status status="PASS" starttime="20260221 22:32:24.905" endtime="20260221 22:32:25.023"/>
</kw>
<kw name="input password" library="register_keywords">
<arg>${password}</arg>
<kw name="Input Text" library="SeleniumLibrary">
<arg>${PASSWORD_INPUT}</arg>
<arg>${password}</arg>
<doc>Types the given ``text`` into the text field identified by ``locator``.</doc>
<msg timestamp="20260221 22:32:25.024" level="INFO">Typing text 'Prasad@123' into text field 'id=input-password'.</msg>
<status status="PASS" starttime="20260221 22:32:25.023" endtime="20260221 22:32:25.132"/>
</kw>
<kw name="Input Text" library="SeleniumLibrary">
<arg>${CONFIRM_INPUT}</arg>
<arg>${password}</arg>
<doc>Types the given ``text`` into the text field identified by ``locator``.</doc>
<msg timestamp="20260221 22:32:25.133" level="INFO">Typing text 'Prasad@123' into text field 'id=input-confirm'.</msg>
<status status="PASS" starttime="20260221 22:32:25.132" endtime="20260221 22:32:25.230"/>
</kw>
<kw name="Textfield Value Should Be" library="SeleniumLibrary">
<arg>${CONFIRM_INPUT}</arg>
<arg>${password}</arg>
<doc>Verifies text field ``locator`` has exactly text ``expected``.</doc>
<msg timestamp="20260221 22:32:25.272" level="INFO">Content of text field 'id=input-confirm' is 'Prasad@123'.</msg>
<status status="PASS" starttime="20260221 22:32:25.230" endtime="20260221 22:32:25.272"/>
</kw>
<status status="PASS" starttime="20260221 22:32:25.023" endtime="20260221 22:32:25.272"/>
</kw>
<kw name="click agree" library="register_keywords">
<kw name="Click Element" library="SeleniumLibrary">
<arg>${AGREE_LABEL}</arg>
<doc>Click the element identified by ``locator``.</doc>
<msg timestamp="20260221 22:32:25.274" level="INFO">Clicking element 'xpath=//label[@for="input-agree"]'.</msg>
<status status="PASS" starttime="20260221 22:32:25.273" endtime="20260221 22:32:25.368"/>
</kw>
<kw name="Checkbox Should Be Selected" library="SeleniumLibrary">
<arg>id=input-agree</arg>
<doc>Verifies checkbox ``locator`` is selected/checked.</doc>
<msg timestamp="20260221 22:32:25.369" level="INFO">Verifying checkbox 'id=input-agree' is selected.</msg>
<status status="PASS" starttime="20260221 22:32:25.368" endtime="20260221 22:32:25.441"/>
</kw>
<status status="PASS" starttime="20260221 22:32:25.272" endtime="20260221 22:32:25.441"/>
</kw>
<kw name="click continue" library="register_keywords">
<kw name="Scroll Element Into View" library="SeleniumLibrary">
<arg>${CONTINUE_BUTTON}</arg>
<doc>Scrolls the element identified by ``locator`` into view.</doc>
<status status="PASS" starttime="20260221 22:32:25.442" endtime="20260221 22:32:25.736"/>
</kw>
<kw name="Click Button" library="SeleniumLibrary">
<arg>${CONTINUE_BUTTON}</arg>
<doc>Clicks the button identified by ``locator``.</doc>
<msg timestamp="20260221 22:32:25.738" level="INFO">Clicking button 'css=input.btn.btn-primary[type="submit"][value="Continue"]'.</msg>
<status status="PASS" starttime="20260221 22:32:25.736" endtime="20260221 22:32:25.842"/>
</kw>
<kw name="Wait Until Element Is Visible" library="SeleniumLibrary">
<arg>${SUCCESS_TEXT}</arg>
<doc>Waits until the element ``locator`` is visible.</doc>
<status status="PASS" starttime="20260221 22:32:25.843" endtime="20260221 22:32:27.155"/>
</kw>
<kw name="Page Should Contain" library="SeleniumLibrary">
<arg>Your Account Has Been Created</arg>
<doc>Verifies that current page contains ``text``.</doc>
<msg timestamp="20260221 22:32:27.167" level="INFO">Current page contains text 'Your Account Has Been Created'.</msg>
<status status="PASS" starttime="20260221 22:32:27.155" endtime="20260221 22:32:27.167"/>
</kw>
<kw name="Log To Console" library="BuiltIn">
<arg>Registration Completed Successfully for ${firstname}</arg>
<doc>Logs the given message to the console.</doc>
<status status="PASS" starttime="20260221 22:32:27.167" endtime="20260221 22:32:27.168"/>
</kw>
<status status="PASS" starttime="20260221 22:32:25.441" endtime="20260221 22:32:27.168"/>
</kw>
<kw name="click logout" library="register_keywords">
<kw name="Logout User Successfully" library="logout_keywords">
<kw name="Wait Until Element Is Visible" library="SeleniumLibrary">
<arg>${MY_ACCOUNT_MENU}</arg>
<doc>Waits until the element ``locator`` is visible.</doc>
<status status="PASS" starttime="20260221 22:32:27.169" endtime="20260221 22:32:27.218"/>
</kw>
<kw name="Click Element" library="SeleniumLibrary">
<arg>${MY_ACCOUNT_MENU}</arg>
<doc>Click the element identified by ``locator``.</doc>
<msg timestamp="20260221 22:32:27.219" level="INFO">Clicking element 'xpath=//a[contains(@href,"route=account/account") and contains(@class,"dropdown-toggle")]'.</msg>
<status status="PASS" starttime="20260221 22:32:27.218" endtime="20260221 22:32:28.078"/>
</kw>
<kw name="Sleep" library="BuiltIn">
<arg>1s</arg>
<doc>Pauses the test executed for the given time.</doc>
<msg timestamp="20260221 22:32:29.079" level="INFO">Slept 1 second</msg>
<status status="PASS" starttime="20260221 22:32:28.078" endtime="20260221 22:32:29.079"/>
</kw>
<kw name="Wait Until Element Is Visible" library="SeleniumLibrary">
<arg>${LOGOUT_LINK}</arg>
<doc>Waits until the element ``locator`` is visible.</doc>
<status status="PASS" starttime="20260221 22:32:29.079" endtime="20260221 22:32:29.108"/>
</kw>
<kw name="Element Should Be Visible" library="SeleniumLibrary">
<arg>${LOGOUT_LINK}</arg>
<doc>Verifies that the element identified by ``locator`` is visible.</doc>
<msg timestamp="20260221 22:32:29.127" level="INFO">Element 'xpath=//a[contains(@href,"route=account/logout") and contains(text(),"Logout")]' is displayed.</msg>
<status status="PASS" starttime="20260221 22:32:29.109" endtime="20260221 22:32:29.127"/>
</kw>
<kw name="Click Element" library="SeleniumLibrary">
<arg>${LOGOUT_LINK}</arg>
<doc>Click the element identified by ``locator``.</doc>
<msg timestamp="20260221 22:32:29.128" level="INFO">Clicking element 'xpath=//a[contains(@href,"route=account/logout") and contains(text(),"Logout")]'.</msg>
<status status="PASS" starttime="20260221 22:32:29.127" endtime="20260221 22:32:30.482"/>
</kw>
<kw name="Wait Until Element Is Visible" library="SeleniumLibrary">
<arg>${LOGOUT_TEXT}</arg>
<doc>Waits until the element ``locator`` is visible.</doc>
<status status="PASS" starttime="20260221 22:32:30.482" endtime="20260221 22:32:30.657"/>
</kw>
<kw name="Element Should Be Visible" library="SeleniumLibrary">
<arg>${LOGOUT_TEXT}</arg>
<doc>Verifies that the element identified by ``locator`` is visible.</doc>
<msg timestamp="20260221 22:32:30.694" level="INFO">Element 'xpath=//h1[contains(text(),"Account Logout")]' is displayed.</msg>
<status status="PASS" starttime="20260221 22:32:30.658" endtime="20260221 22:32:30.694"/>
</kw>
<kw name="Page Should Contain" library="SeleniumLibrary">
<arg>Account Logout</arg>
<doc>Verifies that current page contains ``text``.</doc>
<msg timestamp="20260221 22:32:30.718" level="INFO">Current page contains text 'Account Logout'.</msg>
<status status="PASS" starttime="20260221 22:32:30.695" endtime="20260221 22:32:30.718"/>
</kw>
<kw name="Location Should Contain" library="SeleniumLibrary">
<arg>route=account/logout</arg>
<doc>Verifies that the current URL contains ``expected``.</doc>
<msg timestamp="20260221 22:32:30.729" level="INFO">Current location contains 'route=account/logout'.</msg>
<status status="PASS" starttime="20260221 22:32:30.718" endtime="20260221 22:32:30.729"/>
</kw>
<kw name="Log To Console" library="BuiltIn">
<arg>Logout Completed Successfully</arg>
<doc>Logs the given message to the console.</doc>
<status status="PASS" starttime="20260221 22:32:30.730" endtime="20260221 22:32:30.730"/>
</kw>
<status status="PASS" starttime="20260221 22:32:27.168" endtime="20260221 22:32:30.730"/>
</kw>
<status status="PASS" starttime="20260221 22:32:27.168" endtime="20260221 22:32:30.730"/>
</kw>
<kw name="Login User Successfully" library="login_keywords">
<arg>${password}</arg>
<kw name="Go To" library="SeleniumLibrary">
<arg>${BASE_URL}</arg>
<doc>Navigates the current browser window to the provided ``url``.</doc>
<msg timestamp="20260221 22:32:30.731" level="INFO">Opening url 'https://ecommerce-playground.lambdatest.io/index.php'</msg>
<status status="PASS" starttime="20260221 22:32:30.731" endtime="20260221 22:32:32.201"/>
</kw>
<kw name="Page Should Contain" library="SeleniumLibrary">
<arg>My account</arg>
<doc>Verifies that current page contains ``text``.</doc>
<msg timestamp="20260221 22:32:32.268" level="INFO">Current page contains text 'My account'.</msg>
<status status="PASS" starttime="20260221 22:32:32.201" endtime="20260221 22:32:32.268"/>
</kw>
<kw name="Wait Until Element Is Visible" library="SeleniumLibrary">
<arg>${MY_ACCOUNT_MENU}</arg>
<doc>Waits until the element ``locator`` is visible.</doc>
<status status="PASS" starttime="20260221 22:32:32.268" endtime="20260221 22:32:32.300"/>
</kw>
<kw name="Click Element" library="SeleniumLibrary">
<arg>${MY_ACCOUNT_MENU}</arg>
<doc>Click the element identified by ``locator``.</doc>
<msg timestamp="20260221 22:32:32.301" level="INFO">Clicking element 'xpath=//a[contains(@href,"route=account/account") and contains(@class,"dropdown-toggle")]'.</msg>
<status status="PASS" starttime="20260221 22:32:32.300" endtime="20260221 22:32:33.645"/>
</kw>
<kw name="Sleep" library="BuiltIn">
<arg>1s</arg>
<doc>Pauses the test executed for the given time.</doc>
<msg timestamp="20260221 22:32:34.646" level="INFO">Slept 1 second</msg>
<status status="PASS" starttime="20260221 22:32:33.646" endtime="20260221 22:32:34.647"/>
</kw>
<kw name="Wait Until Element Is Visible" library="SeleniumLibrary">
<arg>${LOGIN_LINK}</arg>
<doc>Waits until the element ``locator`` is visible.</doc>
<status status="PASS" starttime="20260221 22:32:34.647" endtime="20260221 22:32:34.677"/>
</kw>
<kw name="Click Element" library="SeleniumLibrary">
<arg>${LOGIN_LINK}</arg>
<doc>Click the element identified by ``locator``.</doc>
<msg timestamp="20260221 22:32:34.678" level="INFO">Clicking element 'xpath=//a[contains(@href,"route=account/login") and contains(text(),"Login")]'.</msg>
<status status="PASS" starttime="20260221 22:32:34.678" endtime="20260221 22:32:35.490"/>
</kw>
<kw name="Wait Until Page Contains" library="SeleniumLibrary">
<arg>Account Login</arg>
<doc>Waits until ``text`` appears on the current page.</doc>
<status status="PASS" starttime="20260221 22:32:35.491" endtime="20260221 22:32:35.507"/>
</kw>
<kw name="Location Should Contain" library="SeleniumLibrary">
<arg>route=account/login</arg>
<doc>Verifies that the current URL contains ``expected``.</doc>
<msg timestamp="20260221 22:32:35.515" level="INFO">Current location contains 'route=account/login'.</msg>
<status status="PASS" starttime="20260221 22:32:35.507" endtime="20260221 22:32:35.516"/>
</kw>
<kw name="Log To Console" library="BuiltIn">
<arg>Logging in with Email: ${EMAIL}</arg>
<doc>Logs the given message to the console.</doc>
<status status="PASS" starttime="20260221 22:32:35.516" endtime="20260221 22:32:35.517"/>
</kw>
<kw name="Input Text" library="SeleniumLibrary">
<arg>${EMAIL_INPUT}</arg>
<arg>${EMAIL}</arg>
<doc>Types the given ``text`` into the text field identified by ``locator``.</doc>
<msg timestamp="20260221 22:32:35.518" level="INFO">Typing text 'test_user_8919@gmail.com' into text field 'id=input-email'.</msg>
<status status="PASS" starttime="20260221 22:32:35.517" endtime="20260221 22:32:35.700"/>
</kw>
<kw name="Input Text" library="SeleniumLibrary">
<arg>${PASSWORD_INPUT}</arg>
<arg>${password}</arg>
<doc>Types the given ``text`` into the text field identified by ``locator``.</doc>
<msg timestamp="20260221 22:32:35.702" level="INFO">Typing text 'Prasad@123' into text field 'id=input-password'.</msg>
<status status="PASS" starttime="20260221 22:32:35.701" endtime="20260221 22:32:35.867"/>
</kw>
<kw name="Click Button" library="SeleniumLibrary">
<arg>${LOGIN_BUTTON}</arg>
<doc>Clicks the button identified by ``locator``.</doc>
<msg timestamp="20260221 22:32:35.868" level="INFO">Clicking button 'css=input.btn.btn-primary[value="Login"]'.</msg>
<status status="PASS" starttime="20260221 22:32:35.867" endtime="20260221 22:32:35.992"/>
</kw>
<kw name="Wait Until Page Contains" library="SeleniumLibrary">
<arg>My Account</arg>
<doc>Waits until ``text`` appears on the current page.</doc>
<status status="PASS" starttime="20260221 22:32:35.993" endtime="20260221 22:32:37.378"/>
</kw>
<kw name="Wait Until Element Is Visible" library="SeleniumLibrary">
<arg>${MY_ACCOUNT_HEADING}</arg>
<doc>Waits until the element ``locator`` is visible.</doc>
<status status="PASS" starttime="20260221 22:32:37.379" endtime="20260221 22:32:37.404"/>
</kw>
<kw name="Page Should Contain" library="SeleniumLibrary">
<arg>My Account</arg>
<doc>Verifies that current page contains ``text``.</doc>
<msg timestamp="20260221 22:32:37.422" level="INFO">Current page contains text 'My Account'.</msg>
<status status="PASS" starttime="20260221 22:32:37.404" endtime="20260221 22:32:37.422"/>
</kw>
<kw name="Location Should Contain" library="SeleniumLibrary">
<arg>route=account/account</arg>
<doc>Verifies that the current URL contains ``expected``.</doc>
<msg timestamp="20260221 22:32:37.430" level="INFO">Current location contains 'route=account/account'.</msg>
<status status="PASS" starttime="20260221 22:32:37.422" endtime="20260221 22:32:37.430"/>
</kw>
<kw name="Log To Console" library="BuiltIn">
<arg>Login Successful After Logout</arg>
<doc>Logs the given message to the console.</doc>
<status status="PASS" starttime="20260221 22:32:37.430" endtime="20260221 22:32:37.431"/>
</kw>
<status status="PASS" starttime="20260221 22:32:30.730" endtime="20260221 22:32:37.431"/>
</kw>
<kw name="click logout" library="register_keywords">
<kw name="Logout User Successfully" library="logout_keywords">
<kw name="Wait Until Element Is Visible" library="SeleniumLibrary">
<arg>${MY_ACCOUNT_MENU}</arg>
<doc>Waits until the element ``locator`` is visible.</doc>
<status status="PASS" starttime="20260221 22:32:37.432" endtime="20260221 22:32:37.461"/>
</kw>
<kw name="Click Element" library="SeleniumLibrary">
<arg>${MY_ACCOUNT_MENU}</arg>
<doc>Click the element identified by ``locator``.</doc>
<msg timestamp="20260221 22:32:37.462" level="INFO">Clicking element 'xpath=//a[contains(@href,"route=account/account") and contains(@class,"dropdown-toggle")]'.</msg>
<status status="PASS" starttime="20260221 22:32:37.461" endtime="20260221 22:32:38.317"/>
</kw>
<kw name="Sleep" library="BuiltIn">
<arg>1s</arg>
<doc>Pauses the test executed for the given time.</doc>
<msg timestamp="20260221 22:32:39.318" level="INFO">Slept 1 second</msg>
<status status="PASS" starttime="20260221 22:32:38.318" endtime="20260221 22:32:39.319"/>
</kw>
<kw name="Wait Until Element Is Visible" library="SeleniumLibrary">
<arg>${LOGOUT_LINK}</arg>
<doc>Waits until the element ``locator`` is visible.</doc>
<status status="PASS" starttime="20260221 22:32:39.319" endtime="20260221 22:32:39.355"/>
</kw>
<kw name="Element Should Be Visible" library="SeleniumLibrary">
<arg>${LOGOUT_LINK}</arg>
<doc>Verifies that the element identified by ``locator`` is visible.</doc>
<msg timestamp="20260221 22:32:39.386" level="INFO">Element 'xpath=//a[contains(@href,"route=account/logout") and contains(text(),"Logout")]' is displayed.</msg>
<status status="PASS" starttime="20260221 22:32:39.355" endtime="20260221 22:32:39.387"/>
</kw>
<kw name="Click Element" library="SeleniumLibrary">
<arg>${LOGOUT_LINK}</arg>
<doc>Click the element identified by ``locator``.</doc>
<msg timestamp="20260221 22:32:39.390" level="INFO">Clicking element 'xpath=//a[contains(@href,"route=account/logout") and contains(text(),"Logout")]'.</msg>
<status status="PASS" starttime="20260221 22:32:39.387" endtime="20260221 22:32:40.706"/>
</kw>
<kw name="Wait Until Element Is Visible" library="SeleniumLibrary">
<arg>${LOGOUT_TEXT}</arg>
<doc>Waits until the element ``locator`` is visible.</doc>
<status status="PASS" starttime="20260221 22:32:40.707" endtime="20260221 22:32:40.744"/>
</kw>
<kw name="Element Should Be Visible" library="SeleniumLibrary">
<arg>${LOGOUT_TEXT}</arg>
<doc>Verifies that the element identified by ``locator`` is visible.</doc>
<msg timestamp="20260221 22:32:40.781" level="INFO">Element 'xpath=//h1[contains(text(),"Account Logout")]' is displayed.</msg>
<status status="PASS" starttime="20260221 22:32:40.744" endtime="20260221 22:32:40.781"/>
</kw>
<kw name="Page Should Contain" library="SeleniumLibrary">
<arg>Account Logout</arg>
<doc>Verifies that current page contains ``text``.</doc>
<msg timestamp="20260221 22:32:40.807" level="INFO">Current page contains text 'Account Logout'.</msg>
<status status="PASS" starttime="20260221 22:32:40.781" endtime="20260221 22:32:40.807"/>
</kw>
<kw name="Location Should Contain" library="SeleniumLibrary">
<arg>route=account/logout</arg>
<doc>Verifies that the current URL contains ``expected``.</doc>
<msg timestamp="20260221 22:32:40.821" level="INFO">Current location contains 'route=account/logout'.</msg>
<status status="PASS" starttime="20260221 22:32:40.807" endtime="20260221 22:32:40.821"/>
</kw>
<kw name="Log To Console" library="BuiltIn">
<arg>Logout Completed Successfully</arg>
<doc>Logs the given message to the console.</doc>
<status status="PASS" starttime="20260221 22:32:40.821" endtime="20260221 22:32:40.822"/>
</kw>
<status status="PASS" starttime="20260221 22:32:37.431" endtime="20260221 22:32:40.822"/>
</kw>
<status status="PASS" starttime="20260221 22:32:37.431" endtime="20260221 22:32:40.822"/>
</kw>
<status status="PASS" starttime="20260221 22:32:18.696" endtime="20260221 22:32:40.822"/>
</kw>
<kw name="Capture Screenshot On Failure" library="common" type="TEARDOWN">
<kw name="Run Keyword If Test Failed" library="BuiltIn">
<arg>Capture Page Screenshot</arg>
<doc>Runs the given keyword with the given arguments, if the test failed.</doc>
<status status="PASS" starttime="20260221 22:32:40.824" endtime="20260221 22:32:40.824"/>
</kw>
<status status="PASS" starttime="20260221 22:32:40.824" endtime="20260221 22:32:40.824"/>
</kw>
<status status="PASS" starttime="20260221 22:32:18.691" endtime="20260221 22:32:40.826"/>
</test>
<kw name="Close Site" library="common" type="TEARDOWN">
<kw name="Close Browser" library="SeleniumLibrary">
<doc>Closes the current browser.</doc>
<status status="PASS" starttime="20260221 22:32:40.829" endtime="20260221 22:32:43.502"/>
</kw>
[...]
<status status="PASS" starttime="20260221 22:35:56.285" endtime="20260221 22:35:57.262"/>
</kw>
<kw name="Page Should Contain" library="SeleniumLibrary">
<arg>My account</arg>
<doc>Verifies that current page contains ``text``.</doc>
<msg timestamp="20260221 22:35:57.615" level="INFO">Current page contains text 'My account'.</msg>
<status status="PASS" starttime="20260221 22:35:57.262" endtime="20260221 22:35:57.616"/>
</kw>
<kw name="Wait Until Element Is Visible" library="SeleniumLibrary">
<arg>${MY_ACCOUNT_MENU}</arg>
<doc>Waits until the element ``locator`` is visible.</doc>
<status status="PASS" starttime="20260221 22:35:57.616" endtime="20260221 22:35:57.654"/>
</kw>
<kw name="Click Element" library="SeleniumLibrary">
<arg>${MY_ACCOUNT_MENU}</arg>
<doc>Click the element identified by ``locator``.</doc>
<msg timestamp="20260221 22:35:57.655" level="INFO">Clicking element 'xpath=//a[contains(@href,"route=account/account") and contains(@class,"dropdown-toggle")]'.</msg>
<status status="PASS" starttime="20260221 22:35:57.654" endtime="20260221 22:35:58.673"/>
</kw>
<kw name="Sleep" library="BuiltIn">
<arg>1s</arg>
<doc>Pauses the test executed for the given time.</doc>
<msg timestamp="20260221 22:35:59.674" level="INFO">Slept 1 second</msg>
<status status="PASS" starttime="20260221 22:35:58.673" endtime="20260221 22:35:59.674"/>
</kw>
<kw name="Wait Until Element Is Visible" library="SeleniumLibrary">
<arg>${LOGIN_LINK}</arg>
<doc>Waits until the element ``locator`` is visible.</doc>
<status status="PASS" starttime="20260221 22:35:59.675" endtime="20260221 22:35:59.706"/>
</kw>
<kw name="Click Element" library="SeleniumLibrary">
<arg>${LOGIN_LINK}</arg>
<doc>Click the element identified by ``locator``.</doc>
<msg timestamp="20260221 22:35:59.707" level="INFO">Clicking element 'xpath=//a[contains(@href,"route=account/login") and contains(text(),"Login")]'.</msg>
<status status="PASS" starttime="20260221 22:35:59.706" endtime="20260221 22:36:00.896"/>
</kw>
<kw name="Wait Until Page Contains" library="SeleniumLibrary">
<arg>Account Login</arg>
<doc>Waits until ``text`` appears on the current page.</doc>
<status status="PASS" starttime="20260221 22:36:00.897" endtime="20260221 22:36:00.920"/>
</kw>
<kw name="Location Should Contain" library="SeleniumLibrary">
<arg>route=account/login</arg>
<doc>Verifies that the current URL contains ``expected``.</doc>
<msg timestamp="20260221 22:36:00.930" level="INFO">Current location contains 'route=account/login'.</msg>
<status status="PASS" starttime="20260221 22:36:00.921" endtime="20260221 22:36:00.930"/>
</kw>
<status status="PASS" starttime="20260221 22:35:56.284" endtime="20260221 22:36:00.931"/>
</kw>
<kw name="input email for login" library="logout_keywords">
<arg>${email}</arg>
<kw name="Log To Console" library="BuiltIn">
<arg>Logging in with Email: ${email}</arg>
<doc>Logs the given message to the console.</doc>
<status status="PASS" starttime="20260221 22:36:00.932" endtime="20260221 22:36:00.933"/>
</kw>
<kw name="Input Text" library="SeleniumLibrary">
<arg>${EMAIL_INPUT}</arg>
<arg>${email}</arg>
<doc>Types the given ``text`` into the text field identified by ``locator``.</doc>
<msg timestamp="20260221 22:36:00.934" level="INFO">Typing text 'akash2@gmail.com' into text field 'id=input-email'.</msg>
<status status="PASS" starttime="20260221 22:36:00.933" endtime="20260221 22:36:01.121"/>
</kw>
<status status="PASS" starttime="20260221 22:36:00.931" endtime="20260221 22:36:01.121"/>
</kw>
<kw name="input password for login" library="logout_keywords">
<arg>${password}</arg>
<kw name="Input Text" library="SeleniumLibrary">
<arg>${PASSWORD_INPUT}</arg>
<arg>${password}</arg>
<doc>Types the given ``text`` into the text field identified by ``locator``.</doc>
<msg timestamp="20260221 22:36:01.123" level="INFO">Typing text 'akash@123' into text field 'id=input-password'.</msg>
<status status="PASS" starttime="20260221 22:36:01.122" endtime="20260221 22:36:01.315"/>
</kw>
<status status="PASS" starttime="20260221 22:36:01.122" endtime="20260221 22:36:01.315"/>
</kw>
<kw name="click login" library="logout_keywords">
<kw name="Click Button" library="SeleniumLibrary">
<arg>${LOGIN_BUTTON}</arg>
<doc>Clicks the button identified by ``locator``.</doc>
<msg timestamp="20260221 22:36:01.318" level="INFO">Clicking button 'css=input.btn.btn-primary[value="Login"]'.</msg>
<status status="PASS" starttime="20260221 22:36:01.316" endtime="20260221 22:36:02.950"/>
</kw>
<kw name="Wait Until Page Contains" library="SeleniumLibrary">
<arg>My Account</arg>
<doc>Waits until ``text`` appears on the current page.</doc>
<status status="PASS" starttime="20260221 22:36:02.950" endtime="20260221 22:36:02.975"/>
</kw>
<kw name="Wait Until Element Is Visible" library="SeleniumLibrary">
<arg>${MY_ACCOUNT_HEADING}</arg>
<doc>Waits until the element ``locator`` is visible.</doc>
<status status="PASS" starttime="20260221 22:36:02.975" endtime="20260221 22:36:03.008"/>
</kw>
<kw name="Page Should Contain" library="SeleniumLibrary">
<arg>My Account</arg>
<doc>Verifies that current page contains ``text``.</doc>
<msg timestamp="20260221 22:36:03.034" level="INFO">Current page contains text 'My Account'.</msg>
<status status="PASS" starttime="20260221 22:36:03.008" endtime="20260221 22:36:03.034"/>
</kw>
<kw name="Location Should Contain" library="SeleniumLibrary">
<arg>route=account/account</arg>
<doc>Verifies that the current URL contains ``expected``.</doc>
<msg timestamp="20260221 22:36:03.056" level="INFO">Current location contains 'route=account/account'.</msg>
<status status="PASS" starttime="20260221 22:36:03.034" endtime="20260221 22:36:03.056"/>
</kw>
<kw name="Log To Console" library="BuiltIn">
<arg>Login Successful</arg>
<doc>Logs the given message to the console.</doc>
<status status="PASS" starttime="20260221 22:36:03.056" endtime="20260221 22:36:03.057"/>
</kw>
<status status="PASS" starttime="20260221 22:36:01.315" endtime="20260221 22:36:03.057"/>
</kw>
<kw name="Logout User Successfully" library="logout_keywords">
<kw name="Wait Until Element Is Visible" library="SeleniumLibrary">
<arg>${MY_ACCOUNT_MENU}</arg>
<doc>Waits until the element ``locator`` is visible.</doc>
<status status="PASS" starttime="20260221 22:36:03.058" endtime="20260221 22:36:03.095"/>
</kw>
<kw name="Click Element" library="SeleniumLibrary">
<arg>${MY_ACCOUNT_MENU}</arg>
<doc>Click the element identified by ``locator``.</doc>
<msg timestamp="20260221 22:36:03.096" level="INFO">Clicking element 'xpath=//a[contains(@href,"route=account/account") and contains(@class,"dropdown-toggle")]'.</msg>
<status status="PASS" starttime="20260221 22:36:03.095" endtime="20260221 22:36:04.132"/>
</kw>
<kw name="Sleep" library="BuiltIn">
<arg>1s</arg>
<doc>Pauses the test executed for the given time.</doc>
<msg timestamp="20260221 22:36:05.133" level="INFO">Slept 1 second</msg>
<status status="PASS" starttime="20260221 22:36:04.132" endtime="20260221 22:36:05.134"/>
</kw>
<kw name="Wait Until Element Is Visible" library="SeleniumLibrary">
<arg>${LOGOUT_LINK}</arg>
<doc>Waits until the element ``locator`` is visible.</doc>
<status status="PASS" starttime="20260221 22:36:05.134" endtime="20260221 22:36:05.172"/>
</kw>
<kw name="Element Should Be Visible" library="SeleniumLibrary">
<arg>${LOGOUT_LINK}</arg>
<doc>Verifies that the element identified by ``locator`` is visible.</doc>
<msg timestamp="20260221 22:36:05.207" level="INFO">Element 'xpath=//a[contains(@href,"route=account/logout") and contains(text(),"Logout")]' is displayed.</msg>
<status status="PASS" starttime="20260221 22:36:05.173" endtime="20260221 22:36:05.207"/>
</kw>
<kw name="Click Element" library="SeleniumLibrary">
<arg>${LOGOUT_LINK}</arg>
<doc>Click the element identified by ``locator``.</doc>
<msg timestamp="20260221 22:36:05.208" level="INFO">Clicking element 'xpath=//a[contains(@href,"route=account/logout") and contains(text(),"Logout")]'.</msg>
<status status="PASS" starttime="20260221 22:36:05.207" endtime="20260221 22:36:06.765"/>
</kw>
<kw name="Wait Until Element Is Visible" library="SeleniumLibrary">
<arg>${LOGOUT_TEXT}</arg>
<doc>Waits until the element ``locator`` is visible.</doc>
<status status="PASS" starttime="20260221 22:36:06.766" endtime="20260221 22:36:06.810"/>
</kw>
<kw name="Element Should Be Visible" library="SeleniumLibrary">
<arg>${LOGOUT_TEXT}</arg>
<doc>Verifies that the element identified by ``locator`` is visible.</doc>
<msg timestamp="20260221 22:36:06.850" level="INFO">Element 'xpath=//h1[contains(text(),"Account Logout")]' is displayed.</msg>
<status status="PASS" starttime="20260221 22:36:06.811" endtime="20260221 22:36:06.850"/>
</kw>
<kw name="Page Should Contain" library="SeleniumLibrary">
<arg>Account Logout</arg>
<doc>Verifies that current page contains ``text``.</doc>
<msg timestamp="20260221 22:36:06.880" level="INFO">Current page contains text 'Account Logout'.</msg>
<status status="PASS" starttime="20260221 22:36:06.850" endtime="20260221 22:36:06.881"/>
</kw>
<kw name="Location Should Contain" library="SeleniumLibrary">
<arg>route=account/logout</arg>
<doc>Verifies that the current URL contains ``expected``.</doc>
<msg timestamp="20260221 22:36:06.896" level="INFO">Current location contains 'route=account/logout'.</msg>
<status status="PASS" starttime="20260221 22:36:06.881" endtime="20260221 22:36:06.896"/>
</kw>
<kw name="Log To Console" library="BuiltIn">
<arg>Logout Completed Successfully</arg>
<doc>Logs the given message to the console.</doc>
<status status="PASS" starttime="20260221 22:36:06.897" endtime="20260221 22:36:06.898"/>
</kw>
<status status="PASS" starttime="20260221 22:36:03.057" endtime="20260221 22:36:06.898"/>
</kw>
<status status="PASS" starttime="20260221 22:35:56.284" endtime="20260221 22:36:06.898"/>
</kw>
<kw name="Capture Screenshot On Failure" library="common" type="TEARDOWN">
<kw name="Run Keyword If Test Failed" library="BuiltIn">
<arg>Capture Page Screenshot</arg>
<doc>Runs the given keyword with the given arguments, if the test failed.</doc>
<status status="PASS" starttime="20260221 22:36:06.900" endtime="20260221 22:36:06.900"/>
</kw>
<status status="PASS" starttime="20260221 22:36:06.899" endtime="20260221 22:36:06.901"/>
</kw>
<status status="PASS" starttime="20260221 22:35:56.281" endtime="20260221 22:36:06.901"/>
</test>
<test id="s1-s5-t3" name="Logout for email - prasad3@gmail.com" line="19">
<kw name="Logout">
<arg>prasad3@gmail.com</arg>
<arg>invalid@123</arg>
<kw name="Login User" library="logout_keywords">
<kw name="Go To" library="SeleniumLibrary">
<arg>${BASE_URL}</arg>
<doc>Navigates the current browser window to the provided ``url``.</doc>
<msg timestamp="20260221 22:36:06.917" level="INFO">Opening url 'https://ecommerce-playground.lambdatest.io/index.php'</msg>
<status status="PASS" starttime="20260221 22:36:06.916" endtime="20260221 22:36:08.475"/>
</kw>
<kw name="Page Should Contain" library="SeleniumLibrary">
<arg>My account</arg>
<doc>Verifies that current page contains ``text``.</doc>
<msg timestamp="20260221 22:36:08.551" level="INFO">Current page contains text 'My account'.</msg>
<status status="PASS" starttime="20260221 22:36:08.475" endtime="20260221 22:36:08.552"/>
</kw>
<kw name="Wait Until Element Is Visible" library="SeleniumLibrary">
<arg>${MY_ACCOUNT_MENU}</arg>
<doc>Waits until the element ``locator`` is visible.</doc>
<status status="PASS" starttime="20260221 22:36:08.552" endtime="20260221 22:36:08.588"/>
</kw>
<kw name="Click Element" library="SeleniumLibrary">
<arg>${MY_ACCOUNT_MENU}</arg>
<doc>Click the element identified by ``locator``.</doc>
<msg timestamp="20260221 22:36:08.590" level="INFO">Clicking element 'xpath=//a[contains(@href,"route=account/account") and contains(@class,"dropdown-toggle")]'.</msg>
<status status="PASS" starttime="20260221 22:36:08.589" endtime="20260221 22:36:09.691"/>
</kw>
<kw name="Sleep" library="BuiltIn">
<arg>1s</arg>
<doc>Pauses the test executed for the given time.</doc>
<msg timestamp="20260221 22:36:10.692" level="INFO">Slept 1 second</msg>
<status status="PASS" starttime="20260221 22:36:09.691" endtime="20260221 22:36:10.692"/>
</kw>
<kw name="Wait Until Element Is Visible" library="SeleniumLibrary">
<arg>${LOGIN_LINK}</arg>
<doc>Waits until the element ``locator`` is visible.</doc>
<status status="PASS" starttime="20260221 22:36:10.692" endtime="20260221 22:36:10.725"/>
</kw>
<kw name="Click Element" library="SeleniumLibrary">
<arg>${LOGIN_LINK}</arg>
<doc>Click the element identified by ``locator``.</doc>
<msg timestamp="20260221 22:36:10.726" level="INFO">Clicking element 'xpath=//a[contains(@href,"route=account/login") and contains(text(),"Login")]'.</msg>
<status status="PASS" starttime="20260221 22:36:10.726" endtime="20260221 22:36:11.692"/>
</kw>
<kw name="Wait Until Page Contains" library="SeleniumLibrary">
<arg>Account Login</arg>
<doc>Waits until ``text`` appears on the current page.</doc>
<status status="PASS" starttime="20260221 22:36:11.692" endtime="20260221 22:36:11.712"/>
</kw>
<kw name="Location Should Contain" library="SeleniumLibrary">
<arg>route=account/login</arg>
<doc>Verifies that the current URL contains ``expected``.</doc>
<msg timestamp="20260221 22:36:11.721" level="INFO">Current location contains 'route=account/login'.</msg>
<status status="PASS" starttime="20260221 22:36:11.712" endtime="20260221 22:36:11.721"/>
</kw>
<status status="PASS" starttime="20260221 22:36:06.914" endtime="20260221 22:36:11.721"/>
</kw>
<kw name="input email for login" library="logout_keywords">
<arg>${email}</arg>
<kw name="Log To Console" library="BuiltIn">
<arg>Logging in with Email: ${email}</arg>
<doc>Logs the given message to the console.</doc>
<status status="PASS" starttime="20260221 22:36:11.724" endtime="20260221 22:36:11.724"/>
</kw>
<kw name="Input Text" library="SeleniumLibrary">
<arg>${EMAIL_INPUT}</arg>
<arg>${email}</arg>
<doc>Types the given ``text`` into the text field identified by ``locator``.</doc>
<msg timestamp="20260221 22:36:11.726" level="INFO">Typing text 'prasad3@gmail.com' into text field 'id=input-email'.</msg>
<status status="PASS" starttime="20260221 22:36:11.725" endtime="20260221 22:36:11.943"/>
</kw>
<status status="PASS" starttime="20260221 22:36:11.721" endtime="20260221 22:36:11.943"/>
</kw>
<kw name="input password for login" library="logout_keywords">
<arg>${password}</arg>
<kw name="Input Text" library="SeleniumLibrary">
<arg>${PASSWORD_INPUT}</arg>
<arg>${password}</arg>
<doc>Types the given ``text`` into the text field identified by ``locator``.</doc>
<msg timestamp="20260221 22:36:11.945" level="INFO">Typing text 'invalid@123' into text field 'id=input-password'.</msg>
<status status="PASS" starttime="20260221 22:36:11.944" endtime="20260221 22:36:12.133"/>
</kw>
<status status="PASS" starttime="20260221 22:36:11.943" endtime="20260221 22:36:12.133"/>
</kw>
<kw name="click login" library="logout_keywords">
<kw name="Click Button" library="SeleniumLibrary">
<arg>${LOGIN_BUTTON}</arg>
<doc>Clicks the button identified by ``locator``.</doc>
<msg timestamp="20260221 22:36:12.134" level="INFO">Clicking button 'css=input.btn.btn-primary[value="Login"]'.</msg>
<status status="PASS" starttime="20260221 22:36:12.134" endtime="20260221 22:36:13.697"/>
</kw>
<kw name="Wait Until Page Contains" library="SeleniumLibrary">
<arg>My Account</arg>
<doc>Waits until ``text`` appears on the current page.</doc>
<status status="PASS" starttime="20260221 22:36:13.697" endtime="20260221 22:36:13.731"/>
</kw>
<kw name="Wait Until Element Is Visible" library="SeleniumLibrary">
<arg>${MY_ACCOUNT_HEADING}</arg>
<doc>Waits until the element ``locator`` is visible.</doc>
<msg timestamp="20260221 22:36:24.180" level="INFO" html="true">&lt;/td&gt;&lt;/tr&gt;&lt;tr&gt;&lt;td colspan="3"&gt;&lt;a href="selenium-screenshot-19.png"&gt;&lt;img src="selenium-screenshot-19.png" width="800px"&gt;&lt;/a&gt;</msg>
<msg timestamp="20260221 22:36:24.181" level="FAIL">Element 'xpath=//h2[contains(text(),"My Account")]' not visible after 10 seconds.</msg>
<status status="FAIL" starttime="20260221 22:36:13.732" endtime="20260221 22:36:24.183"/>
</kw>
<kw name="Page Should Contain" library="SeleniumLibrary">
<arg>My Account</arg>
<doc>Verifies that current page contains ``text``.</doc>
<status status="NOT RUN" starttime="20260221 22:36:24.183" endtime="20260221 22:36:24.183"/>
</kw>
<kw name="Location Should Contain" library="SeleniumLibrary">
<arg>route=account/account</arg>
<doc>Verifies that the current URL contains ``expected``.</doc>
<status status="NOT RUN" starttime="20260221 22:36:24.183" endtime="20260221 22:36:24.184"/>
</kw>
<kw name="Log To Console" library="BuiltIn">
<arg>Login Successful</arg>
<doc>Logs the given message to the console.</doc>
<status status="NOT RUN" starttime="20260221 22:36:24.184" endtime="20260221 22:36:24.184"/>
</kw>
<status status="FAIL" starttime="20260221 22:36:12.133" endtime="20260221 22:36:24.184"/>
</kw>
<kw name="Logout User Successfully" library="logout_keywords">
<status status="NOT RUN" starttime="20260221 22:36:24.184" endtime="20260221 22:36:24.184"/>
</kw>
<status status="FAIL" starttime="20260221 22:36:06.913" endtime="20260221 22:36:24.184"/>
</kw>
<kw name="Capture Screenshot On Failure" library="common" type="TEARDOWN">
<kw name="Run Keyword If Test Failed" library="BuiltIn">
<arg>Capture Page Screenshot</arg>
<doc>Runs the given keyword with the given arguments, if the test failed.</doc>
<kw name="Capture Page Screenshot" library="SeleniumLibrary">
<doc>Takes a screenshot of the current page and embeds it into a log file.</doc>
<msg timestamp="20260221 22:36:24.611" level="INFO" html="true">&lt;/td&gt;&lt;/tr&gt;&lt;tr&gt;&lt;td colspan="3"&gt;&lt;a href="selenium-screenshot-20.png"&gt;&lt;img src="selenium-screenshot-20.png" width="800px"&gt;&lt;/a&gt;</msg>
<status status="PASS" starttime="20260221 22:36:24.186" endtime="20260221 22:36:24.612"/>
</kw>
<status status="PASS" starttime="20260221 22:36:24.186" endtime="20260221 22:36:24.612"/>
</kw>
<status status="PASS" starttime="20260221 22:36:24.185" endtime="20260221 22:36:24.612"/>
</kw>
<status status="FAIL" starttime="20260221 22:36:06.903" endtime="20260221 22:36:24.613">Element 'xpath=//h2[contains(text(),"My Account")]' not visible after 10 seconds.</status>
</test>
<kw name="Close Site" library="common" type="TEARDOWN">
<kw name="Close Browser" library="SeleniumLibrary">
<doc>Closes the current browser.</doc>
<status status="PASS" starttime="20260221 22:36:24.616" endtime="20260221 22:36:27.059"/>
</kw>
<status status="PASS" starttime="20260221 22:36:24.616" endtime="20260221 22:36:27.059"/>
</kw>
<status status="FAIL" starttime="20260221 22:35:27.347" endtime="20260221 22:36:27.059"/>
</suite>
<status status="FAIL" starttime="20260221 22:31:07.174" endtime="20260221 22:36:27.065"/>
</suite>
<statistics>
<total>
<stat pass="14" fail="1" skip="0">All Tests</stat>
</total>
<tag>
</tag>
<suite>
<stat pass="14" fail="1" skip="0" id="s1" name="Tests">Tests</stat>
<stat pass="3" fail="0" skip="0" id="s1-s1" name="Tc01 Register Login">Tests.Tc01 Register Login</stat>
<stat pass="3" fail="0" skip="0" id="s1-s2" name="Tc02 Search Product View">Tests.Tc02 Search Product View</stat>
<stat pass="3" fail="0" skip="0" id="s1-s3" name="Tc03 Add To Cart">Tests.Tc03 Add To Cart</stat>
<stat pass="3" fail="0" skip="0" id="s1-s4" name="Tc04 Cart Update Remove">Tests.Tc04 Cart Update Remove</stat>
<stat pass="2" fail="1" skip="0" id="s1-s5" name="Tc05 Logout">Tests.Tc05 Logout</stat>
</suite>
</statistics>
<errors>
</errors>
</robot>
