<?xml version="1.0" encoding="UTF-8"?>
<robot generator="Robot 6.1.1 (Python 3.13.0 on win32)" generated="20260219 18:15:38.502" rpa="false" schemaversion="4">
<suite id="s1" name="TEST E2E USER FLOW" source="C:\Users\abhir\PycharmProjects\Wipro_2026\robot_framework_capstone_oldoriginal\TEST_E2E_USER_FLOW">
<suite id="s1-s1" name="Tc0 Endtoend Users Flow" source="C:\Users\abhir\PycharmProjects\Wipro_2026\robot_framework_capstone_oldoriginal\TEST_E2E_USER_FLOW\tc0_endtoend_users_flow.robot">
<kw name="Open Site" library="common" type="SETUP">
<kw name="Open Browser" library="SeleniumLibrary">
<arg>${BASE_URL}</arg>
<arg>${BROWSER}</arg>
<doc>Opens a new browser instance to the optional ``url``.</doc>
<msg timestamp="20260219 18:15:39.299" level="INFO">Opening browser 'chrome' to base url 'https://ecommerce-playground.lambdatest.io/index.php'.</msg>
<status status="PASS" starttime="20260219 18:15:39.298" endtime="20260219 18:15:50.772"/>
</kw>
<kw name="Maximize Browser Window" library="SeleniumLibrary">
<doc>Maximizes current browser window.</doc>
<status status="PASS" starttime="20260219 18:15:50.772" endtime="20260219 18:15:50.915"/>
</kw>
<kw name="Set Selenium Timeout" library="SeleniumLibrary">
<arg>10s</arg>
<doc>Sets the timeout that is used by various keywords.</doc>
<status status="PASS" starttime="20260219 18:15:50.915" endtime="20260219 18:15:50.918"/>
</kw>
<status status="PASS" starttime="20260219 18:15:39.298" endtime="20260219 18:15:50.918"/>
</kw>
<test id="s1-s1-t1" name="end to end test for user- Abhi Ram" line="25">
<kw name="end to end flow">
<arg>Abhi</arg>
<arg>Ram</arg>
<arg>9876543210</arg>
<arg>Abhi@123</arg>
<arg>HP</arg>
<kw name="Register New User" library="register_keywords">
<kw name="Go To" library="SeleniumLibrary">
<arg>${BASE_URL}</arg>
<doc>Navigates the current browser window to the provided ``url``.</doc>
<msg timestamp="20260219 18:15:50.932" level="INFO">Opening url 'https://ecommerce-playground.lambdatest.io/index.php'</msg>
<status status="PASS" starttime="20260219 18:15:50.932" endtime="20260219 18:15:52.556"/>
</kw>
<kw name="Title Should Be" library="SeleniumLibrary">
<arg>Your Store</arg>
<doc>Verifies that the current page title equals ``title``.</doc>
<msg timestamp="20260219 18:15:52.584" level="INFO">Page title is 'Your Store'.</msg>
<status status="PASS" starttime="20260219 18:15:52.556" endtime="20260219 18:15:52.584"/>
</kw>
<kw name="Page Should Contain" library="SeleniumLibrary">
<arg>My account</arg>
<doc>Verifies that current page contains ``text``.</doc>
<msg timestamp="20260219 18:15:52.632" level="INFO">Current page contains text 'My account'.</msg>
<status status="PASS" starttime="20260219 18:15:52.585" endtime="20260219 18:15:52.632"/>
</kw>
<kw name="Wait Until Element Is Visible" library="SeleniumLibrary">
<arg>${MY_ACCOUNT_MENU}</arg>
<doc>Waits until the element ``locator`` is visible.</doc>
<status status="PASS" starttime="20260219 18:15:52.633" endtime="20260219 18:15:52.705"/>
</kw>
<kw name="Click Element" library="SeleniumLibrary">
<arg>${MY_ACCOUNT_MENU}</arg>
<doc>Click the element identified by ``locator``.</doc>
<msg timestamp="20260219 18:15:52.707" level="INFO">Clicking element 'xpath=//a[contains(@href,"route=account/account") and contains(@class,"dropdown-toggle")]'.</msg>
<status status="PASS" starttime="20260219 18:15:52.706" endtime="20260219 18:15:56.233"/>
</kw>
<kw name="Sleep" library="BuiltIn">
<arg>1s</arg>
<doc>Pauses the test executed for the given time.</doc>
<msg timestamp="20260219 18:15:57.236" level="INFO">Slept 1 second</msg>
<status status="PASS" starttime="20260219 18:15:56.233" endtime="20260219 18:15:57.236"/>
</kw>
<kw name="Wait Until Element Is Visible" library="SeleniumLibrary">
<arg>${REGISTER_LINK}</arg>
<doc>Waits until the element ``locator`` is visible.</doc>
<status status="PASS" starttime="20260219 18:15:57.237" endtime="20260219 18:15:57.286"/>
</kw>
<kw name="Click Element" library="SeleniumLibrary">
<arg>${REGISTER_LINK}</arg>
<doc>Click the element identified by ``locator``.</doc>
<msg timestamp="20260219 18:15:57.287" level="INFO">Clicking element 'xpath=//a[contains(@href,"route=account/register") and contains(text(),"Register")]'.</msg>
<status status="PASS" starttime="20260219 18:15:57.287" endtime="20260219 18:15:59.794"/>
</kw>
<kw name="Wait Until Page Contains" library="SeleniumLibrary">
<arg>Register Account</arg>
<doc>Waits until ``text`` appears on the current page.</doc>
<status status="PASS" starttime="20260219 18:15:59.794" endtime="20260219 18:15:59.817"/>
</kw>
<kw name="Location Should Contain" library="SeleniumLibrary">
<arg>route=account/register</arg>
<doc>Verifies that the current URL contains ``expected``.</doc>
<msg timestamp="20260219 18:15:59.828" level="INFO">Current location contains 'route=account/register'.</msg>
<status status="PASS" starttime="20260219 18:15:59.817" endtime="20260219 18:15:59.828"/>
</kw>
<status status="PASS" starttime="20260219 18:15:50.931" endtime="20260219 18:15:59.828"/>
</kw>
<kw name="input firstname" library="register_keywords">
<arg>${firstname}</arg>
<kw name="Input Text" library="SeleniumLibrary">
<arg>${FIRSTNAME_INPUT}</arg>
<arg>${firstname}</arg>
<doc>Types the given ``text`` into the text field identified by ``locator``.</doc>
<msg timestamp="20260219 18:15:59.830" level="INFO">Typing text 'Abhi' into text field 'id=input-firstname'.</msg>
<status status="PASS" starttime="20260219 18:15:59.829" endtime="20260219 18:16:00.021"/>
</kw>
<status status="PASS" starttime="20260219 18:15:59.829" endtime="20260219 18:16:00.021"/>
</kw>
<kw name="input lastname" library="register_keywords">
<arg>${lastname}</arg>
<kw name="Input Text" library="SeleniumLibrary">
<arg>${LASTNAME_INPUT}</arg>
<arg>${lastname}</arg>
<doc>Types the given ``text`` into the text field identified by ``locator``.</doc>
<msg timestamp="20260219 18:16:00.023" level="INFO">Typing text 'Ram' into text field 'id=input-lastname'.</msg>
<status status="PASS" starttime="20260219 18:16:00.022" endtime="20260219 18:16:00.215"/>
</kw>
<status status="PASS" starttime="20260219 18:16:00.021" endtime="20260219 18:16:00.215"/>
</kw>
<kw name="input email" library="register_keywords">
<kw name="Generate Unique Email" library="email_generator">
<kw name="Generate Random String" library="String">
<var>${random}</var>
<arg>4</arg>
<arg>0123456789</arg>
<doc>Generates a string with a desired ``length`` from the given ``chars``.</doc>
<msg timestamp="20260219 18:16:00.217" level="INFO">${random} = 9421</msg>
<status status="PASS" starttime="20260219 18:16:00.216" endtime="20260219 18:16:00.217"/>
</kw>
<kw name="Set Variable" library="BuiltIn">
<var>${email}</var>
<arg>test_user_${random}@gmail.com</arg>
<doc>Returns the given values which can then be assigned to a variables.</doc>
<msg timestamp="20260219 18:16:00.217" level="INFO">${email} = test_user_9421@gmail.com</msg>
<status status="PASS" starttime="20260219 18:16:00.217" endtime="20260219 18:16:00.217"/>
</kw>
<kw name="Set Suite Variable" library="BuiltIn">
<arg>${EMAIL}</arg>
<arg>${email}</arg>
<doc>Makes a variable available everywhere within the scope of the current suite.</doc>
<msg timestamp="20260219 18:16:00.218" level="INFO">${EMAIL} = test_user_9421@gmail.com</msg>
<status status="PASS" starttime="20260219 18:16:00.217" endtime="20260219 18:16:00.218"/>
</kw>
<kw name="Log To Console" library="BuiltIn">
<arg>Dynamic Email Generated: ${EMAIL}</arg>
<doc>Logs the given message to the console.</doc>
<status status="PASS" starttime="20260219 18:16:00.219" endtime="20260219 18:16:00.220"/>
</kw>
<status status="PASS" starttime="20260219 18:16:00.216" endtime="20260219 18:16:00.220"/>
</kw>
<kw name="Log To Console" library="BuiltIn">
<arg>Registering with Email: ${EMAIL}</arg>
<doc>Logs the given message to the console.</doc>
<status status="PASS" starttime="20260219 18:16:00.221" endtime="20260219 18:16:00.221"/>
</kw>
<kw name="Input Text" library="SeleniumLibrary">
<arg>${EMAIL_INPUT}</arg>
<arg>${EMAIL}</arg>
<doc>Types the given ``text`` into the text field identified by ``locator``.</doc>
<msg timestamp="20260219 18:16:00.223" level="INFO">Typing text 'test_user_9421@gmail.com' into text field 'id=input-email'.</msg>
<status status="PASS" starttime="20260219 18:16:00.221" endtime="20260219 18:16:00.465"/>
</kw>
<status status="PASS" starttime="20260219 18:16:00.215" endtime="20260219 18:16:00.465"/>
</kw>
<kw name="input phone" library="register_keywords">
<arg>${phone}</arg>
<kw name="Input Text" library="SeleniumLibrary">
<arg>${PHONE_INPUT}</arg>
<arg>${phone}</arg>
<doc>Types the given ``text`` into the text field identified by ``locator``.</doc>
<msg timestamp="20260219 18:16:00.467" level="INFO">Typing text '9876543210' into text field 'id=input-telephone'.</msg>
<status status="PASS" starttime="20260219 18:16:00.466" endtime="20260219 18:16:00.650"/>
</kw>
<status status="PASS" starttime="20260219 18:16:00.466" endtime="20260219 18:16:00.651"/>
</kw>
<kw name="input password" library="register_keywords">
<arg>${password}</arg>
<kw name="Input Text" library="SeleniumLibrary">
<arg>${PASSWORD_INPUT}</arg>
<arg>${password}</arg>
<doc>Types the given ``text`` into the text field identified by ``locator``.</doc>
<msg timestamp="20260219 18:16:00.652" level="INFO">Typing text 'Abhi@123' into text field 'id=input-password'.</msg>
<status status="PASS" starttime="20260219 18:16:00.652" endtime="20260219 18:16:00.820"/>
</kw>
<kw name="Input Text" library="SeleniumLibrary">
<arg>${CONFIRM_INPUT}</arg>
<arg>${password}</arg>
<doc>Types the given ``text`` into the text field identified by ``locator``.</doc>
<msg timestamp="20260219 18:16:00.821" level="INFO">Typing text 'Abhi@123' into text field 'id=input-confirm'.</msg>
<status status="PASS" starttime="20260219 18:16:00.820" endtime="20260219 18:16:00.975"/>
</kw>
<kw name="Textfield Value Should Be" library="SeleniumLibrary">
<arg>${CONFIRM_INPUT}</arg>
<arg>${password}</arg>
<doc>Verifies text field ``locator`` has exactly text ``expected``.</doc>
<msg timestamp="20260219 18:16:01.074" level="INFO">Content of text field 'id=input-confirm' is 'Abhi@123'.</msg>
<status status="PASS" starttime="20260219 18:16:00.975" endtime="20260219 18:16:01.074"/>
</kw>
<status status="PASS" starttime="20260219 18:16:00.651" endtime="20260219 18:16:01.074"/>
</kw>
<kw name="click agree" library="register_keywords">
<kw name="Click Element" library="SeleniumLibrary">
<arg>${AGREE_LABEL}</arg>
<doc>Click the element identified by ``locator``.</doc>
<msg timestamp="20260219 18:16:01.076" level="INFO">Clicking element 'xpath=//label[@for="input-agree"]'.</msg>
<status status="PASS" starttime="20260219 18:16:01.075" endtime="20260219 18:16:01.251"/>
</kw>
<kw name="Checkbox Should Be Selected" library="SeleniumLibrary">
<arg>id=input-agree</arg>
<doc>Verifies checkbox ``locator`` is selected/checked.</doc>
<msg timestamp="20260219 18:16:01.252" level="INFO">Verifying checkbox 'id=input-agree' is selected.</msg>
<status status="PASS" starttime="20260219 18:16:01.251" endtime="20260219 18:16:01.329"/>
</kw>
<status status="PASS" starttime="20260219 18:16:01.074" endtime="20260219 18:16:01.329"/>
</kw>
<kw name="click continue" library="register_keywords">
<kw name="Scroll Element Into View" library="SeleniumLibrary">
<arg>${CONTINUE_BUTTON}</arg>
<doc>Scrolls the element identified by ``locator`` into view.</doc>
<status status="PASS" starttime="20260219 18:16:01.330" endtime="20260219 18:16:01.635"/>
</kw>
<kw name="Click Button" library="SeleniumLibrary">
<arg>${CONTINUE_BUTTON}</arg>
<doc>Clicks the button identified by ``locator``.</doc>
<msg timestamp="20260219 18:16:01.636" level="INFO">Clicking button 'css=input.btn.btn-primary[type="submit"][value="Continue"]'.</msg>
<status status="PASS" starttime="20260219 18:16:01.636" endtime="20260219 18:16:04.949"/>
</kw>
<kw name="Wait Until Element Is Visible" library="SeleniumLibrary">
<arg>${SUCCESS_TEXT}</arg>
<doc>Waits until the element ``locator`` is visible.</doc>
<status status="PASS" starttime="20260219 18:16:04.950" endtime="20260219 18:16:04.984"/>
</kw>
<kw name="Page Should Contain" library="SeleniumLibrary">
<arg>Your Account Has Been Created</arg>
<doc>Verifies that current page contains ``text``.</doc>
<msg timestamp="20260219 18:16:05.005" level="INFO">Current page contains text 'Your Account Has Been Created'.</msg>
<status status="PASS" starttime="20260219 18:16:04.984" endtime="20260219 18:16:05.005"/>
</kw>
<kw name="Log To Console" library="BuiltIn">
<arg>Registration Completed Successfully for ${firstname}</arg>
<doc>Logs the given message to the console.</doc>
<status status="PASS" starttime="20260219 18:16:05.006" endtime="20260219 18:16:05.007"/>
</kw>
<status status="PASS" starttime="20260219 18:16:01.329" endtime="20260219 18:16:05.007"/>
</kw>
<kw name="click logout" library="register_keywords">
<kw name="Logout User Successfully" library="logout_keywords">
<kw name="Wait Until Element Is Visible" library="SeleniumLibrary">
<arg>${MY_ACCOUNT_MENU}</arg>
<doc>Waits until the element ``locator`` is visible.</doc>
<status status="PASS" starttime="20260219 18:16:05.008" endtime="20260219 18:16:05.059"/>
</kw>
<kw name="Click Element" library="SeleniumLibrary">
<arg>${MY_ACCOUNT_MENU}</arg>
<doc>Click the element identified by ``locator``.</doc>
<msg timestamp="20260219 18:16:05.061" level="INFO">Clicking element 'xpath=//a[contains(@href,"route=account/account") and contains(@class,"dropdown-toggle")]'.</msg>
<status status="PASS" starttime="20260219 18:16:05.059" endtime="20260219 18:16:06.955"/>
</kw>
<kw name="Sleep" library="BuiltIn">
<arg>1s</arg>
<doc>Pauses the test executed for the given time.</doc>
<msg timestamp="20260219 18:16:07.957" level="INFO">Slept 1 second</msg>
<status status="PASS" starttime="20260219 18:16:06.955" endtime="20260219 18:16:07.957"/>
</kw>
<kw name="Wait Until Element Is Visible" library="SeleniumLibrary">
<arg>${LOGOUT_LINK}</arg>
<doc>Waits until the element ``locator`` is visible.</doc>
<status status="PASS" starttime="20260219 18:16:07.957" endtime="20260219 18:16:08.005"/>
</kw>
<kw name="Element Should Be Visible" library="SeleniumLibrary">
<arg>${LOGOUT_LINK}</arg>
<doc>Verifies that the element identified by ``locator`` is visible.</doc>
<msg timestamp="20260219 18:16:08.043" level="INFO">Element 'xpath=//a[contains(@href,"route=account/logout") and contains(text(),"Logout")]' is displayed.</msg>
<status status="PASS" starttime="20260219 18:16:08.005" endtime="20260219 18:16:08.043"/>
</kw>
<kw name="Click Element" library="SeleniumLibrary">
<arg>${LOGOUT_LINK}</arg>
<doc>Click the element identified by ``locator``.</doc>
<msg timestamp="20260219 18:16:08.045" level="INFO">Clicking element 'xpath=//a[contains(@href,"route=account/logout") and contains(text(),"Logout")]'.</msg>
<status status="PASS" starttime="20260219 18:16:08.043" endtime="20260219 18:16:10.996"/>
</kw>
<kw name="Wait Until Element Is Visible" library="SeleniumLibrary">
<arg>${LOGOUT_TEXT}</arg>
<doc>Waits until the element ``locator`` is visible.</doc>
<status status="PASS" starttime="20260219 18:16:10.997" endtime="20260219 18:16:11.071"/>
</kw>
<kw name="Element Should Be Visible" library="SeleniumLibrary">
<arg>${LOGOUT_TEXT}</arg>
<doc>Verifies that the element identified by ``locator`` is visible.</doc>
<msg timestamp="20260219 18:16:11.103" level="INFO">Element 'xpath=//h1[contains(text(),"Account Logout")]' is displayed.</msg>
<status status="PASS" starttime="20260219 18:16:11.071" endtime="20260219 18:16:11.104"/>
</kw>
<kw name="Page Should Contain" library="SeleniumLibrary">
<arg>Account Logout</arg>
<doc>Verifies that current page contains ``text``.</doc>
<msg timestamp="20260219 18:16:11.131" level="INFO">Current page contains text 'Account Logout'.</msg>
<status status="PASS" starttime="20260219 18:16:11.104" endtime="20260219 18:16:11.131"/>
</kw>
<kw name="Location Should Contain" library="SeleniumLibrary">
<arg>route=account/logout</arg>
<doc>Verifies that the current URL contains ``expected``.</doc>
<msg timestamp="20260219 18:16:11.139" level="INFO">Current location contains 'route=account/logout'.</msg>
<status status="PASS" starttime="20260219 18:16:11.131" endtime="20260219 18:16:11.139"/>
</kw>
<kw name="Log To Console" library="BuiltIn">
<arg>Logout Completed Successfully</arg>
<doc>Logs the given message to the console.</doc>
<status status="PASS" starttime="20260219 18:16:11.139" endtime="20260219 18:16:11.140"/>
</kw>
<status status="PASS" starttime="20260219 18:16:05.007" endtime="20260219 18:16:11.140"/>
</kw>
<status status="PASS" starttime="20260219 18:16:05.007" endtime="20260219 18:16:11.140"/>
</kw>
<kw name="Login User Successfully" library="login_keywords">
<arg>${password}</arg>
<kw name="Go To" library="SeleniumLibrary">
<arg>${BASE_URL}</arg>
<doc>Navigates the current browser window to the provided ``url``.</doc>
<msg timestamp="20260219 18:16:11.143" level="INFO">Opening url 'https://ecommerce-playground.lambdatest.io/index.php'</msg>
<status status="PASS" starttime="20260219 18:16:11.141" endtime="20260219 18:16:11.777"/>
</kw>
<kw name="Page Should Contain" library="SeleniumLibrary">
<arg>My account</arg>
<doc>Verifies that current page contains ``text``.</doc>
<msg timestamp="20260219 18:16:12.464" level="INFO">Current page contains text 'My account'.</msg>
<status status="PASS" starttime="20260219 18:16:11.778" endtime="20260219 18:16:12.464"/>
</kw>
<kw name="Wait Until Element Is Visible" library="SeleniumLibrary">
<arg>${MY_ACCOUNT_MENU}</arg>
<doc>Waits until the element ``locator`` is visible.</doc>
<status status="PASS" starttime="20260219 18:16:12.465" endtime="20260219 18:16:12.542"/>
</kw>
<kw name="Click Element" library="SeleniumLibrary">
<arg>${MY_ACCOUNT_MENU}</arg>
<doc>Click the element identified by ``locator``.</doc>
<msg timestamp="20260219 18:16:12.544" level="INFO">Clicking element 'xpath=//a[contains(@href,"route=account/account") and contains(@class,"dropdown-toggle")]'.</msg>
<status status="PASS" starttime="20260219 18:16:12.542" endtime="20260219 18:16:13.593"/>
</kw>
<kw name="Sleep" library="BuiltIn">
<arg>1s</arg>
<doc>Pauses the test executed for the given time.</doc>
<msg timestamp="20260219 18:16:14.594" level="INFO">Slept 1 second</msg>
<status status="PASS" starttime="20260219 18:16:13.593" endtime="20260219 18:16:14.594"/>
</kw>
<kw name="Wait Until Element Is Visible" library="SeleniumLibrary">
<arg>${LOGIN_LINK}</arg>
<doc>Waits until the element ``locator`` is visible.</doc>
<status status="PASS" starttime="20260219 18:16:14.595" endtime="20260219 18:16:14.633"/>
</kw>
<kw name="Click Element" library="SeleniumLibrary">
<arg>${LOGIN_LINK}</arg>
<doc>Click the element identified by ``locator``.</doc>
<msg timestamp="20260219 18:16:14.634" level="INFO">Clicking element 'xpath=//a[contains(@href,"route=account/login") and contains(text(),"Login")]'.</msg>
<status status="PASS" starttime="20260219 18:16:14.633" endtime="20260219 18:16:15.478"/>
</kw>
<kw name="Wait Until Page Contains" library="SeleniumLibrary">
<arg>Account Login</arg>
<doc>Waits until ``text`` appears on the current page.</doc>
<status status="PASS" starttime="20260219 18:16:15.478" endtime="20260219 18:16:15.500"/>
</kw>
<kw name="Location Should Contain" library="SeleniumLibrary">
<arg>route=account/login</arg>
<doc>Verifies that the current URL contains ``expected``.</doc>
<msg timestamp="20260219 18:16:15.507" level="INFO">Current location contains 'route=account/login'.</msg>
<status status="PASS" starttime="20260219 18:16:15.501" endtime="20260219 18:16:15.508"/>
</kw>
<kw name="Log To Console" library="BuiltIn">
<arg>Logging in with Email: ${EMAIL}</arg>
<doc>Logs the given message to the console.</doc>
<status status="PASS" starttime="20260219 18:16:15.508" endtime="20260219 18:16:15.510"/>
</kw>
<kw name="Input Text" library="SeleniumLibrary">
<arg>${EMAIL_INPUT}</arg>
<arg>${EMAIL}</arg>
<doc>Types the given ``text`` into the text field identified by ``locator``.</doc>
<msg timestamp="20260219 18:16:15.511" level="INFO">Typing text 'test_user_9421@gmail.com' into text field 'id=input-email'.</msg>
<status status="PASS" starttime="20260219 18:16:15.510" endtime="20260219 18:16:15.779"/>
</kw>
<kw name="Input Text" library="SeleniumLibrary">
<arg>${PASSWORD_INPUT}</arg>
<arg>${password}</arg>
<doc>Types the given ``text`` into the text field identified by ``locator``.</doc>
<msg timestamp="20260219 18:16:15.780" level="INFO">Typing text 'Abhi@123' into text field 'id=input-password'.</msg>
<status status="PASS" starttime="20260219 18:16:15.779" endtime="20260219 18:16:15.914"/>
</kw>
<kw name="Click Button" library="SeleniumLibrary">
<arg>${LOGIN_BUTTON}</arg>
<doc>Clicks the button identified by ``locator``.</doc>
<msg timestamp="20260219 18:16:15.916" level="INFO">Clicking button 'css=input.btn.btn-primary[value="Login"]'.</msg>
<status status="PASS" starttime="20260219 18:16:15.914" endtime="20260219 18:16:16.070"/>
</kw>
<kw name="Wait Until Page Contains" library="SeleniumLibrary">
<arg>My Account</arg>
<doc>Waits until ``text`` appears on the current page.</doc>
<status status="PASS" starttime="20260219 18:16:16.070" endtime="20260219 18:16:17.475"/>
</kw>
<kw name="Wait Until Element Is Visible" library="SeleniumLibrary">
<arg>${MY_ACCOUNT_HEADING}</arg>
<doc>Waits until the element ``locator`` is visible.</doc>
<status status="PASS" starttime="20260219 18:16:17.475" endtime="20260219 18:16:17.516"/>
</kw>
<kw name="Page Should Contain" library="SeleniumLibrary">
<arg>My Account</arg>
<doc>Verifies that current page contains ``text``.</doc>
<msg timestamp="20260219 18:16:17.534" level="INFO">Current page contains text 'My Account'.</msg>
<status status="PASS" starttime="20260219 18:16:17.516" endtime="20260219 18:16:17.534"/>
</kw>
<kw name="Location Should Contain" library="SeleniumLibrary">
<arg>route=account/account</arg>
<doc>Verifies that the current URL contains ``expected``.</doc>
<msg timestamp="20260219 18:16:17.547" level="INFO">Current location contains 'route=account/account'.</msg>
<status status="PASS" starttime="20260219 18:16:17.534" endtime="20260219 18:16:17.547"/>
</kw>
<kw name="Log To Console" library="BuiltIn">
<arg>Login Successful After Logout</arg>
<doc>Logs the given message to the console.</doc>
<status status="PASS" starttime="20260219 18:16:17.547" endtime="20260219 18:16:17.548"/>
</kw>
<status status="PASS" starttime="20260219 18:16:11.140" endtime="20260219 18:16:17.548"/>
</kw>
<kw name="Search Products" library="search_keywords">
<kw name="Go To" library="SeleniumLibrary">
<arg>${BASE_URL}</arg>
<doc>Navigates the current browser window to the provided ``url``.</doc>
<msg timestamp="20260219 18:16:17.549" level="INFO">Opening url 'https://ecommerce-playground.lambdatest.io/index.php'</msg>
<status status="PASS" starttime="20260219 18:16:17.549" endtime="20260219 18:16:19.000"/>
</kw>
<kw name="Location Should Contain" library="SeleniumLibrary">
<arg>index.php</arg>
<doc>Verifies that the current URL contains ``expected``.</doc>
<msg timestamp="20260219 18:16:19.173" level="INFO">Current location contains 'index.php'.</msg>
<status status="PASS" starttime="20260219 18:16:19.001" endtime="20260219 18:16:19.173"/>
</kw>
<kw name="Page Should Contain" library="SeleniumLibrary">
<arg>Search</arg>
<doc>Verifies that current page contains ``text``.</doc>
<msg timestamp="20260219 18:16:19.213" level="INFO">Current page contains text 'Search'.</msg>
<status status="PASS" starttime="20260219 18:16:19.173" endtime="20260219 18:16:19.213"/>
</kw>
<kw name="Wait Until Element Is Visible" library="SeleniumLibrary">
<arg>${SEARCH_BOX}</arg>
<doc>Waits until the element ``locator`` is visible.</doc>
<status status="PASS" starttime="20260219 18:16:19.213" endtime="20260219 18:16:19.257"/>
</kw>
<kw name="Element Should Be Visible" library="SeleniumLibrary">
<arg>${SEARCH_BOX}</arg>
<doc>Verifies that the element identified by ``locator`` is visible.</doc>
<msg timestamp="20260219 18:16:19.288" level="INFO">Element 'name=search' is displayed.</msg>
<status status="PASS" starttime="20260219 18:16:19.258" endtime="20260219 18:16:19.288"/>
</kw>
<kw name="Element Should Be Enabled" library="SeleniumLibrary">
<arg>${SEARCH_BOX}</arg>
<doc>Verifies that element identified by ``locator`` is enabled.</doc>
<status status="PASS" starttime="20260219 18:16:19.289" endtime="20260219 18:16:19.345"/>
</kw>
<status status="PASS" starttime="20260219 18:16:17.548" endtime="20260219 18:16:19.346"/>
</kw>
<kw name="input search" library="search_keywords">
<arg>${product}</arg>
<kw name="Clear Element Text" library="SeleniumLibrary">
<arg>${SEARCH_BOX}</arg>
<doc>Clears the value of the text-input-element identified by ``locator``.</doc>
<status status="PASS" starttime="20260219 18:16:19.357" endtime="20260219 18:16:19.439"/>
</kw>
<kw name="Input Text" library="SeleniumLibrary">
<arg>${SEARCH_BOX}</arg>
<arg>${product}</arg>
<doc>Types the given ``text`` into the text field identified by ``locator``.</doc>
<msg timestamp="20260219 18:16:19.440" level="INFO">Typing text 'HP' into text field 'name=search'.</msg>
<status status="PASS" starttime="20260219 18:16:19.439" endtime="20260219 18:16:19.572"/>
</kw>
<kw name="Textfield Value Should Be" library="SeleniumLibrary">
<arg>${SEARCH_BOX}</arg>
<arg>${product}</arg>
<doc>Verifies text field ``locator`` has exactly text ``expected``.</doc>
<msg timestamp="20260219 18:16:19.671" level="INFO">Content of text field 'name=search' is 'HP'.</msg>
<status status="PASS" starttime="20260219 18:16:19.573" endtime="20260219 18:16:19.671"/>
</kw>
<status status="PASS" starttime="20260219 18:16:19.346" endtime="20260219 18:16:19.671"/>
</kw>
<kw name="input enter" library="search_keywords">
<kw name="Press Keys" library="SeleniumLibrary">
<arg>${SEARCH_BOX}</arg>
<arg>ENTER</arg>
<doc>Simulates the user pressing key(s) to an element or on the active browser.</doc>
<msg timestamp="20260219 18:16:19.674" level="INFO">Sending key(s) ('ENTER',) to name=search element.</msg>
<msg timestamp="20260219 18:16:19.977" level="INFO">Pressing special key ENTER to element.</msg>
<msg timestamp="20260219 18:16:19.977" level="INFO">Releasing special key ENTER.</msg>
<status status="PASS" starttime="20260219 18:16:19.672" endtime="20260219 18:16:19.995"/>
</kw>
<kw name="Sleep" library="BuiltIn">
<arg>3s</arg>
<doc>Pauses the test executed for the given time.</doc>
<msg timestamp="20260219 18:16:22.997" level="INFO">Slept 3 seconds</msg>
<status status="PASS" starttime="20260219 18:16:19.996" endtime="20260219 18:16:22.997"/>
</kw>
<status status="PASS" starttime="20260219 18:16:19.672" endtime="20260219 18:16:22.998"/>
</kw>
<kw name="validation" library="search_keywords">
<kw name="Wait Until Page Contains" library="SeleniumLibrary">
<arg>Search</arg>
<doc>Waits until ``text`` appears on the current page.</doc>
<status status="PASS" starttime="20260219 18:16:22.998" endtime="20260219 18:16:24.721"/>
</kw>
<kw name="Page Should Contain Element" library="SeleniumLibrary">
<arg>${FIRST_PRODUCT}</arg>
<doc>Verifies that element ``locator`` is found on the current page.</doc>
<msg timestamp="20260219 18:16:24.747" level="INFO">Current page contains element 'xpath=(//div[contains(@class,"product-thumb")]//h4/a)[1]'.</msg>
<status status="PASS" starttime="20260219 18:16:24.721" endtime="20260219 18:16:24.747"/>
</kw>
<kw name="Page Should Contain" library="SeleniumLibrary">
<arg>${PRODUCT_NAME}</arg>
<doc>Verifies that current page contains ``text``.</doc>
<msg timestamp="20260219 18:16:24.782" level="INFO">Current page contains text 'HP'.</msg>
<status status="PASS" starttime="20260219 18:16:24.747" endtime="20260219 18:16:24.782"/>
</kw>
<kw name="Log To Console" library="BuiltIn">
<arg>Product Search Completed Successfully!</arg>
<doc>Logs the given message to the console.</doc>
<status status="PASS" starttime="20260219 18:16:24.783" endtime="20260219 18:16:24.791"/>
</kw>
<status status="PASS" starttime="20260219 18:16:22.998" endtime="20260219 18:16:24.791"/>
</kw>
<kw name="Open First Product Details" library="product_keywords">
<kw name="Wait Until Element Is Visible" library="SeleniumLibrary">
<arg>${FIRST_PRODUCT}</arg>
<doc>Waits until the element ``locator`` is visible.</doc>
<status status="PASS" starttime="20260219 18:16:24.793" endtime="20260219 18:16:24.890"/>
</kw>
<kw name="Element Should Be Visible" library="SeleniumLibrary">
<arg>${FIRST_PRODUCT}</arg>
<doc>Verifies that the element identified by ``locator`` is visible.</doc>
<msg timestamp="20260219 18:16:24.978" level="INFO">Element 'xpath=(//div[contains(@class,"product-thumb")]//h4/a)[1]' is displayed.</msg>
<status status="PASS" starttime="20260219 18:16:24.891" endtime="20260219 18:16:24.979"/>
</kw>
<kw name="Element Should Be Enabled" library="SeleniumLibrary">
<arg>${FIRST_PRODUCT}</arg>
<doc>Verifies that element identified by ``locator`` is enabled.</doc>
<status status="PASS" starttime="20260219 18:16:24.979" endtime="20260219 18:16:25.038"/>
</kw>
<kw name="Click Element" library="SeleniumLibrary">
<arg>${FIRST_PRODUCT}</arg>
<doc>Click the element identified by ``locator``.</doc>
<msg timestamp="20260219 18:16:25.039" level="INFO">Clicking element 'xpath=(//div[contains(@class,"product-thumb")]//h4/a)[1]'.</msg>
<status status="PASS" starttime="20260219 18:16:25.038" endtime="20260219 18:16:30.033"/>
</kw>
<kw name="Location Should Contain" library="SeleniumLibrary">
<arg>route=product</arg>
<doc>Verifies that the current URL contains ``expected``.</doc>
<msg timestamp="20260219 18:16:30.044" level="INFO">Current location contains 'route=product'.</msg>
<status status="PASS" starttime="20260219 18:16:30.033" endtime="20260219 18:16:30.044"/>
</kw>
<kw name="Wait Until Element Is Visible" library="SeleniumLibrary">
<arg>${PRODUCT_TITLE}</arg>
<doc>Waits until the element ``locator`` is visible.</doc>
<status status="PASS" starttime="20260219 18:16:30.045" endtime="20260219 18:16:30.077"/>
</kw>
<kw name="Element Should Be Visible" library="SeleniumLibrary">
<arg>${PRODUCT_TITLE}</arg>
<doc>Verifies that the element identified by ``locator`` is visible.</doc>
<msg timestamp="20260219 18:16:30.130" level="INFO">Element 'css=h1' is displayed.</msg>
<status status="PASS" starttime="20260219 18:16:30.077" endtime="20260219 18:16:30.130"/>
</kw>
<kw name="Get Text" library="SeleniumLibrary">
<var>${title}</var>
<arg>${PRODUCT_TITLE}</arg>
<doc>Returns the text value of the element identified by ``locator``.</doc>
<msg timestamp="20260219 18:16:30.170" level="INFO">${title} = HP LP3065</msg>
<status status="PASS" starttime="20260219 18:16:30.131" endtime="20260219 18:16:30.170"/>
</kw>
<kw name="Should Not Be Empty" library="BuiltIn">
<arg>${title}</arg>
<doc>Verifies that the given item is not empty.</doc>
<msg timestamp="20260219 18:16:30.171" level="INFO">Length is 9</msg>
<status status="PASS" starttime="20260219 18:16:30.171" endtime="20260219 18:16:30.171"/>
</kw>
<kw name="Log To Console" library="BuiltIn">
<arg>Product Details Page Opened Successfully!</arg>
<doc>Logs the given message to the console.</doc>
<status status="PASS" starttime="20260219 18:16:30.171" endtime="20260219 18:16:30.172"/>
</kw>
<kw name="Log To Console" library="BuiltIn">
<arg>Opened Product: ${title}</arg>
<doc>Logs the given message to the console.</doc>
<status status="PASS" starttime="20260219 18:16:30.172" endtime="20260219 18:16:30.173"/>
</kw>
<kw name="Element Should Be Visible" library="SeleniumLibrary">
<arg>${ADD_TO_CART}</arg>
<doc>Verifies that the element identified by ``locator`` is visible.</doc>
<msg timestamp="20260219 18:16:30.261" level="INFO">Element 'css=div#entry_216842 button[title='Add to Cart']' is displayed.</msg>
<status status="PASS" starttime="20260219 18:16:30.173" endtime="20260219 18:16:30.261"/>
</kw>
<status status="PASS" starttime="20260219 18:16:24.793" endtime="20260219 18:16:30.261"/>
</kw>
<kw name="Add Product To Cart And Validate Success" library="cart_keywords">
<kw name="Run Keyword And Return Status" library="BuiltIn">
<var>${present}</var>
<arg>Wait Until Element Is Visible</arg>
<arg>${ADD_TO_CART}</arg>
<arg>5s</arg>
<doc>Runs the given keyword with given arguments and returns the status as a Boolean value.</doc>
<kw name="Wait Until Element Is Visible" library="SeleniumLibrary">
<arg>${ADD_TO_CART}</arg>
<arg>5s</arg>
<doc>Waits until the element ``locator`` is visible.</doc>
<status status="PASS" starttime="20260219 18:16:30.263" endtime="20260219 18:16:30.315"/>
</kw>
<msg timestamp="20260219 18:16:30.316" level="INFO">${present} = True</msg>
<status status="PASS" starttime="20260219 18:16:30.262" endtime="20260219 18:16:30.316"/>
</kw>
<if>
<branch type="IF" condition="not ${present}">
<kw name="Log To Console" library="BuiltIn">
<arg>❌ Add To Cart not found (Out of Stock). Skipping...</arg>
<doc>Logs the given message to the console.</doc>
<status status="NOT RUN" starttime="20260219 18:16:30.316" endtime="20260219 18:16:30.325"/>
</kw>
<kw name="Return From Keyword" library="BuiltIn">
<doc>Returns from the enclosing user keyword.</doc>
<status status="NOT RUN" starttime="20260219 18:16:30.326" endtime="20260219 18:16:30.326"/>
</kw>
<status status="NOT RUN" starttime="20260219 18:16:30.316" endtime="20260219 18:16:30.326"/>
</branch>
<status status="PASS" starttime="20260219 18:16:30.316" endtime="20260219 18:16:30.326"/>
</if>
<kw name="Scroll Element Into View" library="SeleniumLibrary">
<arg>${ADD_TO_CART}</arg>
<doc>Scrolls the element identified by ``locator`` into view.</doc>
<status status="PASS" starttime="20260219 18:16:30.326" endtime="20260219 18:16:30.637"/>
</kw>
<kw name="Run Keyword And Return Status" library="BuiltIn">
<var>${enabled}</var>
<arg>Element Should Be Enabled</arg>
<arg>${ADD_TO_CART}</arg>
<doc>Runs the given keyword with given arguments and returns the status as a Boolean value.</doc>
<kw name="Element Should Be Enabled" library="SeleniumLibrary">
<arg>${ADD_TO_CART}</arg>
<doc>Verifies that element identified by ``locator`` is enabled.</doc>
<status status="PASS" starttime="20260219 18:16:30.638" endtime="20260219 18:16:30.691"/>
</kw>
<msg timestamp="20260219 18:16:30.691" level="INFO">${enabled} = True</msg>
<status status="PASS" starttime="20260219 18:16:30.637" endtime="20260219 18:16:30.691"/>
</kw>
<if>
<branch type="IF" condition="not ${enabled}">
<kw name="Log To Console" library="BuiltIn">
<arg>⚠️ Product Out of Stock (Button Disabled). Skipping Add To Cart...</arg>
<doc>Logs the given message to the console.</doc>
<status status="NOT RUN" starttime="20260219 18:16:30.692" endtime="20260219 18:16:30.692"/>
</kw>
<kw name="Return From Keyword" library="BuiltIn">
<doc>Returns from the enclosing user keyword.</doc>
<status status="NOT RUN" starttime="20260219 18:16:30.692" endtime="20260219 18:16:30.692"/>
</kw>
<status status="NOT RUN" starttime="20260219 18:16:30.692" endtime="20260219 18:16:30.692"/>
</branch>
<status status="PASS" starttime="20260219 18:16:30.692" endtime="20260219 18:16:30.692"/>
</if>
<kw name="Click Element" library="SeleniumLibrary">
<arg>${ADD_TO_CART}</arg>
<doc>Click the element identified by ``locator``.</doc>
<msg timestamp="20260219 18:16:30.694" level="INFO">Clicking element 'css=div#entry_216842 button[title='Add to Cart']'.</msg>
<status status="PASS" starttime="20260219 18:16:30.693" endtime="20260219 18:16:30.810"/>
</kw>
<kw name="Sleep" library="BuiltIn">
<arg>3s</arg>
<doc>Pauses the test executed for the given time.</doc>
<msg timestamp="20260219 18:16:33.811" level="INFO">Slept 3 seconds</msg>
<status status="PASS" starttime="20260219 18:16:30.810" endtime="20260219 18:16:33.811"/>
</kw>
<kw name="Run Keyword And Return Status" library="BuiltIn">
<var>${success}</var>
<arg>Wait Until Element Is Visible</arg>
<arg>${CART_SUCCESS_MSG}</arg>
<arg>5s</arg>
<doc>Runs the given keyword with given arguments and returns the status as a Boolean value.</doc>
<kw name="Wait Until Element Is Visible" library="SeleniumLibrary">
<arg>${CART_SUCCESS_MSG}</arg>
<arg>5s</arg>
<doc>Waits until the element ``locator`` is visible.</doc>
<status status="PASS" starttime="20260219 18:16:33.812" endtime="20260219 18:16:33.871"/>
</kw>
<msg timestamp="20260219 18:16:33.871" level="INFO">${success} = True</msg>
<status status="PASS" starttime="20260219 18:16:33.812" endtime="20260219 18:16:33.871"/>
</kw>
<if>
<branch type="IF" condition="not ${success}">
<kw name="Log To Console" library="BuiltIn">
<arg>⚠️ No success message appeared. Product may not be added.</arg>
<doc>Logs the given message to the console.</doc>
<status status="NOT RUN" starttime="20260219 18:16:33.872" endtime="20260219 18:16:33.872"/>
</kw>
<kw name="Return From Keyword" library="BuiltIn">
<doc>Returns from the enclosing user keyword.</doc>
<status status="NOT RUN" starttime="20260219 18:16:33.872" endtime="20260219 18:16:33.872"/>
</kw>
<status status="NOT RUN" starttime="20260219 18:16:33.871" endtime="20260219 18:16:33.872"/>
</branch>
<status status="PASS" starttime="20260219 18:16:33.871" endtime="20260219 18:16:33.872"/>
</if>
<kw name="Log To Console" library="BuiltIn">
<arg>✅ Product Added To Cart Successfully!</arg>
<doc>Logs the given message to the console.</doc>
<status status="PASS" starttime="20260219 18:16:33.872" endtime="20260219 18:16:33.875"/>
</kw>
<kw name="Wait Until Element Is Visible" library="SeleniumLibrary">
<arg>${VIEW_CART_BTN}</arg>
<doc>Waits until the element ``locator`` is visible.</doc>
<status status="PASS" starttime="20260219 18:16:33.875" endtime="20260219 18:16:33.988"/>
</kw>
<kw name="Element Should Be Visible" library="SeleniumLibrary">
<arg>${VIEW_CART_BTN}</arg>
<doc>Verifies that the element identified by ``locator`` is visible.</doc>
<msg timestamp="20260219 18:16:34.021" level="INFO">Element 'xpath=//a[normalize-space()="View Cart"]' is displayed.</msg>
<status status="PASS" starttime="20260219 18:16:33.989" endtime="20260219 18:16:34.021"/>
</kw>
<status status="PASS" starttime="20260219 18:16:30.261" endtime="20260219 18:16:34.021"/>
</kw>
<kw name="Update Cart Quantity And Remove Item" library="cart_update_remove_keywords">
<kw name="Run Keyword And Return Status" library="BuiltIn">
<var>${cart_visible}</var>
<arg>Wait Until Element Is Visible</arg>
<arg>${VIEW_CART_BTN}</arg>
<arg>5s</arg>
<doc>Runs the given keyword with given arguments and returns the status as a Boolean value.</doc>
<kw name="Wait Until Element Is Visible" library="SeleniumLibrary">
<arg>${VIEW_CART_BTN}</arg>
<arg>5s</arg>
<doc>Waits until the element ``locator`` is visible.</doc>
<status status="PASS" starttime="20260219 18:16:34.023" endtime="20260219 18:16:34.052"/>
</kw>
<msg timestamp="20260219 18:16:34.052" level="INFO">${cart_visible} = True</msg>
<status status="PASS" starttime="20260219 18:16:34.022" endtime="20260219 18:16:34.052"/>
</kw>
<if>
<branch type="IF" condition="not ${cart_visible}">
<kw name="Log To Console" library="BuiltIn">
<arg>⚠️ View Cart button not available. Cart may be empty. Skipping Update/Remove...</arg>
<doc>Logs the given message to the console.</doc>
<status status="NOT RUN" starttime="20260219 18:16:34.053" endtime="20260219 18:16:34.053"/>
</kw>
<kw name="Return From Keyword" library="BuiltIn">
<doc>Returns from the enclosing user keyword.</doc>
<status status="NOT RUN" starttime="20260219 18:16:34.053" endtime="20260219 18:16:34.054"/>
</kw>
<status status="NOT RUN" starttime="20260219 18:16:34.053" endtime="20260219 18:16:34.054"/>
</branch>
<status status="PASS" starttime="20260219 18:16:34.052" endtime="20260219 18:16:34.054"/>
</if>
<kw name="Click Element" library="SeleniumLibrary">
<arg>${VIEW_CART_BTN}</arg>
<doc>Click the element identified by ``locator``.</doc>
<msg timestamp="20260219 18:16:34.055" level="INFO">Clicking element 'xpath=//a[normalize-space()="View Cart"]'.</msg>
<status status="PASS" starttime="20260219 18:16:34.054" endtime="20260219 18:16:35.387"/>
</kw>
<kw name="Wait Until Element Is Visible" library="SeleniumLibrary">
<arg>${CART_HEADING}</arg>
<arg>5s</arg>
<doc>Waits until the element ``locator`` is visible.</doc>
<status status="PASS" starttime="20260219 18:16:35.387" endtime="20260219 18:16:35.420"/>
</kw>
<kw name="Log To Console" library="BuiltIn">
<arg>✅ Shopping Cart Page Opened</arg>
<doc>Logs the given message to the console.</doc>
<status status="PASS" starttime="20260219 18:16:35.420" endtime="20260219 18:16:35.421"/>
</kw>
<kw name="Run Keyword And Return Status" library="BuiltIn">
<var>${qty_present}</var>
<arg>Wait Until Element Is Visible</arg>
<arg>${QTY_BOX}</arg>
<arg>5s</arg>
<doc>Runs the given keyword with given arguments and returns the status as a Boolean value.</doc>
<kw name="Wait Until Element Is Visible" library="SeleniumLibrary">
<arg>${QTY_BOX}</arg>
<arg>5s</arg>
<doc>Waits until the element ``locator`` is visible.</doc>
<status status="PASS" starttime="20260219 18:16:35.421" endtime="20260219 18:16:35.469"/>
</kw>
<msg timestamp="20260219 18:16:35.469" level="INFO">${qty_present} = True</msg>
<status status="PASS" starttime="20260219 18:16:35.421" endtime="20260219 18:16:35.469"/>
</kw>
<if>
<branch type="IF" condition="not ${qty_present}">
<kw name="Log To Console" library="BuiltIn">
<arg>⚠️ No items found in cart. Skipping update/remove...</arg>
<doc>Logs the given message to the console.</doc>
<status status="NOT RUN" starttime="20260219 18:16:35.470" endtime="20260219 18:16:35.470"/>
</kw>
<kw name="Return From Keyword" library="BuiltIn">
<doc>Returns from the enclosing user keyword.</doc>
<status status="NOT RUN" starttime="20260219 18:16:35.470" endtime="20260219 18:16:35.470"/>
</kw>
<status status="NOT RUN" starttime="20260219 18:16:35.469" endtime="20260219 18:16:35.470"/>
</branch>
<status status="PASS" starttime="20260219 18:16:35.469" endtime="20260219 18:16:35.470"/>
</if>
<kw name="Clear Element Text" library="SeleniumLibrary">
<arg>${QTY_BOX}</arg>
<doc>Clears the value of the text-input-element identified by ``locator``.</doc>
<status status="PASS" starttime="20260219 18:16:35.470" endtime="20260219 18:16:35.549"/>
</kw>
<kw name="Input Text" library="SeleniumLibrary">
<arg>${QTY_BOX}</arg>
<arg>2</arg>
<doc>Types the given ``text`` into the text field identified by ``locator``.</doc>
<msg timestamp="20260219 18:16:35.551" level="INFO">Typing text '2' into text field 'xpath=//input[contains(@name,"quantity")]'.</msg>
<status status="PASS" starttime="20260219 18:16:35.550" endtime="20260219 18:16:35.717"/>
</kw>
<kw name="Textfield Value Should Be" library="SeleniumLibrary">
<arg>${QTY_BOX}</arg>
<arg>2</arg>
<doc>Verifies text field ``locator`` has exactly text ``expected``.</doc>
<msg timestamp="20260219 18:16:35.772" level="INFO">Content of text field 'xpath=//input[contains(@name,"quantity")]' is '2'.</msg>
<status status="PASS" starttime="20260219 18:16:35.717" endtime="20260219 18:16:35.772"/>
</kw>
<kw name="Run Keyword And Return Status" library="BuiltIn">
<var>${update_enabled}</var>
<arg>Element Should Be Enabled</arg>
<arg>${UPDATE_BTN}</arg>
<doc>Runs the given keyword with given arguments and returns the status as a Boolean value.</doc>
<kw name="Element Should Be Enabled" library="SeleniumLibrary">
<arg>${UPDATE_BTN}</arg>
<doc>Verifies that element identified by ``locator`` is enabled.</doc>
<status status="PASS" starttime="20260219 18:16:35.773" endtime="20260219 18:16:35.819"/>
</kw>
<msg timestamp="20260219 18:16:35.819" level="INFO">${update_enabled} = True</msg>
<status status="PASS" starttime="20260219 18:16:35.773" endtime="20260219 18:16:35.819"/>
</kw>
<if>
<branch type="IF" condition="not ${update_enabled}">
<kw name="Log To Console" library="BuiltIn">
<arg>⚠️ Update button not enabled. Skipping...</arg>
<doc>Logs the given message to the console.</doc>
<status status="NOT RUN" starttime="20260219 18:16:35.820" endtime="20260219 18:16:35.820"/>
</kw>
<kw name="Return From Keyword" library="BuiltIn">
<doc>Returns from the enclosing user keyword.</doc>
<status status="NOT RUN" starttime="20260219 18:16:35.820" endtime="20260219 18:16:35.820"/>
</kw>
<status status="NOT RUN" starttime="20260219 18:16:35.819" endtime="20260219 18:16:35.820"/>
</branch>
<status status="PASS" starttime="20260219 18:16:35.819" endtime="20260219 18:16:35.820"/>
</if>
<kw name="Click Element" library="SeleniumLibrary">
<arg>${UPDATE_BTN}</arg>
<doc>Click the element identified by ``locator``.</doc>
<msg timestamp="20260219 18:16:35.821" level="INFO">Clicking element 'xpath=//*[@id="content"]/form/div/table/tbody/tr/td[4]/div/div/button[1]'.</msg>
<status status="PASS" starttime="20260219 18:16:35.820" endtime="20260219 18:16:36.741"/>
</kw>
<kw name="Run Keyword And Return Status" library="BuiltIn">
<var>${update_msg}</var>
<arg>Page Should Contain</arg>
<arg>Success: You have modified your shopping cart</arg>
<doc>Runs the given keyword with given arguments and returns the status as a Boolean value.</doc>
<kw name="Page Should Contain" library="SeleniumLibrary">
<arg>Success: You have modified your shopping cart</arg>
<doc>Verifies that current page contains ``text``.</doc>
<msg timestamp="20260219 18:16:36.762" level="INFO">Current page contains text 'Success: You have modified your shopping cart'.</msg>
<status status="PASS" starttime="20260219 18:16:36.741" endtime="20260219 18:16:36.762"/>
</kw>
<msg timestamp="20260219 18:16:36.762" level="INFO">${update_msg} = True</msg>
<status status="PASS" starttime="20260219 18:16:36.741" endtime="20260219 18:16:36.762"/>
</kw>
<if>
<branch type="IF" condition="${update_msg}">
<kw name="Log To Console" library="BuiltIn">
<arg>✅ Quantity Updated Successfully</arg>
<doc>Logs the given message to the console.</doc>
<status status="PASS" starttime="20260219 18:16:36.763" endtime="20260219 18:16:36.763"/>
</kw>
<status status="PASS" starttime="20260219 18:16:36.762" endtime="20260219 18:16:36.763"/>
</branch>
<branch type="ELSE">
<kw name="Log To Console" library="BuiltIn">
<arg>⚠️ Update message not displayed, continuing...</arg>
<doc>Logs the given message to the console.</doc>
<status status="NOT RUN" starttime="20260219 18:16:36.763" endtime="20260219 18:16:36.763"/>
</kw>
<status status="NOT RUN" starttime="20260219 18:16:36.763" endtime="20260219 18:16:36.763"/>
</branch>
<status status="PASS" starttime="20260219 18:16:36.762" endtime="20260219 18:16:36.763"/>
</if>
<kw name="Run Keyword And Return Status" library="BuiltIn">
<var>${remove_enabled}</var>
<arg>Element Should Be Enabled</arg>
<arg>${REMOVE_BTN}</arg>
<doc>Runs the given keyword with given arguments and returns the status as a Boolean value.</doc>
<kw name="Element Should Be Enabled" library="SeleniumLibrary">
<arg>${REMOVE_BTN}</arg>
<doc>Verifies that element identified by ``locator`` is enabled.</doc>
<status status="PASS" starttime="20260219 18:16:36.764" endtime="20260219 18:16:36.805"/>
</kw>
<msg timestamp="20260219 18:16:36.805" level="INFO">${remove_enabled} = True</msg>
<status status="PASS" starttime="20260219 18:16:36.764" endtime="20260219 18:16:36.805"/>
</kw>
<if>
<branch type="IF" condition="not ${remove_enabled}">
<kw name="Log To Console" library="BuiltIn">
<arg>⚠️ Remove button not enabled. Skipping...</arg>
<doc>Logs the given message to the console.</doc>
<status status="NOT RUN" starttime="20260219 18:16:36.806" endtime="20260219 18:16:36.806"/>
</kw>
<kw name="Return From Keyword" library="BuiltIn">
<doc>Returns from the enclosing user keyword.</doc>
<status status="NOT RUN" starttime="20260219 18:16:36.806" endtime="20260219 18:16:36.806"/>
</kw>
<status status="NOT RUN" starttime="20260219 18:16:36.806" endtime="20260219 18:16:36.807"/>
</branch>
<status status="PASS" starttime="20260219 18:16:36.806" endtime="20260219 18:16:36.807"/>
</if>
<kw name="Click Element" library="SeleniumLibrary">
<arg>${REMOVE_BTN}</arg>
<doc>Click the element identified by ``locator``.</doc>
<msg timestamp="20260219 18:16:36.808" level="INFO">Clicking element 'xpath=//*[@id="content"]/form/div/table/tbody/tr/td[4]/div/div/button[2]'.</msg>
<status status="PASS" starttime="20260219 18:16:36.807" endtime="20260219 18:16:36.918"/>
</kw>
<kw name="Sleep" library="BuiltIn">
<arg>2s</arg>
<doc>Pauses the test executed for the given time.</doc>
<msg timestamp="20260219 18:16:38.920" level="INFO">Slept 2 seconds</msg>
<status status="PASS" starttime="20260219 18:16:36.919" endtime="20260219 18:16:38.920"/>
</kw>
<kw name="Run Keyword And Return Status" library="BuiltIn">
<var>${empty_cart}</var>
<arg>Wait Until Page Contains</arg>
<arg>Your shopping cart is empty!</arg>
<arg>5s</arg>
<doc>Runs the given keyword with given arguments and returns the status as a Boolean value.</doc>
<kw name="Wait Until Page Contains" library="SeleniumLibrary">
<arg>Your shopping cart is empty!</arg>
<arg>5s</arg>
<doc>Waits until ``text`` appears on the current page.</doc>
<status status="PASS" starttime="20260219 18:16:38.921" endtime="20260219 18:16:38.959"/>
</kw>
<msg timestamp="20260219 18:16:38.959" level="INFO">${empty_cart} = True</msg>
<status status="PASS" starttime="20260219 18:16:38.921" endtime="20260219 18:16:38.959"/>
</kw>
<if>
<branch type="IF" condition="${empty_cart}">
<kw name="Log To Console" library="BuiltIn">
<arg>✅ Item Removed Successfully and Cart is Empty</arg>
<doc>Logs the given message to the console.</doc>
<status status="PASS" starttime="20260219 18:16:38.960" endtime="20260219 18:16:38.961"/>
</kw>
<status status="PASS" starttime="20260219 18:16:38.959" endtime="20260219 18:16:38.961"/>
</branch>
<branch type="ELSE">
<kw name="Log To Console" library="BuiltIn">
<arg>⚠️ Cart empty message not shown.</arg>
<doc>Logs the given message to the console.</doc>
<status status="NOT RUN" starttime="20260219 18:16:38.962" endtime="20260219 18:16:38.962"/>
</kw>
<status status="NOT RUN" starttime="20260219 18:16:38.961" endtime="20260219 18:16:38.962"/>
</branch>
<status status="PASS" starttime="20260219 18:16:38.959" endtime="20260219 18:16:38.962"/>
</if>
<status status="PASS" starttime="20260219 18:16:34.022" endtime="20260219 18:16:38.962"/>
</kw>
<kw name="Logout User Successfully" library="logout_keywords">
<kw name="Wait Until Element Is Visible" library="SeleniumLibrary">
<arg>${MY_ACCOUNT_MENU}</arg>
<doc>Waits until the element ``locator`` is visible.</doc>
<status status="PASS" starttime="20260219 18:16:38.962" endtime="20260219 18:16:39.095"/>
</kw>
<kw name="Click Element" library="SeleniumLibrary">
<arg>${MY_ACCOUNT_MENU}</arg>
<doc>Click the element identified by ``locator``.</doc>
<msg timestamp="20260219 18:16:39.096" level="INFO">Clicking element 'xpath=//a[contains(@href,"route=account/account") and contains(@class,"dropdown-toggle")]'.</msg>
<status status="PASS" starttime="20260219 18:16:39.095" endtime="20260219 18:16:40.070"/>
</kw>
<kw name="Sleep" library="BuiltIn">
<arg>1s</arg>
<doc>Pauses the test executed for the given time.</doc>
<msg timestamp="20260219 18:16:41.071" level="INFO">Slept 1 second</msg>
<status status="PASS" starttime="20260219 18:16:40.070" endtime="20260219 18:16:41.072"/>
</kw>
<kw name="Wait Until Element Is Visible" library="SeleniumLibrary">
<arg>${LOGOUT_LINK}</arg>
<doc>Waits until the element ``locator`` is visible.</doc>
<status status="PASS" starttime="20260219 18:16:41.072" endtime="20260219 18:16:41.113"/>
</kw>
<kw name="Element Should Be Visible" library="SeleniumLibrary">
<arg>${LOGOUT_LINK}</arg>
<doc>Verifies that the element identified by ``locator`` is visible.</doc>
<msg timestamp="20260219 18:16:41.147" level="INFO">Element 'xpath=//a[contains(@href,"route=account/logout") and contains(text(),"Logout")]' is displayed.</msg>
<status status="PASS" starttime="20260219 18:16:41.113" endtime="20260219 18:16:41.147"/>
</kw>
<kw name="Click Element" library="SeleniumLibrary">
<arg>${LOGOUT_LINK}</arg>
<doc>Click the element identified by ``locator``.</doc>
<msg timestamp="20260219 18:16:41.149" level="INFO">Clicking element 'xpath=//a[contains(@href,"route=account/logout") and contains(text(),"Logout")]'.</msg>
<status status="PASS" starttime="20260219 18:16:41.147" endtime="20260219 18:16:42.344"/>
</kw>
<kw name="Wait Until Element Is Visible" library="SeleniumLibrary">
<arg>${LOGOUT_TEXT}</arg>
<doc>Waits until the element ``locator`` is visible.</doc>
<status status="PASS" starttime="20260219 18:16:42.348" endtime="20260219 18:16:42.375"/>
</kw>
<kw name="Element Should Be Visible" library="SeleniumLibrary">
<arg>${LOGOUT_TEXT}</arg>
<doc>Verifies that the element identified by ``locator`` is visible.</doc>
<msg timestamp="20260219 18:16:42.402" level="INFO">Element 'xpath=//h1[contains(text(),"Account Logout")]' is displayed.</msg>
<status status="PASS" starttime="20260219 18:16:42.375" endtime="20260219 18:16:42.402"/>
</kw>
<kw name="Page Should Contain" library="SeleniumLibrary">
<arg>Account Logout</arg>
<doc>Verifies that current page contains ``text``.</doc>
<msg timestamp="20260219 18:16:42.421" level="INFO">Current page contains text 'Account Logout'.</msg>
<status status="PASS" starttime="20260219 18:16:42.402" endtime="20260219 18:16:42.421"/>
</kw>
<kw name="Location Should Contain" library="SeleniumLibrary">
<arg>route=account/logout</arg>
<doc>Verifies that the current URL contains ``expected``.</doc>
<msg timestamp="20260219 18:16:42.431" level="INFO">Current location contains 'route=account/logout'.</msg>
<status status="PASS" starttime="20260219 18:16:42.422" endtime="20260219 18:16:42.431"/>
</kw>
<kw name="Log To Console" library="BuiltIn">
<arg>Logout Completed Successfully</arg>
<doc>Logs the given message to the console.</doc>
<status status="PASS" starttime="20260219 18:16:42.431" endtime="20260219 18:16:42.432"/>
</kw>
<status status="PASS" starttime="20260219 18:16:38.962" endtime="20260219 18:16:42.432"/>
</kw>
<status status="PASS" starttime="20260219 18:15:50.931" endtime="20260219 18:16:42.432"/>
</kw>
<kw name="Capture Screenshot On Failure" library="common" type="TEARDOWN">
<kw name="Run Keyword If Test Failed" library="BuiltIn">
<arg>Capture Page Screenshot</arg>
<doc>Runs the given keyword with the given arguments, if the test failed.</doc>
<status status="PASS" starttime="20260219 18:16:42.434" endtime="20260219 18:16:42.434"/>
</kw>
<status status="PASS" starttime="20260219 18:16:42.433" endtime="20260219 18:16:42.434"/>
</kw>
<status status="PASS" starttime="20260219 18:15:50.918" endtime="20260219 18:16:42.435"/>
</test>
<test id="s1-s1-t2" name="end to end test for user- mohan rupesh" line="25">
<kw name="end to end flow">
<arg>mohan</arg>
<arg>rupesh</arg>
<arg>9123456789</arg>
<arg>Rupesh@123</arg>
<arg>nikon d300</arg>
<kw name="Register New User" library="register_keywords">
<kw name="Go To" library="SeleniumLibrary">
<arg>${BASE_URL}</arg>
<doc>Navigates the current browser window to the provided ``url``.</doc>
<msg timestamp="20260219 18:16:42.445" level="INFO">Opening url 'https://ecommerce-playground.lambdatest.io/index.php'</msg>
<status status="PASS" starttime="20260219 18:16:42.445" endtime="20260219 18:16:43.288"/>
</kw>
<kw name="Title Should Be" library="SeleniumLibrary">
<arg>Your Store</arg>
<doc>Verifies that the current page title equals ``title``.</doc>
<msg timestamp="20260219 18:16:43.616" level="INFO">Page title is 'Your Store'.</msg>
<status status="PASS" starttime="20260219 18:16:43.289" endtime="20260219 18:16:43.617"/>
</kw>
<kw name="Page Should Contain" library="SeleniumLibrary">
<arg>My account</arg>
<doc>Verifies that current page contains ``text``.</doc>
<msg timestamp="20260219 18:16:43.841" level="INFO">Current page contains text 'My account'.</msg>
<status status="PASS" starttime="20260219 18:16:43.617" endtime="20260219 18:16:43.841"/>
</kw>
<kw name="Wait Until Element Is Visible" library="SeleniumLibrary">
<arg>${MY_ACCOUNT_MENU}</arg>
<doc>Waits until the element ``locator`` is visible.</doc>
<status status="PASS" starttime="20260219 18:16:43.842" endtime="20260219 18:16:43.882"/>
</kw>
<kw name="Click Element" library="SeleniumLibrary">
<arg>${MY_ACCOUNT_MENU}</arg>
<doc>Click the element identified by ``locator``.</doc>
<msg timestamp="20260219 18:16:43.883" level="INFO">Clicking element 'xpath=//a[contains(@href,"route=account/account") and contains(@class,"dropdown-toggle")]'.</msg>
<status status="PASS" starttime="20260219 18:16:43.882" endtime="20260219 18:16:45.751"/>
</kw>
<kw name="Sleep" library="BuiltIn">
<arg>1s</arg>
<doc>Pauses the test executed for the given time.</doc>
<msg timestamp="20260219 18:16:46.753" level="INFO">Slept 1 second</msg>
<status status="PASS" starttime="20260219 18:16:45.752" endtime="20260219 18:16:46.753"/>
</kw>
<kw name="Wait Until Element Is Visible" library="SeleniumLibrary">
<arg>${REGISTER_LINK}</arg>
<doc>Waits until the element ``locator`` is visible.</doc>
<status status="PASS" starttime="20260219 18:16:46.753" endtime="20260219 18:16:46.809"/>
</kw>
<kw name="Click Element" library="SeleniumLibrary">
<arg>${REGISTER_LINK}</arg>
<doc>Click the element identified by ``locator``.</doc>
<msg timestamp="20260219 18:16:46.810" level="INFO">Clicking element 'xpath=//a[contains(@href,"route=account/register") and contains(text(),"Register")]'.</msg>
<status status="PASS" starttime="20260219 18:16:46.809" endtime="20260219 18:16:47.550"/>
</kw>
<kw name="Wait Until Page Contains" library="SeleniumLibrary">
<arg>Register Account</arg>
<doc>Waits until ``text`` appears on the current page.</doc>
<status status="PASS" starttime="20260219 18:16:47.550" endtime="20260219 18:16:47.586"/>
</kw>
<kw name="Location Should Contain" library="SeleniumLibrary">
<arg>route=account/register</arg>
<doc>Verifies that the current URL contains ``expected``.</doc>
<msg timestamp="20260219 18:16:47.600" level="INFO">Current location contains 'route=account/register'.</msg>
<status status="PASS" starttime="20260219 18:16:47.586" endtime="20260219 18:16:47.600"/>
</kw>
<status status="PASS" starttime="20260219 18:16:42.444" endtime="20260219 18:16:47.601"/>
</kw>
<kw name="input firstname" library="register_keywords">
<arg>${firstname}</arg>
<kw name="Input Text" library="SeleniumLibrary">
<arg>${FIRSTNAME_INPUT}</arg>
<arg>${firstname}</arg>
<doc>Types the given ``text`` into the text field identified by ``locator``.</doc>
<msg timestamp="20260219 18:16:47.605" level="INFO">Typing text 'mohan' into text field 'id=input-firstname'.</msg>
<status status="PASS" starttime="20260219 18:16:47.602" endtime="20260219 18:16:47.762"/>
</kw>
<status status="PASS" starttime="20260219 18:16:47.601" endtime="20260219 18:16:47.762"/>
</kw>
<kw name="input lastname" library="register_keywords">
<arg>${lastname}</arg>
<kw name="Input Text" library="SeleniumLibrary">
<arg>${LASTNAME_INPUT}</arg>
<arg>${lastname}</arg>
<doc>Types the given ``text`` into the text field identified by ``locator``.</doc>
<msg timestamp="20260219 18:16:47.764" level="INFO">Typing text 'rupesh' into text field 'id=input-lastname'.</msg>
<status status="PASS" starttime="20260219 18:16:47.763" endtime="20260219 18:16:47.905"/>
</kw>
<status status="PASS" starttime="20260219 18:16:47.762" endtime="20260219 18:16:47.905"/>
</kw>
<kw name="input email" library="register_keywords">
<kw name="Generate Unique Email" library="email_generator">
<kw name="Generate Random String" library="String">
<var>${random}</var>
<arg>4</arg>
<arg>0123456789</arg>
<doc>Generates a string with a desired ``length`` from the given ``chars``.</doc>
<msg timestamp="20260219 18:16:47.906" level="INFO">${random} = 6760</msg>
<status status="PASS" starttime="20260219 18:16:47.906" endtime="20260219 18:16:47.906"/>
</kw>
<kw name="Set Variable" library="BuiltIn">
<var>${email}</var>
<arg>test_user_${random}@gmail.com</arg>
<doc>Returns the given values which can then be assigned to a variables.</doc>
<msg timestamp="20260219 18:16:47.907" level="INFO">${email} = test_user_6760@gmail.com</msg>
<status status="PASS" starttime="20260219 18:16:47.906" endtime="20260219 18:16:47.907"/>
</kw>
<kw name="Set Suite Variable" library="BuiltIn">
<arg>${EMAIL}</arg>
<arg>${email}</arg>
<doc>Makes a variable available everywhere within the scope of the current suite.</doc>
<msg timestamp="20260219 18:16:47.908" level="INFO">${EMAIL} = test_user_6760@gmail.com</msg>
<status status="PASS" starttime="20260219 18:16:47.907" endtime="20260219 18:16:47.908"/>
</kw>
<kw name="Log To Console" library="BuiltIn">
<arg>Dynamic Email Generated: ${EMAIL}</arg>
<doc>Logs the given message to the console.</doc>
<status status="PASS" starttime="20260219 18:16:47.908" endtime="20260219 18:16:47.909"/>
</kw>
<status status="PASS" starttime="20260219 18:16:47.905" endtime="20260219 18:16:47.909"/>
</kw>
<kw name="Log To Console" library="BuiltIn">
<arg>Registering with Email: ${EMAIL}</arg>
<doc>Logs the given message to the console.</doc>
<status status="PASS" starttime="20260219 18:16:47.909" endtime="20260219 18:16:47.909"/>
</kw>
<kw name="Input Text" library="SeleniumLibrary">
<arg>${EMAIL_INPUT}</arg>
<arg>${EMAIL}</arg>
<doc>Types the given ``text`` into the text field identified by ``locator``.</doc>
<msg timestamp="20260219 18:16:47.910" level="INFO">Typing text 'test_user_6760@gmail.com' into text field 'id=input-email'.</msg>
<status status="PASS" starttime="20260219 18:16:47.909" endtime="20260219 18:16:48.147"/>
</kw>
<status status="PASS" starttime="20260219 18:16:47.905" endtime="20260219 18:16:48.147"/>
</kw>
<kw name="input phone" library="register_keywords">
<arg>${phone}</arg>
<kw name="Input Text" library="SeleniumLibrary">
<arg>${PHONE_INPUT}</arg>
<arg>${phone}</arg>
<doc>Types the given ``text`` into the text field identified by ``locator``.</doc>
<msg timestamp="20260219 18:16:48.149" level="INFO">Typing text '9123456789' into text field 'id=input-telephone'.</msg>
<status status="PASS" starttime="20260219 18:16:48.148" endtime="20260219 18:16:48.288"/>
</kw>
<status status="PASS" starttime="20260219 18:16:48.147" endtime="20260219 18:16:48.289"/>
</kw>
<kw name="input password" library="register_keywords">
<arg>${password}</arg>
<kw name="Input Text" library="SeleniumLibrary">
<arg>${PASSWORD_INPUT}</arg>
<arg>${password}</arg>
<doc>Types the given ``text`` into the text field identified by ``locator``.</doc>
<msg timestamp="20260219 18:16:48.291" level="INFO">Typing text 'Rupesh@123' into text field 'id=input-password'.</msg>
<status status="PASS" starttime="20260219 18:16:48.290" endtime="20260219 18:16:48.491"/>
</kw>
<kw name="Input Text" library="SeleniumLibrary">
<arg>${CONFIRM_INPUT}</arg>
<arg>${password}</arg>
<doc>Types the given ``text`` into the text field identified by ``locator``.</doc>
<msg timestamp="20260219 18:16:48.492" level="INFO">Typing text 'Rupesh@123' into text field 'id=input-confirm'.</msg>
<status status="PASS" starttime="20260219 18:16:48.491" endtime="20260219 18:16:48.657"/>
</kw>
<kw name="Textfield Value Should Be" library="SeleniumLibrary">
<arg>${CONFIRM_INPUT}</arg>
<arg>${password}</arg>
<doc>Verifies text field ``locator`` has exactly text ``expected``.</doc>
<msg timestamp="20260219 18:16:48.729" level="INFO">Content of text field 'id=input-confirm' is 'Rupesh@123'.</msg>
<status status="PASS" starttime="20260219 18:16:48.657" endtime="20260219 18:16:48.729"/>
</kw>
<status status="PASS" starttime="20260219 18:16:48.289" endtime="20260219 18:16:48.729"/>
</kw>
<kw name="click agree" library="register_keywords">
<kw name="Click Element" library="SeleniumLibrary">
<arg>${AGREE_LABEL}</arg>
<doc>Click the element identified by ``locator``.</doc>
<msg timestamp="20260219 18:16:48.731" level="INFO">Clicking element 'xpath=//label[@for="input-agree"]'.</msg>
<status status="PASS" starttime="20260219 18:16:48.730" endtime="20260219 18:16:48.888"/>
</kw>
<kw name="Checkbox Should Be Selected" library="SeleniumLibrary">
<arg>id=input-agree</arg>
<doc>Verifies checkbox ``locator`` is selected/checked.</doc>
<msg timestamp="20260219 18:16:48.890" level="INFO">Verifying checkbox 'id=input-agree' is selected.</msg>
<status status="PASS" starttime="20260219 18:16:48.889" endtime="20260219 18:16:48.989"/>
</kw>
<status status="PASS" starttime="20260219 18:16:48.729" endtime="20260219 18:16:48.989"/>
</kw>
<kw name="click continue" library="register_keywords">
<kw name="Scroll Element Into View" library="SeleniumLibrary">
<arg>${CONTINUE_BUTTON}</arg>
<doc>Scrolls the element identified by ``locator`` into view.</doc>
<status status="PASS" starttime="20260219 18:16:48.990" endtime="20260219 18:16:49.286"/>
</kw>
<kw name="Click Button" library="SeleniumLibrary">
<arg>${CONTINUE_BUTTON}</arg>
<doc>Clicks the button identified by ``locator``.</doc>
<msg timestamp="20260219 18:16:49.287" level="INFO">Clicking button 'css=input.btn.btn-primary[type="submit"][value="Continue"]'.</msg>
<status status="PASS" starttime="20260219 18:16:49.286" endtime="20260219 18:16:50.671"/>
</kw>
<kw name="Wait Until Element Is Visible" library="SeleniumLibrary">
<arg>${SUCCESS_TEXT}</arg>
<doc>Waits until the element ``locator`` is visible.</doc>
<status status="PASS" starttime="20260219 18:16:50.672" endtime="20260219 18:16:50.737"/>
</kw>
<kw name="Page Should Contain" library="SeleniumLibrary">
<arg>Your Account Has Been Created</arg>
<doc>Verifies that current page contains ``text``.</doc>
<msg timestamp="20260219 18:16:50.760" level="INFO">Current page contains text 'Your Account Has Been Created'.</msg>
<status status="PASS" starttime="20260219 18:16:50.737" endtime="20260219 18:16:50.760"/>
</kw>
<kw name="Log To Console" library="BuiltIn">
<arg>Registration Completed Successfully for ${firstname}</arg>
<doc>Logs the given message to the console.</doc>
<status status="PASS" starttime="20260219 18:16:50.761" endtime="20260219 18:16:50.762"/>
</kw>
<status status="PASS" starttime="20260219 18:16:48.989" endtime="20260219 18:16:50.762"/>
</kw>
<kw name="click logout" library="register_keywords">
<kw name="Logout User Successfully" library="logout_keywords">
<kw name="Wait Until Element Is Visible" library="SeleniumLibrary">
<arg>${MY_ACCOUNT_MENU}</arg>
<doc>Waits until the element ``locator`` is visible.</doc>
<status status="PASS" starttime="20260219 18:16:50.763" endtime="20260219 18:16:50.836"/>
</kw>
<kw name="Click Element" library="SeleniumLibrary">
<arg>${MY_ACCOUNT_MENU}</arg>
<doc>Click the element identified by ``locator``.</doc>
<msg timestamp="20260219 18:16:50.837" level="INFO">Clicking element 'xpath=//a[contains(@href,"route=account/account") and contains(@class,"dropdown-toggle")]'.</msg>
<status status="PASS" starttime="20260219 18:16:50.836" endtime="20260219 18:16:51.997"/>
</kw>
<kw name="Sleep" library="BuiltIn">
<arg>1s</arg>
<doc>Pauses the test executed for the given time.</doc>
<msg timestamp="20260219 18:16:52.999" level="INFO">Slept 1 second</msg>
<status status="PASS" starttime="20260219 18:16:51.997" endtime="20260219 18:16:52.999"/>
</kw>
<kw name="Wait Until Element Is Visible" library="SeleniumLibrary">
<arg>${LOGOUT_LINK}</arg>
<doc>Waits until the element ``locator`` is visible.</doc>
<status status="PASS" starttime="20260219 18:16:52.999" endtime="20260219 18:16:53.049"/>
</kw>
<kw name="Element Should Be Visible" library="SeleniumLibrary">
<arg>${LOGOUT_LINK}</arg>
<doc>Verifies that the element identified by ``locator`` is visible.</doc>
<msg timestamp="20260219 18:16:53.109" level="INFO">Element 'xpath=//a[contains(@href,"route=account/logout") and contains(text(),"Logout")]' is displayed.</msg>
<status status="PASS" starttime="20260219 18:16:53.049" endtime="20260219 18:16:53.109"/>
</kw>
<kw name="Click Element" library="SeleniumLibrary">
<arg>${LOGOUT_LINK}</arg>
<doc>Click the element identified by ``locator``.</doc>
<msg timestamp="20260219 18:16:53.110" level="INFO">Clicking element 'xpath=//a[contains(@href,"route=account/logout") and contains(text(),"Logout")]'.</msg>
<status status="PASS" starttime="20260219 18:16:53.109" endtime="20260219 18:16:54.611"/>
</kw>
<kw name="Wait Until Element Is Visible" library="SeleniumLibrary">
<arg>${LOGOUT_TEXT}</arg>
<doc>Waits until the element ``locator`` is visible.</doc>
<status status="PASS" starttime="20260219 18:16:54.612" endtime="20260219 18:16:54.645"/>
</kw>
<kw name="Element Should Be Visible" library="SeleniumLibrary">
<arg>${LOGOUT_TEXT}</arg>
<doc>Verifies that the element identified by ``locator`` is visible.</doc>
<msg timestamp="20260219 18:16:54.670" level="INFO">Element 'xpath=//h1[contains(text(),"Account Logout")]' is displayed.</msg>
<status status="PASS" starttime="20260219 18:16:54.645" endtime="20260219 18:16:54.671"/>
</kw>
<kw name="Page Should Contain" library="SeleniumLibrary">
<arg>Account Logout</arg>
<doc>Verifies that current page contains ``text``.</doc>
<msg timestamp="20260219 18:16:54.687" level="INFO">Current page contains text 'Account Logout'.</msg>
<status status="PASS" starttime="20260219 18:16:54.671" endtime="20260219 18:16:54.688"/>
</kw>
<kw name="Location Should Contain" library="SeleniumLibrary">
<arg>route=account/logout</arg>
<doc>Verifies that the current URL contains ``expected``.</doc>
<msg timestamp="20260219 18:16:54.698" level="INFO">Current location contains 'route=account/logout'.</msg>
<status status="PASS" starttime="20260219 18:16:54.688" endtime="20260219 18:16:54.698"/>
</kw>
<kw name="Log To Console" library="BuiltIn">
<arg>Logout Completed Successfully</arg>
<doc>Logs the given message to the console.</doc>
<status status="PASS" starttime="20260219 18:16:54.698" endtime="20260219 18:16:54.699"/>
</kw>
<status status="PASS" starttime="20260219 18:16:50.762" endtime="20260219 18:16:54.699"/>
</kw>
<status status="PASS" starttime="20260219 18:16:50.762" endtime="20260219 18:16:54.699"/>
</kw>
<kw name="Login User Successfully" library="login_keywords">
<arg>${password}</arg>
<kw name="Go To" library="SeleniumLibrary">
<arg>${BASE_URL}</arg>
<doc>Navigates the current browser window to the provided ``url``.</doc>
<msg timestamp="20260219 18:16:54.700" level="INFO">Opening url 'https://ecommerce-playground.lambdatest.io/index.php'</msg>
<status status="PASS" starttime="20260219 18:16:54.700" endtime="20260219 18:16:55.997"/>
</kw>
<kw name="Page Should Contain" library="SeleniumLibrary">
<arg>My account</arg>
<doc>Verifies that current page contains ``text``.</doc>
<msg timestamp="20260219 18:16:56.047" level="INFO">Current page contains text 'My account'.</msg>
<status status="PASS" starttime="20260219 18:16:55.997" endtime="20260219 18:16:56.047"/>
</kw>
<kw name="Wait Until Element Is Visible" library="SeleniumLibrary">
<arg>${MY_ACCOUNT_MENU}</arg>
<doc>Waits until the element ``locator`` is visible.</doc>
<status status="PASS" starttime="20260219 18:16:56.047" endtime="20260219 18:16:56.103"/>
</kw>
<kw name="Click Element" library="SeleniumLibrary">
<arg>${MY_ACCOUNT_MENU}</arg>
<doc>Click the element identified by ``locator``.</doc>
<msg timestamp="20260219 18:16:56.104" level="INFO">Clicking element 'xpath=//a[contains(@href,"route=account/account") and contains(@class,"dropdown-toggle")]'.</msg>
<status status="PASS" starttime="20260219 18:16:56.103" endtime="20260219 18:16:57.264"/>
</kw>
<kw name="Sleep" library="BuiltIn">
<arg>1s</arg>
<doc>Pauses the test executed for the given time.</doc>
<msg timestamp="20260219 18:16:58.268" level="INFO">Slept 1 second</msg>
<status status="PASS" starttime="20260219 18:16:57.264" endtime="20260219 18:16:58.268"/>
</kw>
<kw name="Wait Until Element Is Visible" library="SeleniumLibrary">
<arg>${LOGIN_LINK}</arg>
<doc>Waits until the element ``locator`` is visible.</doc>
<status status="PASS" starttime="20260219 18:16:58.268" endtime="20260219 18:16:58.313"/>
</kw>
<kw name="Click Element" library="SeleniumLibrary">
<arg>${LOGIN_LINK}</arg>
<doc>Click the element identified by ``locator``.</doc>
<msg timestamp="20260219 18:16:58.315" level="INFO">Clicking element 'xpath=//a[contains(@href,"route=account/login") and contains(text(),"Login")]'.</msg>
<status status="PASS" starttime="20260219 18:16:58.314" endtime="20260219 18:16:59.217"/>
</kw>
<kw name="Wait Until Page Contains" library="SeleniumLibrary">
<arg>Account Login</arg>
<doc>Waits until ``text`` appears on the current page.</doc>
<status status="PASS" starttime="20260219 18:16:59.217" endtime="20260219 18:16:59.251"/>
</kw>
<kw name="Location Should Contain" library="SeleniumLibrary">
<arg>route=account/login</arg>
<doc>Verifies that the current URL contains ``expected``.</doc>
<msg timestamp="20260219 18:16:59.270" level="INFO">Current location contains 'route=account/login'.</msg>
<status status="PASS" starttime="20260219 18:16:59.252" endtime="20260219 18:16:59.270"/>
</kw>
<kw name="Log To Console" library="BuiltIn">
<arg>Logging in with Email: ${EMAIL}</arg>
<doc>Logs the given message to the console.</doc>
<status status="PASS" starttime="20260219 18:16:59.270" endtime="20260219 18:16:59.271"/>
</kw>
<kw name="Input Text" library="SeleniumLibrary">
<arg>${EMAIL_INPUT}</arg>
<arg>${EMAIL}</arg>
<doc>Types the given ``text`` into the text field identified by ``locator``.</doc>
<msg timestamp="20260219 18:16:59.272" level="INFO">Typing text 'test_user_6760@gmail.com' into text field 'id=input-email'.</msg>
<status status="PASS" starttime="20260219 18:16:59.271" endtime="20260219 18:16:59.576"/>
</kw>
<kw name="Input Text" library="SeleniumLibrary">
<arg>${PASSWORD_INPUT}</arg>
<arg>${password}</arg>
<doc>Types the given ``text`` into the text field identified by ``locator``.</doc>
<msg timestamp="20260219 18:16:59.578" level="INFO">Typing text 'Rupesh@123' into text field 'id=input-password'.</msg>
<status status="PASS" starttime="20260219 18:16:59.577" endtime="20260219 18:16:59.722"/>
</kw>
<kw name="Click Button" library="SeleniumLibrary">
<arg>${LOGIN_BUTTON}</arg>
<doc>Clicks the button identified by ``locator``.</doc>
<msg timestamp="20260219 18:16:59.723" level="INFO">Clicking button 'css=input.btn.btn-primary[value="Login"]'.</msg>
<status status="PASS" starttime="20260219 18:16:59.722" endtime="20260219 18:16:59.841"/>
</kw>
<kw name="Wait Until Page Contains" library="SeleniumLibrary">
<arg>My Account</arg>
<doc>Waits until ``text`` appears on the current page.</doc>
<status status="PASS" starttime="20260219 18:16:59.842" endtime="20260219 18:17:01.125"/>
</kw>
<kw name="Wait Until Element Is Visible" library="SeleniumLibrary">
<arg>${MY_ACCOUNT_HEADING}</arg>
<doc>Waits until the element ``locator`` is visible.</doc>
<status status="PASS" starttime="20260219 18:17:01.126" endtime="20260219 18:17:01.157"/>
</kw>
<kw name="Page Should Contain" library="SeleniumLibrary">
<arg>My Account</arg>
<doc>Verifies that current page contains ``text``.</doc>
<msg timestamp="20260219 18:17:01.175" level="INFO">Current page contains text 'My Account'.</msg>
<status status="PASS" starttime="20260219 18:17:01.157" endtime="20260219 18:17:01.176"/>
</kw>
<kw name="Location Should Contain" library="SeleniumLibrary">
<arg>route=account/account</arg>
<doc>Verifies that the current URL contains ``expected``.</doc>
<msg timestamp="20260219 18:17:01.183" level="INFO">Current location contains 'route=account/account'.</msg>
<status status="PASS" starttime="20260219 18:17:01.176" endtime="20260219 18:17:01.183"/>
</kw>
<kw name="Log To Console" library="BuiltIn">
<arg>Login Successful After Logout</arg>
<doc>Logs the given message to the console.</doc>
<status status="PASS" starttime="20260219 18:17:01.183" endtime="20260219 18:17:01.184"/>
</kw>
<status status="PASS" starttime="20260219 18:16:54.699" endtime="20260219 18:17:01.185"/>
</kw>
<kw name="Search Products" library="search_keywords">
<kw name="Go To" library="SeleniumLibrary">
<arg>${BASE_URL}</arg>
<doc>Navigates the current browser window to the provided ``url``.</doc>
<msg timestamp="20260219 18:17:01.187" level="INFO">Opening url 'https://ecommerce-playground.lambdatest.io/index.php'</msg>
<status status="PASS" starttime="20260219 18:17:01.186" endtime="20260219 18:17:01.650"/>
</kw>
<kw name="Location Should Contain" library="SeleniumLibrary">
<arg>index.php</arg>
<doc>Verifies that the current URL contains ``expected``.</doc>
<msg timestamp="20260219 18:17:02.322" level="INFO">Current location contains 'index.php'.</msg>
<status status="PASS" starttime="20260219 18:17:01.650" endtime="20260219 18:17:02.322"/>
</kw>
<kw name="Page Should Contain" library="SeleniumLibrary">
<arg>Search</arg>
<doc>Verifies that current page contains ``text``.</doc>
<msg timestamp="20260219 18:17:02.360" level="INFO">Current page contains text 'Search'.</msg>
<status status="PASS" starttime="20260219 18:17:02.322" endtime="20260219 18:17:02.360"/>
</kw>
<kw name="Wait Until Element Is Visible" library="SeleniumLibrary">
<arg>${SEARCH_BOX}</arg>
<doc>Waits until the element ``locator`` is visible.</doc>
<status status="PASS" starttime="20260219 18:17:02.360" endtime="20260219 18:17:02.404"/>
</kw>
<kw name="Element Should Be Visible" library="SeleniumLibrary">
<arg>${SEARCH_BOX}</arg>
<doc>Verifies that the element identified by ``locator`` is visible.</doc>
<msg timestamp="20260219 18:17:02.469" level="INFO">Element 'name=search' is displayed.</msg>
<status status="PASS" starttime="20260219 18:17:02.404" endtime="20260219 18:17:02.469"/>
</kw>
<kw name="Element Should Be Enabled" library="SeleniumLibrary">
<arg>${SEARCH_BOX}</arg>
<doc>Verifies that element identified by ``locator`` is enabled.</doc>
<status status="PASS" starttime="20260219 18:17:02.469" endtime="20260219 18:17:02.506"/>
</kw>
<status status="PASS" starttime="20260219 18:17:01.186" endtime="20260219 18:17:02.507"/>
</kw>
<kw name="input search" library="search_keywords">
<arg>${product}</arg>
<kw name="Clear Element Text" library="SeleniumLibrary">
<arg>${SEARCH_BOX}</arg>
<doc>Clears the value of the text-input-element identified by ``locator``.</doc>
<status status="PASS" starttime="20260219 18:17:02.508" endtime="20260219 18:17:02.555"/>
</kw>
<kw name="Input Text" library="SeleniumLibrary">
<arg>${SEARCH_BOX}</arg>
<arg>${product}</arg>
<doc>Types the given ``text`` into the text field identified by ``locator``.</doc>
<msg timestamp="20260219 18:17:02.556" level="INFO">Typing text 'nikon d300' into text field 'name=search'.</msg>
<status status="PASS" starttime="20260219 18:17:02.555" endtime="20260219 18:17:02.697"/>
</kw>
[...]
<arg>Wait Until Element Is Visible</arg>
<arg>${CART_SUCCESS_MSG}</arg>
<arg>5s</arg>
<doc>Runs the given keyword with given arguments and returns the status as a Boolean value.</doc>
<kw name="Wait Until Element Is Visible" library="SeleniumLibrary">
<arg>${CART_SUCCESS_MSG}</arg>
<arg>5s</arg>
<doc>Waits until the element ``locator`` is visible.</doc>
<status status="PASS" starttime="20260219 18:19:36.899" endtime="20260219 18:19:36.944"/>
</kw>
<msg timestamp="20260219 18:19:36.944" level="INFO">${success} = True</msg>
<status status="PASS" starttime="20260219 18:19:36.899" endtime="20260219 18:19:36.944"/>
</kw>
<if>
<branch type="IF" condition="not ${success}">
<kw name="Log To Console" library="BuiltIn">
<arg>⚠️ No success message appeared. Product may not be added.</arg>
<doc>Logs the given message to the console.</doc>
<status status="NOT RUN" starttime="20260219 18:19:36.946" endtime="20260219 18:19:36.946"/>
</kw>
<kw name="Return From Keyword" library="BuiltIn">
<doc>Returns from the enclosing user keyword.</doc>
<status status="NOT RUN" starttime="20260219 18:19:36.947" endtime="20260219 18:19:36.947"/>
</kw>
<status status="NOT RUN" starttime="20260219 18:19:36.946" endtime="20260219 18:19:36.947"/>
</branch>
<status status="PASS" starttime="20260219 18:19:36.946" endtime="20260219 18:19:36.947"/>
</if>
<kw name="Log To Console" library="BuiltIn">
<arg>✅ Product Added To Cart Successfully!</arg>
<doc>Logs the given message to the console.</doc>
<status status="PASS" starttime="20260219 18:19:36.947" endtime="20260219 18:19:36.948"/>
</kw>
<kw name="Wait Until Element Is Visible" library="SeleniumLibrary">
<arg>${VIEW_CART_BTN}</arg>
<doc>Waits until the element ``locator`` is visible.</doc>
<status status="PASS" starttime="20260219 18:19:36.948" endtime="20260219 18:19:37.009"/>
</kw>
<kw name="Element Should Be Visible" library="SeleniumLibrary">
<arg>${VIEW_CART_BTN}</arg>
<doc>Verifies that the element identified by ``locator`` is visible.</doc>
<msg timestamp="20260219 18:19:37.057" level="INFO">Element 'xpath=//a[normalize-space()="View Cart"]' is displayed.</msg>
<status status="PASS" starttime="20260219 18:19:37.009" endtime="20260219 18:19:37.058"/>
</kw>
<status status="PASS" starttime="20260219 18:19:33.347" endtime="20260219 18:19:37.058"/>
</kw>
<kw name="Update Cart Quantity And Remove Item" library="cart_update_remove_keywords">
<kw name="Run Keyword And Return Status" library="BuiltIn">
<var>${cart_visible}</var>
<arg>Wait Until Element Is Visible</arg>
<arg>${VIEW_CART_BTN}</arg>
<arg>5s</arg>
<doc>Runs the given keyword with given arguments and returns the status as a Boolean value.</doc>
<kw name="Wait Until Element Is Visible" library="SeleniumLibrary">
<arg>${VIEW_CART_BTN}</arg>
<arg>5s</arg>
<doc>Waits until the element ``locator`` is visible.</doc>
<status status="PASS" starttime="20260219 18:19:37.059" endtime="20260219 18:19:37.091"/>
</kw>
<msg timestamp="20260219 18:19:37.091" level="INFO">${cart_visible} = True</msg>
<status status="PASS" starttime="20260219 18:19:37.059" endtime="20260219 18:19:37.091"/>
</kw>
<if>
<branch type="IF" condition="not ${cart_visible}">
<kw name="Log To Console" library="BuiltIn">
<arg>⚠️ View Cart button not available. Cart may be empty. Skipping Update/Remove...</arg>
<doc>Logs the given message to the console.</doc>
<status status="NOT RUN" starttime="20260219 18:19:37.091" endtime="20260219 18:19:37.091"/>
</kw>
<kw name="Return From Keyword" library="BuiltIn">
<doc>Returns from the enclosing user keyword.</doc>
<status status="NOT RUN" starttime="20260219 18:19:37.092" endtime="20260219 18:19:37.092"/>
</kw>
<status status="NOT RUN" starttime="20260219 18:19:37.091" endtime="20260219 18:19:37.092"/>
</branch>
<status status="PASS" starttime="20260219 18:19:37.091" endtime="20260219 18:19:37.092"/>
</if>
<kw name="Click Element" library="SeleniumLibrary">
<arg>${VIEW_CART_BTN}</arg>
<doc>Click the element identified by ``locator``.</doc>
<msg timestamp="20260219 18:19:37.093" level="INFO">Clicking element 'xpath=//a[normalize-space()="View Cart"]'.</msg>
<status status="PASS" starttime="20260219 18:19:37.092" endtime="20260219 18:19:38.334"/>
</kw>
<kw name="Wait Until Element Is Visible" library="SeleniumLibrary">
<arg>${CART_HEADING}</arg>
<arg>5s</arg>
<doc>Waits until the element ``locator`` is visible.</doc>
<status status="PASS" starttime="20260219 18:19:38.334" endtime="20260219 18:19:38.369"/>
</kw>
<kw name="Log To Console" library="BuiltIn">
<arg>✅ Shopping Cart Page Opened</arg>
<doc>Logs the given message to the console.</doc>
<status status="PASS" starttime="20260219 18:19:38.370" endtime="20260219 18:19:38.370"/>
</kw>
<kw name="Run Keyword And Return Status" library="BuiltIn">
<var>${qty_present}</var>
<arg>Wait Until Element Is Visible</arg>
<arg>${QTY_BOX}</arg>
<arg>5s</arg>
<doc>Runs the given keyword with given arguments and returns the status as a Boolean value.</doc>
<kw name="Wait Until Element Is Visible" library="SeleniumLibrary">
<arg>${QTY_BOX}</arg>
<arg>5s</arg>
<doc>Waits until the element ``locator`` is visible.</doc>
<status status="PASS" starttime="20260219 18:19:38.371" endtime="20260219 18:19:38.411"/>
</kw>
<msg timestamp="20260219 18:19:38.411" level="INFO">${qty_present} = True</msg>
<status status="PASS" starttime="20260219 18:19:38.371" endtime="20260219 18:19:38.411"/>
</kw>
<if>
<branch type="IF" condition="not ${qty_present}">
<kw name="Log To Console" library="BuiltIn">
<arg>⚠️ No items found in cart. Skipping update/remove...</arg>
<doc>Logs the given message to the console.</doc>
<status status="NOT RUN" starttime="20260219 18:19:38.412" endtime="20260219 18:19:38.412"/>
</kw>
<kw name="Return From Keyword" library="BuiltIn">
<doc>Returns from the enclosing user keyword.</doc>
<status status="NOT RUN" starttime="20260219 18:19:38.412" endtime="20260219 18:19:38.412"/>
</kw>
<status status="NOT RUN" starttime="20260219 18:19:38.411" endtime="20260219 18:19:38.413"/>
</branch>
<status status="PASS" starttime="20260219 18:19:38.411" endtime="20260219 18:19:38.413"/>
</if>
<kw name="Clear Element Text" library="SeleniumLibrary">
<arg>${QTY_BOX}</arg>
<doc>Clears the value of the text-input-element identified by ``locator``.</doc>
<status status="PASS" starttime="20260219 18:19:38.413" endtime="20260219 18:19:38.478"/>
</kw>
<kw name="Input Text" library="SeleniumLibrary">
<arg>${QTY_BOX}</arg>
<arg>2</arg>
<doc>Types the given ``text`` into the text field identified by ``locator``.</doc>
<msg timestamp="20260219 18:19:38.479" level="INFO">Typing text '2' into text field 'xpath=//input[contains(@name,"quantity")]'.</msg>
<status status="PASS" starttime="20260219 18:19:38.478" endtime="20260219 18:19:38.615"/>
</kw>
<kw name="Textfield Value Should Be" library="SeleniumLibrary">
<arg>${QTY_BOX}</arg>
<arg>2</arg>
<doc>Verifies text field ``locator`` has exactly text ``expected``.</doc>
<msg timestamp="20260219 18:19:38.665" level="INFO">Content of text field 'xpath=//input[contains(@name,"quantity")]' is '2'.</msg>
<status status="PASS" starttime="20260219 18:19:38.615" endtime="20260219 18:19:38.665"/>
</kw>
<kw name="Run Keyword And Return Status" library="BuiltIn">
<var>${update_enabled}</var>
<arg>Element Should Be Enabled</arg>
<arg>${UPDATE_BTN}</arg>
<doc>Runs the given keyword with given arguments and returns the status as a Boolean value.</doc>
<kw name="Element Should Be Enabled" library="SeleniumLibrary">
<arg>${UPDATE_BTN}</arg>
<doc>Verifies that element identified by ``locator`` is enabled.</doc>
<status status="PASS" starttime="20260219 18:19:38.666" endtime="20260219 18:19:38.708"/>
</kw>
<msg timestamp="20260219 18:19:38.708" level="INFO">${update_enabled} = True</msg>
<status status="PASS" starttime="20260219 18:19:38.666" endtime="20260219 18:19:38.708"/>
</kw>
<if>
<branch type="IF" condition="not ${update_enabled}">
<kw name="Log To Console" library="BuiltIn">
<arg>⚠️ Update button not enabled. Skipping...</arg>
<doc>Logs the given message to the console.</doc>
<status status="NOT RUN" starttime="20260219 18:19:38.709" endtime="20260219 18:19:38.709"/>
</kw>
<kw name="Return From Keyword" library="BuiltIn">
<doc>Returns from the enclosing user keyword.</doc>
<status status="NOT RUN" starttime="20260219 18:19:38.709" endtime="20260219 18:19:38.709"/>
</kw>
<status status="NOT RUN" starttime="20260219 18:19:38.709" endtime="20260219 18:19:38.709"/>
</branch>
<status status="PASS" starttime="20260219 18:19:38.708" endtime="20260219 18:19:38.709"/>
</if>
<kw name="Click Element" library="SeleniumLibrary">
<arg>${UPDATE_BTN}</arg>
<doc>Click the element identified by ``locator``.</doc>
<msg timestamp="20260219 18:19:38.710" level="INFO">Clicking element 'xpath=//*[@id="content"]/form/div/table/tbody/tr/td[4]/div/div/button[1]'.</msg>
<status status="PASS" starttime="20260219 18:19:38.709" endtime="20260219 18:19:39.942"/>
</kw>
<kw name="Run Keyword And Return Status" library="BuiltIn">
<var>${update_msg}</var>
<arg>Page Should Contain</arg>
<arg>Success: You have modified your shopping cart</arg>
<doc>Runs the given keyword with given arguments and returns the status as a Boolean value.</doc>
<kw name="Page Should Contain" library="SeleniumLibrary">
<arg>Success: You have modified your shopping cart</arg>
<doc>Verifies that current page contains ``text``.</doc>
<msg timestamp="20260219 18:19:39.960" level="INFO">Current page contains text 'Success: You have modified your shopping cart'.</msg>
<status status="PASS" starttime="20260219 18:19:39.943" endtime="20260219 18:19:39.960"/>
</kw>
<msg timestamp="20260219 18:19:39.960" level="INFO">${update_msg} = True</msg>
<status status="PASS" starttime="20260219 18:19:39.942" endtime="20260219 18:19:39.961"/>
</kw>
<if>
<branch type="IF" condition="${update_msg}">
<kw name="Log To Console" library="BuiltIn">
<arg>✅ Quantity Updated Successfully</arg>
<doc>Logs the given message to the console.</doc>
<status status="PASS" starttime="20260219 18:19:39.961" endtime="20260219 18:19:39.962"/>
</kw>
<status status="PASS" starttime="20260219 18:19:39.961" endtime="20260219 18:19:39.962"/>
</branch>
<branch type="ELSE">
<kw name="Log To Console" library="BuiltIn">
<arg>⚠️ Update message not displayed, continuing...</arg>
<doc>Logs the given message to the console.</doc>
<status status="NOT RUN" starttime="20260219 18:19:39.962" endtime="20260219 18:19:39.962"/>
</kw>
<status status="NOT RUN" starttime="20260219 18:19:39.962" endtime="20260219 18:19:39.962"/>
</branch>
<status status="PASS" starttime="20260219 18:19:39.961" endtime="20260219 18:19:39.962"/>
</if>
<kw name="Run Keyword And Return Status" library="BuiltIn">
<var>${remove_enabled}</var>
<arg>Element Should Be Enabled</arg>
<arg>${REMOVE_BTN}</arg>
<doc>Runs the given keyword with given arguments and returns the status as a Boolean value.</doc>
<kw name="Element Should Be Enabled" library="SeleniumLibrary">
<arg>${REMOVE_BTN}</arg>
<doc>Verifies that element identified by ``locator`` is enabled.</doc>
<status status="PASS" starttime="20260219 18:19:39.963" endtime="20260219 18:19:40.017"/>
</kw>
<msg timestamp="20260219 18:19:40.018" level="INFO">${remove_enabled} = True</msg>
<status status="PASS" starttime="20260219 18:19:39.963" endtime="20260219 18:19:40.018"/>
</kw>
<if>
<branch type="IF" condition="not ${remove_enabled}">
<kw name="Log To Console" library="BuiltIn">
<arg>⚠️ Remove button not enabled. Skipping...</arg>
<doc>Logs the given message to the console.</doc>
<status status="NOT RUN" starttime="20260219 18:19:40.018" endtime="20260219 18:19:40.018"/>
</kw>
<kw name="Return From Keyword" library="BuiltIn">
<doc>Returns from the enclosing user keyword.</doc>
<status status="NOT RUN" starttime="20260219 18:19:40.019" endtime="20260219 18:19:40.019"/>
</kw>
<status status="NOT RUN" starttime="20260219 18:19:40.018" endtime="20260219 18:19:40.019"/>
</branch>
<status status="PASS" starttime="20260219 18:19:40.018" endtime="20260219 18:19:40.019"/>
</if>
<kw name="Click Element" library="SeleniumLibrary">
<arg>${REMOVE_BTN}</arg>
<doc>Click the element identified by ``locator``.</doc>
<msg timestamp="20260219 18:19:40.020" level="INFO">Clicking element 'xpath=//*[@id="content"]/form/div/table/tbody/tr/td[4]/div/div/button[2]'.</msg>
<status status="PASS" starttime="20260219 18:19:40.019" endtime="20260219 18:19:40.122"/>
</kw>
<kw name="Sleep" library="BuiltIn">
<arg>2s</arg>
<doc>Pauses the test executed for the given time.</doc>
<msg timestamp="20260219 18:19:42.123" level="INFO">Slept 2 seconds</msg>
<status status="PASS" starttime="20260219 18:19:40.122" endtime="20260219 18:19:42.124"/>
</kw>
<kw name="Run Keyword And Return Status" library="BuiltIn">
<var>${empty_cart}</var>
<arg>Wait Until Page Contains</arg>
<arg>Your shopping cart is empty!</arg>
<arg>5s</arg>
<doc>Runs the given keyword with given arguments and returns the status as a Boolean value.</doc>
<kw name="Wait Until Page Contains" library="SeleniumLibrary">
<arg>Your shopping cart is empty!</arg>
<arg>5s</arg>
<doc>Waits until ``text`` appears on the current page.</doc>
<status status="PASS" starttime="20260219 18:19:42.124" endtime="20260219 18:19:42.149"/>
</kw>
<msg timestamp="20260219 18:19:42.150" level="INFO">${empty_cart} = True</msg>
<status status="PASS" starttime="20260219 18:19:42.124" endtime="20260219 18:19:42.150"/>
</kw>
<if>
<branch type="IF" condition="${empty_cart}">
<kw name="Log To Console" library="BuiltIn">
<arg>✅ Item Removed Successfully and Cart is Empty</arg>
<doc>Logs the given message to the console.</doc>
<status status="PASS" starttime="20260219 18:19:42.150" endtime="20260219 18:19:42.151"/>
</kw>
<status status="PASS" starttime="20260219 18:19:42.150" endtime="20260219 18:19:42.151"/>
</branch>
<branch type="ELSE">
<kw name="Log To Console" library="BuiltIn">
<arg>⚠️ Cart empty message not shown.</arg>
<doc>Logs the given message to the console.</doc>
<status status="NOT RUN" starttime="20260219 18:19:42.152" endtime="20260219 18:19:42.152"/>
</kw>
<status status="NOT RUN" starttime="20260219 18:19:42.151" endtime="20260219 18:19:42.152"/>
</branch>
<status status="PASS" starttime="20260219 18:19:42.150" endtime="20260219 18:19:42.152"/>
</if>
<status status="PASS" starttime="20260219 18:19:37.058" endtime="20260219 18:19:42.152"/>
</kw>
<kw name="Logout User Successfully" library="logout_keywords">
<kw name="Wait Until Element Is Visible" library="SeleniumLibrary">
<arg>${MY_ACCOUNT_MENU}</arg>
<doc>Waits until the element ``locator`` is visible.</doc>
<status status="PASS" starttime="20260219 18:19:42.153" endtime="20260219 18:19:42.200"/>
</kw>
<kw name="Click Element" library="SeleniumLibrary">
<arg>${MY_ACCOUNT_MENU}</arg>
<doc>Click the element identified by ``locator``.</doc>
<msg timestamp="20260219 18:19:42.202" level="INFO">Clicking element 'xpath=//a[contains(@href,"route=account/account") and contains(@class,"dropdown-toggle")]'.</msg>
<status status="PASS" starttime="20260219 18:19:42.201" endtime="20260219 18:19:43.193"/>
</kw>
<kw name="Sleep" library="BuiltIn">
<arg>1s</arg>
<doc>Pauses the test executed for the given time.</doc>
<msg timestamp="20260219 18:19:44.194" level="INFO">Slept 1 second</msg>
<status status="PASS" starttime="20260219 18:19:43.193" endtime="20260219 18:19:44.195"/>
</kw>
<kw name="Wait Until Element Is Visible" library="SeleniumLibrary">
<arg>${LOGOUT_LINK}</arg>
<doc>Waits until the element ``locator`` is visible.</doc>
<status status="PASS" starttime="20260219 18:19:44.195" endtime="20260219 18:19:44.229"/>
</kw>
<kw name="Element Should Be Visible" library="SeleniumLibrary">
<arg>${LOGOUT_LINK}</arg>
<doc>Verifies that the element identified by ``locator`` is visible.</doc>
<msg timestamp="20260219 18:19:44.283" level="INFO">Element 'xpath=//a[contains(@href,"route=account/logout") and contains(text(),"Logout")]' is displayed.</msg>
<status status="PASS" starttime="20260219 18:19:44.230" endtime="20260219 18:19:44.283"/>
</kw>
<kw name="Click Element" library="SeleniumLibrary">
<arg>${LOGOUT_LINK}</arg>
<doc>Click the element identified by ``locator``.</doc>
<msg timestamp="20260219 18:19:44.284" level="INFO">Clicking element 'xpath=//a[contains(@href,"route=account/logout") and contains(text(),"Logout")]'.</msg>
<status status="PASS" starttime="20260219 18:19:44.283" endtime="20260219 18:19:45.847"/>
</kw>
<kw name="Wait Until Element Is Visible" library="SeleniumLibrary">
<arg>${LOGOUT_TEXT}</arg>
<doc>Waits until the element ``locator`` is visible.</doc>
<status status="PASS" starttime="20260219 18:19:45.848" endtime="20260219 18:19:45.891"/>
</kw>
<kw name="Element Should Be Visible" library="SeleniumLibrary">
<arg>${LOGOUT_TEXT}</arg>
<doc>Verifies that the element identified by ``locator`` is visible.</doc>
<msg timestamp="20260219 18:19:45.928" level="INFO">Element 'xpath=//h1[contains(text(),"Account Logout")]' is displayed.</msg>
<status status="PASS" starttime="20260219 18:19:45.891" endtime="20260219 18:19:45.928"/>
</kw>
<kw name="Page Should Contain" library="SeleniumLibrary">
<arg>Account Logout</arg>
<doc>Verifies that current page contains ``text``.</doc>
<msg timestamp="20260219 18:19:45.959" level="INFO">Current page contains text 'Account Logout'.</msg>
<status status="PASS" starttime="20260219 18:19:45.929" endtime="20260219 18:19:45.959"/>
</kw>
<kw name="Location Should Contain" library="SeleniumLibrary">
<arg>route=account/logout</arg>
<doc>Verifies that the current URL contains ``expected``.</doc>
<msg timestamp="20260219 18:19:45.969" level="INFO">Current location contains 'route=account/logout'.</msg>
<status status="PASS" starttime="20260219 18:19:45.959" endtime="20260219 18:19:45.969"/>
</kw>
<kw name="Log To Console" library="BuiltIn">
<arg>Logout Completed Successfully</arg>
<doc>Logs the given message to the console.</doc>
<status status="PASS" starttime="20260219 18:19:45.970" endtime="20260219 18:19:45.971"/>
</kw>
<status status="PASS" starttime="20260219 18:19:42.152" endtime="20260219 18:19:45.971"/>
</kw>
<status status="PASS" starttime="20260219 18:19:08.041" endtime="20260219 18:19:45.972"/>
</kw>
<kw name="Capture Screenshot On Failure" library="common" type="TEARDOWN">
<kw name="Run Keyword If Test Failed" library="BuiltIn">
<arg>Capture Page Screenshot</arg>
<doc>Runs the given keyword with the given arguments, if the test failed.</doc>
<status status="PASS" starttime="20260219 18:19:46.011" endtime="20260219 18:19:46.012"/>
</kw>
<status status="PASS" starttime="20260219 18:19:46.001" endtime="20260219 18:19:46.012"/>
</kw>
<status status="PASS" starttime="20260219 18:19:08.032" endtime="20260219 18:19:46.016"/>
</test>
<kw name="Close Site" library="common" type="TEARDOWN">
<kw name="Close Browser" library="SeleniumLibrary">
<doc>Closes the current browser.</doc>
<status status="PASS" starttime="20260219 18:19:46.026" endtime="20260219 18:19:48.598"/>
</kw>
<status status="PASS" starttime="20260219 18:19:46.023" endtime="20260219 18:19:48.598"/>
</kw>
<status status="PASS" starttime="20260219 18:15:38.552" endtime="20260219 18:19:48.598"/>
</suite>
<status status="PASS" starttime="20260219 18:15:38.505" endtime="20260219 18:19:48.601"/>
</suite>
<statistics>
<total>
<stat pass="6" fail="0" skip="0">All Tests</stat>
</total>
<tag>
</tag>
<suite>
<stat pass="6" fail="0" skip="0" id="s1" name="TEST E2E USER FLOW">TEST E2E USER FLOW</stat>
<stat pass="6" fail="0" skip="0" id="s1-s1" name="Tc0 Endtoend Users Flow">TEST E2E USER FLOW.Tc0 Endtoend Users Flow</stat>
</suite>
</statistics>
<errors>
</errors>
</robot>
