<?xml version="1.0" encoding="utf-8"?><testsuites name="pytest tests"><testsuite name="pytest" errors="0" failures="0" skipped="0" tests="3" time="1.230" timestamp="2026-01-28T18:27:51.635010+05:30" hostname="LAPTOP-AGKHP7SR"><testcase classname="test_functional_testing" name="test_user_login_flow" time="0.001" /><testcase classname="test_functional_testing" name="test_user_registration_flow" time="0.001" /><testcase classname="test_functional_testing" name="test_user_dashboard_access" time="0.000" /></testsuite></testsuites>